Action.c(14): CA	[MsgId: MMSG-17999]
Action.c(14): AL	[MsgId: MMSG-17999]
Action.c(14): CA	[MsgId: MMSG-17999]
Action.c(14): AL	[MsgId: MMSG-17999]
Action.c(14): VI	[MsgId: MMSG-17999]
Action.c(14): CA	[MsgId: MMSG-17999]
Action.c(14): AL	[MsgId: MMSG-17999]
Action.c(14): VI	[MsgId: MMSG-17999]
Action.c(14): VA	[MsgId: MMSG-17999]
Action.c(14): CA	[MsgId: MMSG-17999]
Action.c(14): AL	[MsgId: MMSG-17999]
Action.c(14): VI	[MsgId: MMSG-17999]
Action.c(14): VA	[MsgId: MMSG-17999]
Action.c(14): CA	[MsgId: MMSG-17999]
Action.c(14): CT	[MsgId: MMSG-17999]
Action.c(14): AL	[MsgId: MMSG-17999]
Action.c(14): VI	[MsgId: MMSG-17999]
Action.c(14): VA	[MsgId: MMSG-17999]
Action.c(14): CA	[MsgId: MMSG-17999]
Action.c(14): CT	[MsgId: MMSG-17999]
Action.c(14): AL	[MsgId: MMSG-17999]
Action.c(14): VI	[MsgId: MMSG-17999]
Action.c(14): VA	[MsgId: MMSG-17999]
Action.c(14): CA	[MsgId: MMSG-17999]
Action.c(14): CT	[MsgId: MMSG-17999]
Action.c(14): AL	[MsgId: MMSG-17999]
Action.c(14): VI	[MsgId: MMSG-17999]
Action.c(14): VA	[MsgId: MMSG-17999]
Action.c(14): CA	[MsgId: MMSG-17999]
Action.c(14): CT	[MsgId: MMSG-17999]
Action.c(14): AL	[MsgId: MMSG-17999]
Action.c(14): VI	[MsgId: MMSG-17999]
Action.c(14): VA	[MsgId: MMSG-17999]
Action.c(14): CA	[MsgId: MMSG-17999]
Action.c(14): CT	[MsgId: MMSG-17999]
Action.c(14): AL	[MsgId: MMSG-17999]
Action.c(14): VI	[MsgId: MMSG-17999]
Action.c(14): VA	[MsgId: MMSG-17999]
Action.c(14): CA	[MsgId: MMSG-17999]
Action.c(14): CT	[MsgId: MMSG-17999]
