Action.c(14): OR	[MsgId: MMSG-17999]
Action.c(14): IA	[MsgId: MMSG-17999]
Action.c(14): AR	[MsgId: MMSG-17999]
Action.c(14): SC	[MsgId: MMSG-17999]
Action.c(14): MD	[MsgId: MMSG-17999]
Action.c(14): NY	[MsgId: MMSG-17999]
Action.c(14): WA	[MsgId: MMSG-17999]
Action.c(14): FM	[MsgId: MMSG-17999]
Action.c(14): CO	[MsgId: MMSG-17999]
Action.c(14): SD	[MsgId: MMSG-17999]
Action.c(14): SC	[MsgId: MMSG-17999]
Action.c(14): TX	[MsgId: MMSG-17999]
Action.c(14): WI	[MsgId: MMSG-17999]
Action.c(14): VI	[MsgId: MMSG-17999]
Action.c(14): IL	[MsgId: MMSG-17999]
Action.c(14): OH	[MsgId: MMSG-17999]
Action.c(14): ME	[MsgId: MMSG-17999]
Action.c(14): TX	[MsgId: MMSG-17999]
Action.c(14): NV	[MsgId: MMSG-17999]
Action.c(14): ME	[MsgId: MMSG-17999]
Action.c(14): ME	[MsgId: MMSG-17999]
Action.c(14): AL	[MsgId: MMSG-17999]
Action.c(14): WV	[MsgId: MMSG-17999]
Action.c(14): NE	[MsgId: MMSG-17999]
Action.c(14): HI	[MsgId: MMSG-17999]
Action.c(14): MT	[MsgId: MMSG-17999]
Action.c(14): RI	[MsgId: MMSG-17999]
Action.c(14): AS	[MsgId: MMSG-17999]
Action.c(14): GA	[MsgId: MMSG-17999]
Action.c(14): PR	[MsgId: MMSG-17999]
Action.c(14): IL	[MsgId: MMSG-17999]
Action.c(14): NJ	[MsgId: MMSG-17999]
Action.c(14): MI	[MsgId: MMSG-17999]
Action.c(14): FL	[MsgId: MMSG-17999]
Action.c(14): WV	[MsgId: MMSG-17999]
Action.c(14): WI	[MsgId: MMSG-17999]
Action.c(14): NY	[MsgId: MMSG-17999]
Action.c(14): PR	[MsgId: MMSG-17999]
Action.c(14): HI	[MsgId: MMSG-17999]
Action.c(14): CA	[MsgId: MMSG-17999]
Action.c(14): WY	[MsgId: MMSG-17999]
Action.c(14): RI	[MsgId: MMSG-17999]
Action.c(14): WV	[MsgId: MMSG-17999]
Action.c(14): ND	[MsgId: MMSG-17999]
Action.c(14): HI	[MsgId: MMSG-17999]
Action.c(14): MD	[MsgId: MMSG-17999]
Action.c(14): MD	[MsgId: MMSG-17999]
Action.c(14): CA	[MsgId: MMSG-17999]
Action.c(14): MS	[MsgId: MMSG-17999]
Action.c(14): VT	[MsgId: MMSG-17999]
Action.c(14): ME	[MsgId: MMSG-17999]
Action.c(14): ME	[MsgId: MMSG-17999]
Action.c(14): ND	[MsgId: MMSG-17999]
Action.c(14): NY	[MsgId: MMSG-17999]
Action.c(14): KS	[MsgId: MMSG-17999]
Action.c(14): OH	[MsgId: MMSG-17999]
Action.c(14): WA	[MsgId: MMSG-17999]
Action.c(14): AS	[MsgId: MMSG-17999]
Action.c(14): ME	[MsgId: MMSG-17999]
Action.c(14): TX	[MsgId: MMSG-17999]
Action.c(14): CO	[MsgId: MMSG-17999]
Action.c(14): PA	[MsgId: MMSG-17999]
Action.c(14): NH	[MsgId: MMSG-17999]
Action.c(14): GU	[MsgId: MMSG-17999]
Action.c(14): OH	[MsgId: MMSG-17999]
Action.c(14): AK	[MsgId: MMSG-17999]
Action.c(14): NC	[MsgId: MMSG-17999]
Action.c(14): WI	[MsgId: MMSG-17999]
Action.c(14): DE	[MsgId: MMSG-17999]
Action.c(14): SC	[MsgId: MMSG-17999]
Action.c(14): AR	[MsgId: MMSG-17999]
Action.c(14): KS	[MsgId: MMSG-17999]
Action.c(14): CT	[MsgId: MMSG-17999]
Action.c(14): NM	[MsgId: MMSG-17999]
Action.c(14): IA	[MsgId: MMSG-17999]
Action.c(14): OK	[MsgId: MMSG-17999]
Action.c(14): NJ	[MsgId: MMSG-17999]
Action.c(14): VA	[MsgId: MMSG-17999]
Action.c(14): SC	[MsgId: MMSG-17999]
Action.c(14): MT	[MsgId: MMSG-17999]
Action.c(14): NV	[MsgId: MMSG-17999]
Action.c(14): OH	[MsgId: MMSG-17999]
Action.c(14): NV	[MsgId: MMSG-17999]
Action.c(14): OK	[MsgId: MMSG-17999]
Action.c(14): CT	[MsgId: MMSG-17999]
Action.c(14): AZ	[MsgId: MMSG-17999]
Action.c(14): CT	[MsgId: MMSG-17999]
Action.c(14): SC	[MsgId: MMSG-17999]
Action.c(14): NE	[MsgId: MMSG-17999]
Action.c(14): ME	[MsgId: MMSG-17999]
Action.c(14): MP	[MsgId: MMSG-17999]
Action.c(14): CO	[MsgId: MMSG-17999]
Action.c(14): OK	[MsgId: MMSG-17999]
Action.c(14): MT	[MsgId: MMSG-17999]
Action.c(14): IN	[MsgId: MMSG-17999]
Action.c(14): NH	[MsgId: MMSG-17999]
Action.c(14): OH	[MsgId: MMSG-17999]
Action.c(14): WV	[MsgId: MMSG-17999]
Action.c(14): CO	[MsgId: MMSG-17999]
Action.c(14): FM	[MsgId: MMSG-17999]
Action.c(14): MT	[MsgId: MMSG-17999]
Action.c(14): GA	[MsgId: MMSG-17999]
Action.c(14): OH	[MsgId: MMSG-17999]
Action.c(14): OK	[MsgId: MMSG-17999]
Action.c(14): UT	[MsgId: MMSG-17999]
Action.c(14): KY	[MsgId: MMSG-17999]
Action.c(14): DE	[MsgId: MMSG-17999]
Action.c(14): OH	[MsgId: MMSG-17999]
Action.c(14): CO	[MsgId: MMSG-17999]
Action.c(14): FL	[MsgId: MMSG-17999]
Action.c(14): TX	[MsgId: MMSG-17999]
Action.c(14): WA	[MsgId: MMSG-17999]
Action.c(14): NJ	[MsgId: MMSG-17999]
Action.c(14): DC	[MsgId: MMSG-17999]
Action.c(14): FM	[MsgId: MMSG-17999]
Action.c(14): OK	[MsgId: MMSG-17999]
Action.c(14): WA	[MsgId: MMSG-17999]
Action.c(14): NC	[MsgId: MMSG-17999]
Action.c(14): DC	[MsgId: MMSG-17999]
Action.c(14): PR	[MsgId: MMSG-17999]
Action.c(14): RI	[MsgId: MMSG-17999]
