Action.c(15): AK	[MsgId: MMSG-17999]
Action.c(15): AK	[MsgId: MMSG-17999]
Action.c(15): AZ	[MsgId: MMSG-17999]
Action.c(15): AZ	[MsgId: MMSG-17999]
Action.c(15): AK	[MsgId: MMSG-17999]
Action.c(15): CA	[MsgId: MMSG-17999]
Action.c(15): CA	[MsgId: MMSG-17999]
Action.c(15): AK	[MsgId: MMSG-17999]
Action.c(15): AZ	[MsgId: MMSG-17999]
Action.c(15): CT	[MsgId: MMSG-17999]
Action.c(15): CT	[MsgId: MMSG-17999]
Action.c(15): CA	[MsgId: MMSG-17999]
Action.c(15): AZ	[MsgId: MMSG-17999]
Action.c(15): AK	[MsgId: MMSG-17999]
Action.c(15): DC	[MsgId: MMSG-17999]
Action.c(15): DC	[MsgId: MMSG-17999]
Action.c(15): CA	[MsgId: MMSG-17999]
Action.c(15): CT	[MsgId: MMSG-17999]
Action.c(15): AZ	[MsgId: MMSG-17999]
Action.c(15): GA	[MsgId: MMSG-17999]
Action.c(15): GA	[MsgId: MMSG-17999]
Action.c(15): DC	[MsgId: MMSG-17999]
Action.c(15): CT	[MsgId: MMSG-17999]
Action.c(15): CA	[MsgId: MMSG-17999]
Action.c(15): HI	[MsgId: MMSG-17999]
Action.c(15): HI	[MsgId: MMSG-17999]
Action.c(15): GA	[MsgId: MMSG-17999]
Action.c(15): DC	[MsgId: MMSG-17999]
Action.c(15): CT	[MsgId: MMSG-17999]
Action.c(15): IL	[MsgId: MMSG-17999]
Action.c(15): IL	[MsgId: MMSG-17999]
Action.c(15): HI	[MsgId: MMSG-17999]
Action.c(15): GA	[MsgId: MMSG-17999]
Action.c(15): DC	[MsgId: MMSG-17999]
Action.c(15): IA	[MsgId: MMSG-17999]
Action.c(15): IA	[MsgId: MMSG-17999]
Action.c(15): IL	[MsgId: MMSG-17999]
Action.c(15): HI	[MsgId: MMSG-17999]
Action.c(15): GA	[MsgId: MMSG-17999]
Action.c(15): KY	[MsgId: MMSG-17999]
Action.c(15): KY	[MsgId: MMSG-17999]
Action.c(15): IA	[MsgId: MMSG-17999]
Action.c(15): IL	[MsgId: MMSG-17999]
Action.c(15): HI	[MsgId: MMSG-17999]
Action.c(15): ME	[MsgId: MMSG-17999]
Action.c(15): ME	[MsgId: MMSG-17999]
Action.c(15): KY	[MsgId: MMSG-17999]
Action.c(15): IA	[MsgId: MMSG-17999]
Action.c(15): IL	[MsgId: MMSG-17999]
Action.c(15): MH	[MsgId: MMSG-17999]
Action.c(15): MH	[MsgId: MMSG-17999]
Action.c(15): KY	[MsgId: MMSG-17999]
Action.c(15): ME	[MsgId: MMSG-17999]
Action.c(15): IA	[MsgId: MMSG-17999]
Action.c(15): MI	[MsgId: MMSG-17999]
Action.c(15): MI	[MsgId: MMSG-17999]
Action.c(15): MH	[MsgId: MMSG-17999]
Action.c(15): ME	[MsgId: MMSG-17999]
Action.c(15): KY	[MsgId: MMSG-17999]
Action.c(15): MN	[MsgId: MMSG-17999]
Action.c(15): MN	[MsgId: MMSG-17999]
Action.c(15): MI	[MsgId: MMSG-17999]
Action.c(15): MH	[MsgId: MMSG-17999]
Action.c(15): ME	[MsgId: MMSG-17999]
Action.c(15): MO	[MsgId: MMSG-17999]
Action.c(15): MO	[MsgId: MMSG-17999]
Action.c(15): MI	[MsgId: MMSG-17999]
Action.c(15): MN	[MsgId: MMSG-17999]
Action.c(15): MH	[MsgId: MMSG-17999]
Action.c(15): NE	[MsgId: MMSG-17999]
Action.c(15): NE	[MsgId: MMSG-17999]
Action.c(15): MO	[MsgId: MMSG-17999]
Action.c(15): MN	[MsgId: MMSG-17999]
Action.c(15): MI	[MsgId: MMSG-17999]
Action.c(15): NH	[MsgId: MMSG-17999]
Action.c(15): NH	[MsgId: MMSG-17999]
Action.c(15): NE	[MsgId: MMSG-17999]
Action.c(15): MO	[MsgId: MMSG-17999]
Action.c(15): MN	[MsgId: MMSG-17999]
Action.c(15): NM	[MsgId: MMSG-17999]
Action.c(15): NM	[MsgId: MMSG-17999]
Action.c(15): NE	[MsgId: MMSG-17999]
Action.c(15): NH	[MsgId: MMSG-17999]
Action.c(15): MO	[MsgId: MMSG-17999]
Action.c(15): NC	[MsgId: MMSG-17999]
Action.c(15): NC	[MsgId: MMSG-17999]
Action.c(15): NM	[MsgId: MMSG-17999]
Action.c(15): NH	[MsgId: MMSG-17999]
Action.c(15): NE	[MsgId: MMSG-17999]
Action.c(15): MP	[MsgId: MMSG-17999]
Action.c(15): MP	[MsgId: MMSG-17999]
Action.c(15): NC	[MsgId: MMSG-17999]
Action.c(15): NM	[MsgId: MMSG-17999]
Action.c(15): NH	[MsgId: MMSG-17999]
Action.c(15): OK	[MsgId: MMSG-17999]
Action.c(15): OK	[MsgId: MMSG-17999]
Action.c(15): MP	[MsgId: MMSG-17999]
Action.c(15): NC	[MsgId: MMSG-17999]
Action.c(15): NM	[MsgId: MMSG-17999]
Action.c(15): PW	[MsgId: MMSG-17999]
Action.c(15): PW	[MsgId: MMSG-17999]
Action.c(15): MP	[MsgId: MMSG-17999]
Action.c(15): OK	[MsgId: MMSG-17999]
Action.c(15): NC	[MsgId: MMSG-17999]
Action.c(15): PR	[MsgId: MMSG-17999]
Action.c(15): PR	[MsgId: MMSG-17999]
Action.c(15): PW	[MsgId: MMSG-17999]
Action.c(15): OK	[MsgId: MMSG-17999]
Action.c(15): MP	[MsgId: MMSG-17999]
Action.c(15): SC	[MsgId: MMSG-17999]
Action.c(15): SC	[MsgId: MMSG-17999]
Action.c(15): PR	[MsgId: MMSG-17999]
Action.c(15): PW	[MsgId: MMSG-17999]
Action.c(15): OK	[MsgId: MMSG-17999]
Action.c(15): TN	[MsgId: MMSG-17999]
Action.c(15): TN	[MsgId: MMSG-17999]
Action.c(15): SC	[MsgId: MMSG-17999]
Action.c(15): PR	[MsgId: MMSG-17999]
Action.c(15): PW	[MsgId: MMSG-17999]
Action.c(15): UT	[MsgId: MMSG-17999]
Action.c(15): UT	[MsgId: MMSG-17999]
Action.c(15): SC	[MsgId: MMSG-17999]
Action.c(15): TN	[MsgId: MMSG-17999]
Action.c(15): PR	[MsgId: MMSG-17999]
Action.c(15): VA	[MsgId: MMSG-17999]
Action.c(15): VA	[MsgId: MMSG-17999]
Action.c(15): UT	[MsgId: MMSG-17999]
Action.c(15): TN	[MsgId: MMSG-17999]
Action.c(15): SC	[MsgId: MMSG-17999]
Action.c(15): WA	[MsgId: MMSG-17999]
Action.c(15): WA	[MsgId: MMSG-17999]
Action.c(15): VA	[MsgId: MMSG-17999]
Action.c(15): UT	[MsgId: MMSG-17999]
Action.c(15): TN	[MsgId: MMSG-17999]
Action.c(15): WI	[MsgId: MMSG-17999]
Action.c(15): WI	[MsgId: MMSG-17999]
Action.c(15): WA	[MsgId: MMSG-17999]
Action.c(15): VA	[MsgId: MMSG-17999]
Action.c(15): UT	[MsgId: MMSG-17999]
Action.c(15): AL	[MsgId: MMSG-17999]
Action.c(15): AL	[MsgId: MMSG-17999]
Action.c(15): WI	[MsgId: MMSG-17999]
Action.c(15): WA	[MsgId: MMSG-17999]
Action.c(15): VA	[MsgId: MMSG-17999]
Action.c(15): AS	[MsgId: MMSG-17999]
Action.c(15): AS	[MsgId: MMSG-17999]
Action.c(15): WI	[MsgId: MMSG-17999]
Action.c(15): AL	[MsgId: MMSG-17999]
Action.c(15): WA	[MsgId: MMSG-17999]
Action.c(15): AR	[MsgId: MMSG-17999]
Action.c(15): AR	[MsgId: MMSG-17999]
Action.c(15): AS	[MsgId: MMSG-17999]
Action.c(15): AL	[MsgId: MMSG-17999]
Action.c(15): WI	[MsgId: MMSG-17999]
Action.c(15): CO	[MsgId: MMSG-17999]
Action.c(15): CO	[MsgId: MMSG-17999]
Action.c(15): AR	[MsgId: MMSG-17999]
Action.c(15): AS	[MsgId: MMSG-17999]
Action.c(15): AL	[MsgId: MMSG-17999]
Action.c(15): DE	[MsgId: MMSG-17999]
Action.c(15): DE	[MsgId: MMSG-17999]
Action.c(15): CO	[MsgId: MMSG-17999]
Action.c(15): AR	[MsgId: MMSG-17999]
Action.c(15): AS	[MsgId: MMSG-17999]
Action.c(15): FL	[MsgId: MMSG-17999]
Action.c(15): FL	[MsgId: MMSG-17999]
Action.c(15): DE	[MsgId: MMSG-17999]
Action.c(15): CO	[MsgId: MMSG-17999]
Action.c(15): AR	[MsgId: MMSG-17999]
Action.c(15): GU	[MsgId: MMSG-17999]
Action.c(15): GU	[MsgId: MMSG-17999]
Action.c(15): FL	[MsgId: MMSG-17999]
Action.c(15): DE	[MsgId: MMSG-17999]
Action.c(15): CO	[MsgId: MMSG-17999]
Action.c(15): ID	[MsgId: MMSG-17999]
Action.c(15): ID	[MsgId: MMSG-17999]
Action.c(15): GU	[MsgId: MMSG-17999]
Action.c(15): FL	[MsgId: MMSG-17999]
Action.c(15): DE	[MsgId: MMSG-17999]
Action.c(15): IN	[MsgId: MMSG-17999]
Action.c(15): IN	[MsgId: MMSG-17999]
Action.c(15): ID	[MsgId: MMSG-17999]
Action.c(15): GU	[MsgId: MMSG-17999]
Action.c(15): FL	[MsgId: MMSG-17999]
Action.c(15): KS	[MsgId: MMSG-17999]
Action.c(15): KS	[MsgId: MMSG-17999]
Action.c(15): IN	[MsgId: MMSG-17999]
Action.c(15): ID	[MsgId: MMSG-17999]
Action.c(15): GU	[MsgId: MMSG-17999]
Action.c(15): LA	[MsgId: MMSG-17999]
Action.c(15): LA	[MsgId: MMSG-17999]
Action.c(15): KS	[MsgId: MMSG-17999]
Action.c(15): IN	[MsgId: MMSG-17999]
Action.c(15): ID	[MsgId: MMSG-17999]
Action.c(15): MD	[MsgId: MMSG-17999]
Action.c(15): MD	[MsgId: MMSG-17999]
Action.c(15): LA	[MsgId: MMSG-17999]
Action.c(15): KS	[MsgId: MMSG-17999]
Action.c(15): IN	[MsgId: MMSG-17999]
Action.c(15): MA	[MsgId: MMSG-17999]
Action.c(15): MA	[MsgId: MMSG-17999]
Action.c(15): MD	[MsgId: MMSG-17999]
Action.c(15): LA	[MsgId: MMSG-17999]
Action.c(15): KS	[MsgId: MMSG-17999]
Action.c(15): FM	[MsgId: MMSG-17999]
Action.c(15): FM	[MsgId: MMSG-17999]
Action.c(15): MA	[MsgId: MMSG-17999]
Action.c(15): MD	[MsgId: MMSG-17999]
Action.c(15): LA	[MsgId: MMSG-17999]
Action.c(15): MS	[MsgId: MMSG-17999]
Action.c(15): MS	[MsgId: MMSG-17999]
Action.c(15): MA	[MsgId: MMSG-17999]
Action.c(15): FM	[MsgId: MMSG-17999]
Action.c(15): MD	[MsgId: MMSG-17999]
Action.c(15): MT	[MsgId: MMSG-17999]
Action.c(15): MT	[MsgId: MMSG-17999]
Action.c(15): FM	[MsgId: MMSG-17999]
Action.c(15): MS	[MsgId: MMSG-17999]
Action.c(15): MA	[MsgId: MMSG-17999]
Action.c(15): NV	[MsgId: MMSG-17999]
Action.c(15): NV	[MsgId: MMSG-17999]
Action.c(15): MS	[MsgId: MMSG-17999]
Action.c(15): MT	[MsgId: MMSG-17999]
Action.c(15): FM	[MsgId: MMSG-17999]
Action.c(15): NJ	[MsgId: MMSG-17999]
Action.c(15): NJ	[MsgId: MMSG-17999]
Action.c(15): NV	[MsgId: MMSG-17999]
Action.c(15): MT	[MsgId: MMSG-17999]
Action.c(15): MS	[MsgId: MMSG-17999]
Action.c(15): NY	[MsgId: MMSG-17999]
Action.c(15): NY	[MsgId: MMSG-17999]
Action.c(15): NJ	[MsgId: MMSG-17999]
Action.c(15): NV	[MsgId: MMSG-17999]
Action.c(15): MT	[MsgId: MMSG-17999]
Action.c(15): ND	[MsgId: MMSG-17999]
Action.c(15): ND	[MsgId: MMSG-17999]
Action.c(15): NY	[MsgId: MMSG-17999]
Action.c(15): NJ	[MsgId: MMSG-17999]
Action.c(15): NV	[MsgId: MMSG-17999]
Action.c(15): OH	[MsgId: MMSG-17999]
Action.c(15): OH	[MsgId: MMSG-17999]
Action.c(15): ND	[MsgId: MMSG-17999]
Action.c(15): NY	[MsgId: MMSG-17999]
Action.c(15): NJ	[MsgId: MMSG-17999]
Action.c(15): OR	[MsgId: MMSG-17999]
Action.c(15): OR	[MsgId: MMSG-17999]
Action.c(15): ND	[MsgId: MMSG-17999]
Action.c(15): OH	[MsgId: MMSG-17999]
Action.c(15): NY	[MsgId: MMSG-17999]
Action.c(15): PA	[MsgId: MMSG-17999]
Action.c(15): PA	[MsgId: MMSG-17999]
Action.c(15): OH	[MsgId: MMSG-17999]
Action.c(15): OR	[MsgId: MMSG-17999]
Action.c(15): ND	[MsgId: MMSG-17999]
Action.c(15): RI	[MsgId: MMSG-17999]
Action.c(15): RI	[MsgId: MMSG-17999]
Action.c(15): PA	[MsgId: MMSG-17999]
Action.c(15): OR	[MsgId: MMSG-17999]
Action.c(15): OH	[MsgId: MMSG-17999]
Action.c(15): SD	[MsgId: MMSG-17999]
Action.c(15): SD	[MsgId: MMSG-17999]
Action.c(15): PA	[MsgId: MMSG-17999]
Action.c(15): RI	[MsgId: MMSG-17999]
Action.c(15): OR	[MsgId: MMSG-17999]
Action.c(15): TX	[MsgId: MMSG-17999]
Action.c(15): TX	[MsgId: MMSG-17999]
Action.c(15): RI	[MsgId: MMSG-17999]
Action.c(15): SD	[MsgId: MMSG-17999]
Action.c(15): PA	[MsgId: MMSG-17999]
Action.c(15): VT	[MsgId: MMSG-17999]
Action.c(15): VT	[MsgId: MMSG-17999]
Action.c(15): TX	[MsgId: MMSG-17999]
Action.c(15): SD	[MsgId: MMSG-17999]
Action.c(15): RI	[MsgId: MMSG-17999]
Action.c(15): VI	[MsgId: MMSG-17999]
Action.c(15): VI	[MsgId: MMSG-17999]
Action.c(15): VT	[MsgId: MMSG-17999]
Action.c(15): TX	[MsgId: MMSG-17999]
Action.c(15): SD	[MsgId: MMSG-17999]
Action.c(15): WV	[MsgId: MMSG-17999]
Action.c(15): WV	[MsgId: MMSG-17999]
Action.c(15): VI	[MsgId: MMSG-17999]
Action.c(15): VT	[MsgId: MMSG-17999]
Action.c(15): TX	[MsgId: MMSG-17999]
Action.c(15): WY	[MsgId: MMSG-17999]
Action.c(15): WY	[MsgId: MMSG-17999]
Action.c(15): WV	[MsgId: MMSG-17999]
Action.c(15): VI	[MsgId: MMSG-17999]
Action.c(15): VT	[MsgId: MMSG-17999]
Action.c(15): AK	[MsgId: MMSG-17999]
Action.c(15): AK	[MsgId: MMSG-17999]
Action.c(15): WY	[MsgId: MMSG-17999]
Action.c(15): WV	[MsgId: MMSG-17999]
Action.c(15): VI	[MsgId: MMSG-17999]
Action.c(15): AZ	[MsgId: MMSG-17999]
Action.c(15): AZ	[MsgId: MMSG-17999]
Action.c(15): AK	[MsgId: MMSG-17999]
Action.c(15): WY	[MsgId: MMSG-17999]
Action.c(15): WV	[MsgId: MMSG-17999]
Action.c(15): CA	[MsgId: MMSG-17999]
Action.c(15): CA	[MsgId: MMSG-17999]
Action.c(15): AK	[MsgId: MMSG-17999]
Action.c(15): AZ	[MsgId: MMSG-17999]
Action.c(15): WY	[MsgId: MMSG-17999]
Action.c(15): CT	[MsgId: MMSG-17999]
Action.c(15): CT	[MsgId: MMSG-17999]
Action.c(15): CA	[MsgId: MMSG-17999]
Action.c(15): AZ	[MsgId: MMSG-17999]
Action.c(15): AK	[MsgId: MMSG-17999]
Action.c(15): DC	[MsgId: MMSG-17999]
Action.c(15): DC	[MsgId: MMSG-17999]
Action.c(15): CT	[MsgId: MMSG-17999]
Action.c(15): CA	[MsgId: MMSG-17999]
Action.c(15): AZ	[MsgId: MMSG-17999]
Action.c(15): GA	[MsgId: MMSG-17999]
Action.c(15): GA	[MsgId: MMSG-17999]
Action.c(15): DC	[MsgId: MMSG-17999]
Action.c(15): CT	[MsgId: MMSG-17999]
Action.c(15): CA	[MsgId: MMSG-17999]
Action.c(15): HI	[MsgId: MMSG-17999]
Action.c(15): HI	[MsgId: MMSG-17999]
Action.c(15): GA	[MsgId: MMSG-17999]
Action.c(15): DC	[MsgId: MMSG-17999]
Action.c(15): CT	[MsgId: MMSG-17999]
Action.c(15): IL	[MsgId: MMSG-17999]
Action.c(15): IL	[MsgId: MMSG-17999]
Action.c(15): HI	[MsgId: MMSG-17999]
Action.c(15): GA	[MsgId: MMSG-17999]
Action.c(15): DC	[MsgId: MMSG-17999]
Action.c(15): IA	[MsgId: MMSG-17999]
Action.c(15): IA	[MsgId: MMSG-17999]
Action.c(15): IL	[MsgId: MMSG-17999]
Action.c(15): HI	[MsgId: MMSG-17999]
Action.c(15): GA	[MsgId: MMSG-17999]
Action.c(15): KY	[MsgId: MMSG-17999]
Action.c(15): KY	[MsgId: MMSG-17999]
Action.c(15): IL	[MsgId: MMSG-17999]
Action.c(15): IA	[MsgId: MMSG-17999]
Action.c(15): HI	[MsgId: MMSG-17999]
Action.c(15): ME	[MsgId: MMSG-17999]
Action.c(15): ME	[MsgId: MMSG-17999]
Action.c(15): IA	[MsgId: MMSG-17999]
Action.c(15): KY	[MsgId: MMSG-17999]
Action.c(15): IL	[MsgId: MMSG-17999]
Action.c(15): MH	[MsgId: MMSG-17999]
Action.c(15): MH	[MsgId: MMSG-17999]
Action.c(15): KY	[MsgId: MMSG-17999]
Action.c(15): ME	[MsgId: MMSG-17999]
Action.c(15): IA	[MsgId: MMSG-17999]
Action.c(15): MI	[MsgId: MMSG-17999]
Action.c(15): MI	[MsgId: MMSG-17999]
Action.c(15): MH	[MsgId: MMSG-17999]
Action.c(15): ME	[MsgId: MMSG-17999]
Action.c(15): KY	[MsgId: MMSG-17999]
Action.c(15): MN	[MsgId: MMSG-17999]
Action.c(15): MN	[MsgId: MMSG-17999]
Action.c(15): MH	[MsgId: MMSG-17999]
Action.c(15): MI	[MsgId: MMSG-17999]
Action.c(15): ME	[MsgId: MMSG-17999]
Action.c(15): MO	[MsgId: MMSG-17999]
Action.c(15): MO	[MsgId: MMSG-17999]
Action.c(15): MN	[MsgId: MMSG-17999]
Action.c(15): MI	[MsgId: MMSG-17999]
Action.c(15): MH	[MsgId: MMSG-17999]
Action.c(15): NE	[MsgId: MMSG-17999]
Action.c(15): NE	[MsgId: MMSG-17999]
Action.c(15): MN	[MsgId: MMSG-17999]
Action.c(15): MO	[MsgId: MMSG-17999]
Action.c(15): MI	[MsgId: MMSG-17999]
Action.c(15): NH	[MsgId: MMSG-17999]
Action.c(15): NH	[MsgId: MMSG-17999]
Action.c(15): NE	[MsgId: MMSG-17999]
Action.c(15): MO	[MsgId: MMSG-17999]
Action.c(15): MN	[MsgId: MMSG-17999]
Action.c(15): NM	[MsgId: MMSG-17999]
Action.c(15): NM	[MsgId: MMSG-17999]
Action.c(15): NE	[MsgId: MMSG-17999]
Action.c(15): NH	[MsgId: MMSG-17999]
Action.c(15): MO	[MsgId: MMSG-17999]
Action.c(15): NC	[MsgId: MMSG-17999]
Action.c(15): NC	[MsgId: MMSG-17999]
Action.c(15): NM	[MsgId: MMSG-17999]
Action.c(15): NH	[MsgId: MMSG-17999]
Action.c(15): NE	[MsgId: MMSG-17999]
Action.c(15): MP	[MsgId: MMSG-17999]
Action.c(15): MP	[MsgId: MMSG-17999]
Action.c(15): NM	[MsgId: MMSG-17999]
Action.c(15): NC	[MsgId: MMSG-17999]
Action.c(15): NH	[MsgId: MMSG-17999]
Action.c(15): OK	[MsgId: MMSG-17999]
Action.c(15): OK	[MsgId: MMSG-17999]
Action.c(15): MP	[MsgId: MMSG-17999]
Action.c(15): NC	[MsgId: MMSG-17999]
Action.c(15): NM	[MsgId: MMSG-17999]
Action.c(15): PW	[MsgId: MMSG-17999]
Action.c(15): PW	[MsgId: MMSG-17999]
Action.c(15): OK	[MsgId: MMSG-17999]
Action.c(15): MP	[MsgId: MMSG-17999]
Action.c(15): NC	[MsgId: MMSG-17999]
Action.c(15): PR	[MsgId: MMSG-17999]
Action.c(15): PR	[MsgId: MMSG-17999]
Action.c(15): PW	[MsgId: MMSG-17999]
Action.c(15): OK	[MsgId: MMSG-17999]
Action.c(15): MP	[MsgId: MMSG-17999]
Action.c(15): SC	[MsgId: MMSG-17999]
Action.c(15): SC	[MsgId: MMSG-17999]
Action.c(15): PW	[MsgId: MMSG-17999]
Action.c(15): PR	[MsgId: MMSG-17999]
Action.c(15): OK	[MsgId: MMSG-17999]
Action.c(15): TN	[MsgId: MMSG-17999]
Action.c(15): TN	[MsgId: MMSG-17999]
Action.c(15): PR	[MsgId: MMSG-17999]
Action.c(15): SC	[MsgId: MMSG-17999]
Action.c(15): PW	[MsgId: MMSG-17999]
Action.c(15): UT	[MsgId: MMSG-17999]
Action.c(15): UT	[MsgId: MMSG-17999]
Action.c(15): TN	[MsgId: MMSG-17999]
Action.c(15): SC	[MsgId: MMSG-17999]
Action.c(15): PR	[MsgId: MMSG-17999]
Action.c(15): VA	[MsgId: MMSG-17999]
Action.c(15): VA	[MsgId: MMSG-17999]
Action.c(15): TN	[MsgId: MMSG-17999]
Action.c(15): UT	[MsgId: MMSG-17999]
Action.c(15): SC	[MsgId: MMSG-17999]
Action.c(15): WA	[MsgId: MMSG-17999]
Action.c(15): WA	[MsgId: MMSG-17999]
Action.c(15): UT	[MsgId: MMSG-17999]
Action.c(15): VA	[MsgId: MMSG-17999]
Action.c(15): TN	[MsgId: MMSG-17999]
Action.c(15): WI	[MsgId: MMSG-17999]
Action.c(15): WI	[MsgId: MMSG-17999]
Action.c(15): VA	[MsgId: MMSG-17999]
Action.c(15): WA	[MsgId: MMSG-17999]
Action.c(15): UT	[MsgId: MMSG-17999]
Action.c(15): AL	[MsgId: MMSG-17999]
Action.c(15): AL	[MsgId: MMSG-17999]
Action.c(15): WA	[MsgId: MMSG-17999]
Action.c(15): WI	[MsgId: MMSG-17999]
Action.c(15): VA	[MsgId: MMSG-17999]
Action.c(15): AS	[MsgId: MMSG-17999]
Action.c(15): AS	[MsgId: MMSG-17999]
Action.c(15): AL	[MsgId: MMSG-17999]
Action.c(15): WI	[MsgId: MMSG-17999]
Action.c(15): WA	[MsgId: MMSG-17999]
Action.c(15): AR	[MsgId: MMSG-17999]
Action.c(15): AR	[MsgId: MMSG-17999]
Action.c(15): AL	[MsgId: MMSG-17999]
Action.c(15): AS	[MsgId: MMSG-17999]
Action.c(15): WI	[MsgId: MMSG-17999]
Action.c(15): CO	[MsgId: MMSG-17999]
Action.c(15): CO	[MsgId: MMSG-17999]
Action.c(15): AR	[MsgId: MMSG-17999]
Action.c(15): AS	[MsgId: MMSG-17999]
Action.c(15): AL	[MsgId: MMSG-17999]
Action.c(15): DE	[MsgId: MMSG-17999]
Action.c(15): DE	[MsgId: MMSG-17999]
Action.c(15): CO	[MsgId: MMSG-17999]
Action.c(15): AR	[MsgId: MMSG-17999]
Action.c(15): AS	[MsgId: MMSG-17999]
Action.c(15): FL	[MsgId: MMSG-17999]
Action.c(15): FL	[MsgId: MMSG-17999]
Action.c(15): DE	[MsgId: MMSG-17999]
Action.c(15): CO	[MsgId: MMSG-17999]
Action.c(15): AR	[MsgId: MMSG-17999]
Action.c(15): GU	[MsgId: MMSG-17999]
Action.c(15): GU	[MsgId: MMSG-17999]
Action.c(15): DE	[MsgId: MMSG-17999]
Action.c(15): FL	[MsgId: MMSG-17999]
Action.c(15): CO	[MsgId: MMSG-17999]
Action.c(15): ID	[MsgId: MMSG-17999]
Action.c(15): ID	[MsgId: MMSG-17999]
Action.c(15): FL	[MsgId: MMSG-17999]
Action.c(15): GU	[MsgId: MMSG-17999]
Action.c(15): DE	[MsgId: MMSG-17999]
Action.c(15): IN	[MsgId: MMSG-17999]
Action.c(15): IN	[MsgId: MMSG-17999]
Action.c(15): ID	[MsgId: MMSG-17999]
Action.c(15): GU	[MsgId: MMSG-17999]
Action.c(15): FL	[MsgId: MMSG-17999]
Action.c(15): KS	[MsgId: MMSG-17999]
Action.c(15): KS	[MsgId: MMSG-17999]
Action.c(15): ID	[MsgId: MMSG-17999]
Action.c(15): IN	[MsgId: MMSG-17999]
Action.c(15): GU	[MsgId: MMSG-17999]
Action.c(15): LA	[MsgId: MMSG-17999]
Action.c(15): LA	[MsgId: MMSG-17999]
Action.c(15): KS	[MsgId: MMSG-17999]
Action.c(15): IN	[MsgId: MMSG-17999]
Action.c(15): ID	[MsgId: MMSG-17999]
Action.c(15): MD	[MsgId: MMSG-17999]
Action.c(15): MD	[MsgId: MMSG-17999]
Action.c(15): LA	[MsgId: MMSG-17999]
Action.c(15): KS	[MsgId: MMSG-17999]
Action.c(15): IN	[MsgId: MMSG-17999]
Action.c(15): MA	[MsgId: MMSG-17999]
Action.c(15): MA	[MsgId: MMSG-17999]
Action.c(15): MD	[MsgId: MMSG-17999]
Action.c(15): LA	[MsgId: MMSG-17999]
Action.c(15): KS	[MsgId: MMSG-17999]
Action.c(15): FM	[MsgId: MMSG-17999]
Action.c(15): FM	[MsgId: MMSG-17999]
Action.c(15): MA	[MsgId: MMSG-17999]
Action.c(15): MD	[MsgId: MMSG-17999]
Action.c(15): LA	[MsgId: MMSG-17999]
Action.c(15): MS	[MsgId: MMSG-17999]
Action.c(15): MS	[MsgId: MMSG-17999]
Action.c(15): MA	[MsgId: MMSG-17999]
Action.c(15): FM	[MsgId: MMSG-17999]
Action.c(15): MD	[MsgId: MMSG-17999]
Action.c(15): MT	[MsgId: MMSG-17999]
Action.c(15): MT	[MsgId: MMSG-17999]
Action.c(15): FM	[MsgId: MMSG-17999]
Action.c(15): MS	[MsgId: MMSG-17999]
Action.c(15): MA	[MsgId: MMSG-17999]
Action.c(15): NV	[MsgId: MMSG-17999]
Action.c(15): NV	[MsgId: MMSG-17999]
Action.c(15): MS	[MsgId: MMSG-17999]
Action.c(15): MT	[MsgId: MMSG-17999]
Action.c(15): FM	[MsgId: MMSG-17999]
Action.c(15): NJ	[MsgId: MMSG-17999]
Action.c(15): NJ	[MsgId: MMSG-17999]
Action.c(15): MT	[MsgId: MMSG-17999]
Action.c(15): NV	[MsgId: MMSG-17999]
Action.c(15): MS	[MsgId: MMSG-17999]
Action.c(15): NY	[MsgId: MMSG-17999]
Action.c(15): NY	[MsgId: MMSG-17999]
Action.c(15): NV	[MsgId: MMSG-17999]
Action.c(15): NJ	[MsgId: MMSG-17999]
Action.c(15): MT	[MsgId: MMSG-17999]
Action.c(15): ND	[MsgId: MMSG-17999]
Action.c(15): ND	[MsgId: MMSG-17999]
Action.c(15): NJ	[MsgId: MMSG-17999]
Action.c(15): NY	[MsgId: MMSG-17999]
Action.c(15): NV	[MsgId: MMSG-17999]
Action.c(15): OH	[MsgId: MMSG-17999]
Action.c(15): OH	[MsgId: MMSG-17999]
Action.c(15): NY	[MsgId: MMSG-17999]
Action.c(15): ND	[MsgId: MMSG-17999]
Action.c(15): NJ	[MsgId: MMSG-17999]
Action.c(15): OR	[MsgId: MMSG-17999]
Action.c(15): OR	[MsgId: MMSG-17999]
Action.c(15): OH	[MsgId: MMSG-17999]
Action.c(15): ND	[MsgId: MMSG-17999]
Action.c(15): NY	[MsgId: MMSG-17999]
Action.c(15): PA	[MsgId: MMSG-17999]
Action.c(15): PA	[MsgId: MMSG-17999]
Action.c(15): OR	[MsgId: MMSG-17999]
Action.c(15): OH	[MsgId: MMSG-17999]
Action.c(15): ND	[MsgId: MMSG-17999]
Action.c(15): RI	[MsgId: MMSG-17999]
Action.c(15): RI	[MsgId: MMSG-17999]
Action.c(15): OR	[MsgId: MMSG-17999]
Action.c(15): PA	[MsgId: MMSG-17999]
Action.c(15): OH	[MsgId: MMSG-17999]
Action.c(15): SD	[MsgId: MMSG-17999]
Action.c(15): SD	[MsgId: MMSG-17999]
Action.c(15): PA	[MsgId: MMSG-17999]
Action.c(15): RI	[MsgId: MMSG-17999]
Action.c(15): OR	[MsgId: MMSG-17999]
Action.c(15): TX	[MsgId: MMSG-17999]
Action.c(15): TX	[MsgId: MMSG-17999]
Action.c(15): RI	[MsgId: MMSG-17999]
Action.c(15): SD	[MsgId: MMSG-17999]
Action.c(15): PA	[MsgId: MMSG-17999]
Action.c(15): VT	[MsgId: MMSG-17999]
Action.c(15): VT	[MsgId: MMSG-17999]
Action.c(15): SD	[MsgId: MMSG-17999]
Action.c(15): TX	[MsgId: MMSG-17999]
Action.c(15): RI	[MsgId: MMSG-17999]
Action.c(15): VI	[MsgId: MMSG-17999]
Action.c(15): VI	[MsgId: MMSG-17999]
Action.c(15): VT	[MsgId: MMSG-17999]
Action.c(15): TX	[MsgId: MMSG-17999]
Action.c(15): SD	[MsgId: MMSG-17999]
Action.c(15): WV	[MsgId: MMSG-17999]
Action.c(15): WV	[MsgId: MMSG-17999]
Action.c(15): VT	[MsgId: MMSG-17999]
Action.c(15): VI	[MsgId: MMSG-17999]
Action.c(15): TX	[MsgId: MMSG-17999]
Action.c(15): WY	[MsgId: MMSG-17999]
Action.c(15): WY	[MsgId: MMSG-17999]
Action.c(15): VI	[MsgId: MMSG-17999]
Action.c(15): WV	[MsgId: MMSG-17999]
Action.c(15): VT	[MsgId: MMSG-17999]
Action.c(15): AK	[MsgId: MMSG-17999]
Action.c(15): AK	[MsgId: MMSG-17999]
Action.c(15): WV	[MsgId: MMSG-17999]
Action.c(15): WY	[MsgId: MMSG-17999]
Action.c(15): VI	[MsgId: MMSG-17999]
Action.c(15): AZ	[MsgId: MMSG-17999]
Action.c(15): AZ	[MsgId: MMSG-17999]
Action.c(15): WY	[MsgId: MMSG-17999]
Action.c(15): AK	[MsgId: MMSG-17999]
Action.c(15): WV	[MsgId: MMSG-17999]
Action.c(15): CA	[MsgId: MMSG-17999]
Action.c(15): CA	[MsgId: MMSG-17999]
Action.c(15): AZ	[MsgId: MMSG-17999]
Action.c(15): AK	[MsgId: MMSG-17999]
Action.c(15): WY	[MsgId: MMSG-17999]
Action.c(15): CT	[MsgId: MMSG-17999]
Action.c(15): CT	[MsgId: MMSG-17999]
Action.c(15): AZ	[MsgId: MMSG-17999]
Action.c(15): CA	[MsgId: MMSG-17999]
Action.c(15): AK	[MsgId: MMSG-17999]
Action.c(15): DC	[MsgId: MMSG-17999]
Action.c(15): DC	[MsgId: MMSG-17999]
Action.c(15): CA	[MsgId: MMSG-17999]
Action.c(15): CT	[MsgId: MMSG-17999]
Action.c(15): AZ	[MsgId: MMSG-17999]
Action.c(15): GA	[MsgId: MMSG-17999]
Action.c(15): GA	[MsgId: MMSG-17999]
Action.c(15): CT	[MsgId: MMSG-17999]
Action.c(15): DC	[MsgId: MMSG-17999]
Action.c(15): CA	[MsgId: MMSG-17999]
Action.c(15): HI	[MsgId: MMSG-17999]
Action.c(15): HI	[MsgId: MMSG-17999]
Action.c(15): DC	[MsgId: MMSG-17999]
Action.c(15): GA	[MsgId: MMSG-17999]
Action.c(15): CT	[MsgId: MMSG-17999]
Action.c(15): IL	[MsgId: MMSG-17999]
Action.c(15): GA	[MsgId: MMSG-17999]
Action.c(15): HI	[MsgId: MMSG-17999]
Action.c(15): DC	[MsgId: MMSG-17999]
Action.c(15): HI	[MsgId: MMSG-17999]
Action.c(15): GA	[MsgId: MMSG-17999]
Action.c(15): HI	[MsgId: MMSG-17999]
