Action.c(13): AL	[MsgId: MMSG-17999]
Action.c(13): AL	[MsgId: MMSG-17999]
Action.c(13): AL	[MsgId: MMSG-17999]
Action.c(13): AK	[MsgId: MMSG-17999]
Action.c(13): AK	[MsgId: MMSG-17999]
Action.c(13): AL	[MsgId: MMSG-17999]
Action.c(13): AK	[MsgId: MMSG-17999]
Action.c(13): AS	[MsgId: MMSG-17999]
Action.c(13): AS	[MsgId: MMSG-17999]
Action.c(13): AK	[MsgId: MMSG-17999]
Action.c(13): AS	[MsgId: MMSG-17999]
Action.c(13): AL	[MsgId: MMSG-17999]
Action.c(13): AZ	[MsgId: MMSG-17999]
Action.c(13): AZ	[MsgId: MMSG-17999]
Action.c(13): AK	[MsgId: MMSG-17999]
Action.c(13): AS	[MsgId: MMSG-17999]
Action.c(13): AZ	[MsgId: MMSG-17999]
Action.c(13): AR	[MsgId: MMSG-17999]
Action.c(13): AR	[MsgId: MMSG-17999]
Action.c(13): AZ	[MsgId: MMSG-17999]
Action.c(13): AS	[MsgId: MMSG-17999]
Action.c(13): AR	[MsgId: MMSG-17999]
Action.c(13): CA	[MsgId: MMSG-17999]
Action.c(13): CA	[MsgId: MMSG-17999]
Action.c(13): AR	[MsgId: MMSG-17999]
Action.c(13): AZ	[MsgId: MMSG-17999]
Action.c(13): CA	[MsgId: MMSG-17999]
Action.c(13): CO	[MsgId: MMSG-17999]
Action.c(13): CO	[MsgId: MMSG-17999]
Action.c(13): CA	[MsgId: MMSG-17999]
Action.c(13): CO	[MsgId: MMSG-17999]
Action.c(13): AR	[MsgId: MMSG-17999]
Action.c(13): CT	[MsgId: MMSG-17999]
Action.c(13): CT	[MsgId: MMSG-17999]
Action.c(13): CO	[MsgId: MMSG-17999]
Action.c(13): CA	[MsgId: MMSG-17999]
Action.c(13): CT	[MsgId: MMSG-17999]
Action.c(13): DE	[MsgId: MMSG-17999]
Action.c(13): DE	[MsgId: MMSG-17999]
Action.c(13): CT	[MsgId: MMSG-17999]
Action.c(13): CO	[MsgId: MMSG-17999]
Action.c(13): DE	[MsgId: MMSG-17999]
Action.c(13): DC	[MsgId: MMSG-17999]
Action.c(13): DC	[MsgId: MMSG-17999]
Action.c(13): DE	[MsgId: MMSG-17999]
Action.c(13): CT	[MsgId: MMSG-17999]
Action.c(13): DC	[MsgId: MMSG-17999]
Action.c(13): FL	[MsgId: MMSG-17999]
Action.c(13): FL	[MsgId: MMSG-17999]
Action.c(13): DC	[MsgId: MMSG-17999]
Action.c(13): DE	[MsgId: MMSG-17999]
Action.c(13): FL	[MsgId: MMSG-17999]
Action.c(13): GA	[MsgId: MMSG-17999]
Action.c(13): GA	[MsgId: MMSG-17999]
Action.c(13): FL	[MsgId: MMSG-17999]
Action.c(13): DC	[MsgId: MMSG-17999]
Action.c(13): GA	[MsgId: MMSG-17999]
Action.c(13): GU	[MsgId: MMSG-17999]
Action.c(13): GU	[MsgId: MMSG-17999]
Action.c(13): GA	[MsgId: MMSG-17999]
Action.c(13): FL	[MsgId: MMSG-17999]
Action.c(13): GU	[MsgId: MMSG-17999]
Action.c(13): HI	[MsgId: MMSG-17999]
Action.c(13): HI	[MsgId: MMSG-17999]
Action.c(13): GU	[MsgId: MMSG-17999]
Action.c(13): GA	[MsgId: MMSG-17999]
Action.c(13): HI	[MsgId: MMSG-17999]
Action.c(13): ID	[MsgId: MMSG-17999]
Action.c(13): ID	[MsgId: MMSG-17999]
Action.c(13): HI	[MsgId: MMSG-17999]
Action.c(13): GU	[MsgId: MMSG-17999]
Action.c(13): ID	[MsgId: MMSG-17999]
Action.c(13): IL	[MsgId: MMSG-17999]
Action.c(13): IL	[MsgId: MMSG-17999]
Action.c(13): ID	[MsgId: MMSG-17999]
Action.c(13): HI	[MsgId: MMSG-17999]
Action.c(13): IL	[MsgId: MMSG-17999]
Action.c(13): IN	[MsgId: MMSG-17999]
Action.c(13): IN	[MsgId: MMSG-17999]
Action.c(13): IL	[MsgId: MMSG-17999]
Action.c(13): ID	[MsgId: MMSG-17999]
Action.c(13): IN	[MsgId: MMSG-17999]
Action.c(13): IA	[MsgId: MMSG-17999]
Action.c(13): IA	[MsgId: MMSG-17999]
Action.c(13): IN	[MsgId: MMSG-17999]
Action.c(13): IL	[MsgId: MMSG-17999]
Action.c(13): IA	[MsgId: MMSG-17999]
Action.c(13): KS	[MsgId: MMSG-17999]
Action.c(13): KS	[MsgId: MMSG-17999]
Action.c(13): IA	[MsgId: MMSG-17999]
Action.c(13): IN	[MsgId: MMSG-17999]
Action.c(13): KS	[MsgId: MMSG-17999]
Action.c(13): KY	[MsgId: MMSG-17999]
Action.c(13): KY	[MsgId: MMSG-17999]
Action.c(13): KS	[MsgId: MMSG-17999]
Action.c(13): IA	[MsgId: MMSG-17999]
Action.c(13): KY	[MsgId: MMSG-17999]
Action.c(13): LA	[MsgId: MMSG-17999]
Action.c(13): LA	[MsgId: MMSG-17999]
Action.c(13): KY	[MsgId: MMSG-17999]
Action.c(13): KS	[MsgId: MMSG-17999]
Action.c(13): LA	[MsgId: MMSG-17999]
Action.c(13): ME	[MsgId: MMSG-17999]
Action.c(13): ME	[MsgId: MMSG-17999]
Action.c(13): LA	[MsgId: MMSG-17999]
Action.c(13): KY	[MsgId: MMSG-17999]
Action.c(13): ME	[MsgId: MMSG-17999]
Action.c(13): MD	[MsgId: MMSG-17999]
Action.c(13): MD	[MsgId: MMSG-17999]
Action.c(13): ME	[MsgId: MMSG-17999]
Action.c(13): LA	[MsgId: MMSG-17999]
Action.c(13): MD	[MsgId: MMSG-17999]
Action.c(13): MH	[MsgId: MMSG-17999]
Action.c(13): MH	[MsgId: MMSG-17999]
Action.c(13): MD	[MsgId: MMSG-17999]
Action.c(13): ME	[MsgId: MMSG-17999]
Action.c(13): MH	[MsgId: MMSG-17999]
Action.c(13): MA	[MsgId: MMSG-17999]
Action.c(13): MA	[MsgId: MMSG-17999]
Action.c(13): MH	[MsgId: MMSG-17999]
Action.c(13): MD	[MsgId: MMSG-17999]
Action.c(13): MA	[MsgId: MMSG-17999]
Action.c(13): MI	[MsgId: MMSG-17999]
Action.c(13): MI	[MsgId: MMSG-17999]
Action.c(13): MA	[MsgId: MMSG-17999]
Action.c(13): MH	[MsgId: MMSG-17999]
Action.c(13): MI	[MsgId: MMSG-17999]
Action.c(13): FM	[MsgId: MMSG-17999]
Action.c(13): FM	[MsgId: MMSG-17999]
Action.c(13): MI	[MsgId: MMSG-17999]
Action.c(13): MA	[MsgId: MMSG-17999]
Action.c(13): FM	[MsgId: MMSG-17999]
Action.c(13): MN	[MsgId: MMSG-17999]
Action.c(13): MN	[MsgId: MMSG-17999]
Action.c(13): FM	[MsgId: MMSG-17999]
Action.c(13): MI	[MsgId: MMSG-17999]
Action.c(13): MN	[MsgId: MMSG-17999]
Action.c(13): MS	[MsgId: MMSG-17999]
Action.c(13): MS	[MsgId: MMSG-17999]
Action.c(13): MN	[MsgId: MMSG-17999]
Action.c(13): FM	[MsgId: MMSG-17999]
Action.c(13): MS	[MsgId: MMSG-17999]
Action.c(13): MO	[MsgId: MMSG-17999]
Action.c(13): MO	[MsgId: MMSG-17999]
Action.c(13): MS	[MsgId: MMSG-17999]
Action.c(13): MN	[MsgId: MMSG-17999]
Action.c(13): MO	[MsgId: MMSG-17999]
Action.c(13): MT	[MsgId: MMSG-17999]
Action.c(13): MT	[MsgId: MMSG-17999]
Action.c(13): MO	[MsgId: MMSG-17999]
Action.c(13): MS	[MsgId: MMSG-17999]
Action.c(13): MT	[MsgId: MMSG-17999]
Action.c(13): NE	[MsgId: MMSG-17999]
Action.c(13): NE	[MsgId: MMSG-17999]
Action.c(13): MT	[MsgId: MMSG-17999]
Action.c(13): MO	[MsgId: MMSG-17999]
Action.c(13): NE	[MsgId: MMSG-17999]
Action.c(13): NV	[MsgId: MMSG-17999]
Action.c(13): NV	[MsgId: MMSG-17999]
Action.c(13): NE	[MsgId: MMSG-17999]
Action.c(13): MT	[MsgId: MMSG-17999]
Action.c(13): NV	[MsgId: MMSG-17999]
Action.c(13): NH	[MsgId: MMSG-17999]
Action.c(13): NH	[MsgId: MMSG-17999]
Action.c(13): NV	[MsgId: MMSG-17999]
Action.c(13): NE	[MsgId: MMSG-17999]
Action.c(13): NH	[MsgId: MMSG-17999]
Action.c(13): NJ	[MsgId: MMSG-17999]
Action.c(13): NJ	[MsgId: MMSG-17999]
Action.c(13): NH	[MsgId: MMSG-17999]
Action.c(13): NV	[MsgId: MMSG-17999]
Action.c(13): NJ	[MsgId: MMSG-17999]
Action.c(13): NM	[MsgId: MMSG-17999]
Action.c(13): NM	[MsgId: MMSG-17999]
Action.c(13): NJ	[MsgId: MMSG-17999]
Action.c(13): NH	[MsgId: MMSG-17999]
Action.c(13): NM	[MsgId: MMSG-17999]
Action.c(13): NY	[MsgId: MMSG-17999]
Action.c(13): NY	[MsgId: MMSG-17999]
Action.c(13): NM	[MsgId: MMSG-17999]
Action.c(13): NJ	[MsgId: MMSG-17999]
Action.c(13): NY	[MsgId: MMSG-17999]
Action.c(13): NC	[MsgId: MMSG-17999]
Action.c(13): NC	[MsgId: MMSG-17999]
Action.c(13): NY	[MsgId: MMSG-17999]
Action.c(13): NM	[MsgId: MMSG-17999]
Action.c(13): NC	[MsgId: MMSG-17999]
Action.c(13): ND	[MsgId: MMSG-17999]
Action.c(13): ND	[MsgId: MMSG-17999]
Action.c(13): NC	[MsgId: MMSG-17999]
Action.c(13): NY	[MsgId: MMSG-17999]
Action.c(13): ND	[MsgId: MMSG-17999]
Action.c(13): MP	[MsgId: MMSG-17999]
Action.c(13): MP	[MsgId: MMSG-17999]
Action.c(13): ND	[MsgId: MMSG-17999]
Action.c(13): NC	[MsgId: MMSG-17999]
Action.c(13): MP	[MsgId: MMSG-17999]
Action.c(13): OH	[MsgId: MMSG-17999]
Action.c(13): OH	[MsgId: MMSG-17999]
Action.c(13): MP	[MsgId: MMSG-17999]
Action.c(13): ND	[MsgId: MMSG-17999]
Action.c(13): OH	[MsgId: MMSG-17999]
Action.c(13): OK	[MsgId: MMSG-17999]
Action.c(13): OK	[MsgId: MMSG-17999]
Action.c(13): OH	[MsgId: MMSG-17999]
Action.c(13): MP	[MsgId: MMSG-17999]
Action.c(13): OK	[MsgId: MMSG-17999]
Action.c(13): OR	[MsgId: MMSG-17999]
Action.c(13): OR	[MsgId: MMSG-17999]
Action.c(13): OK	[MsgId: MMSG-17999]
Action.c(13): OH	[MsgId: MMSG-17999]
Action.c(13): OR	[MsgId: MMSG-17999]
Action.c(13): PW	[MsgId: MMSG-17999]
Action.c(13): PW	[MsgId: MMSG-17999]
Action.c(13): OR	[MsgId: MMSG-17999]
Action.c(13): OK	[MsgId: MMSG-17999]
Action.c(13): PW	[MsgId: MMSG-17999]
Action.c(13): PA	[MsgId: MMSG-17999]
Action.c(13): PA	[MsgId: MMSG-17999]
Action.c(13): PW	[MsgId: MMSG-17999]
Action.c(13): OR	[MsgId: MMSG-17999]
Action.c(13): PA	[MsgId: MMSG-17999]
Action.c(13): PR	[MsgId: MMSG-17999]
Action.c(13): PR	[MsgId: MMSG-17999]
Action.c(13): PA	[MsgId: MMSG-17999]
Action.c(13): PW	[MsgId: MMSG-17999]
Action.c(13): PR	[MsgId: MMSG-17999]
Action.c(13): RI	[MsgId: MMSG-17999]
Action.c(13): RI	[MsgId: MMSG-17999]
Action.c(13): PR	[MsgId: MMSG-17999]
Action.c(13): PA	[MsgId: MMSG-17999]
Action.c(13): RI	[MsgId: MMSG-17999]
Action.c(13): SC	[MsgId: MMSG-17999]
Action.c(13): SC	[MsgId: MMSG-17999]
Action.c(13): RI	[MsgId: MMSG-17999]
Action.c(13): PR	[MsgId: MMSG-17999]
Action.c(13): SC	[MsgId: MMSG-17999]
Action.c(13): SD	[MsgId: MMSG-17999]
Action.c(13): SD	[MsgId: MMSG-17999]
Action.c(13): SC	[MsgId: MMSG-17999]
Action.c(13): RI	[MsgId: MMSG-17999]
Action.c(13): SD	[MsgId: MMSG-17999]
Action.c(13): TN	[MsgId: MMSG-17999]
Action.c(13): TN	[MsgId: MMSG-17999]
Action.c(13): SD	[MsgId: MMSG-17999]
Action.c(13): SC	[MsgId: MMSG-17999]
Action.c(13): TN	[MsgId: MMSG-17999]
Action.c(13): TX	[MsgId: MMSG-17999]
Action.c(13): TX	[MsgId: MMSG-17999]
Action.c(13): TN	[MsgId: MMSG-17999]
Action.c(13): SD	[MsgId: MMSG-17999]
Action.c(13): TX	[MsgId: MMSG-17999]
Action.c(13): UT	[MsgId: MMSG-17999]
Action.c(13): UT	[MsgId: MMSG-17999]
Action.c(13): TX	[MsgId: MMSG-17999]
Action.c(13): TN	[MsgId: MMSG-17999]
Action.c(13): UT	[MsgId: MMSG-17999]
Action.c(13): VT	[MsgId: MMSG-17999]
Action.c(13): VT	[MsgId: MMSG-17999]
Action.c(13): UT	[MsgId: MMSG-17999]
Action.c(13): TX	[MsgId: MMSG-17999]
Action.c(13): VT	[MsgId: MMSG-17999]
Action.c(13): VA	[MsgId: MMSG-17999]
Action.c(13): VA	[MsgId: MMSG-17999]
Action.c(13): VT	[MsgId: MMSG-17999]
Action.c(13): UT	[MsgId: MMSG-17999]
Action.c(13): VA	[MsgId: MMSG-17999]
Action.c(13): VI	[MsgId: MMSG-17999]
Action.c(13): VI	[MsgId: MMSG-17999]
Action.c(13): VA	[MsgId: MMSG-17999]
Action.c(13): VT	[MsgId: MMSG-17999]
Action.c(13): VI	[MsgId: MMSG-17999]
Action.c(13): WA	[MsgId: MMSG-17999]
Action.c(13): WA	[MsgId: MMSG-17999]
Action.c(13): VI	[MsgId: MMSG-17999]
Action.c(13): VA	[MsgId: MMSG-17999]
Action.c(13): WA	[MsgId: MMSG-17999]
Action.c(13): WV	[MsgId: MMSG-17999]
Action.c(13): WV	[MsgId: MMSG-17999]
Action.c(13): WA	[MsgId: MMSG-17999]
Action.c(13): VI	[MsgId: MMSG-17999]
Action.c(13): WV	[MsgId: MMSG-17999]
Action.c(13): WI	[MsgId: MMSG-17999]
Action.c(13): WI	[MsgId: MMSG-17999]
Action.c(13): WV	[MsgId: MMSG-17999]
Action.c(13): WA	[MsgId: MMSG-17999]
Action.c(13): WI	[MsgId: MMSG-17999]
Action.c(13): WY	[MsgId: MMSG-17999]
Action.c(13): WY	[MsgId: MMSG-17999]
Action.c(13): WI	[MsgId: MMSG-17999]
Action.c(13): WV	[MsgId: MMSG-17999]
Action.c(13): WY	[MsgId: MMSG-17999]
Action.c(13): AL	[MsgId: MMSG-17999]
Action.c(13): AL	[MsgId: MMSG-17999]
Action.c(13): WY	[MsgId: MMSG-17999]
Action.c(13): WI	[MsgId: MMSG-17999]
Action.c(13): AL	[MsgId: MMSG-17999]
Action.c(13): AK	[MsgId: MMSG-17999]
Action.c(13): AK	[MsgId: MMSG-17999]
Action.c(13): AL	[MsgId: MMSG-17999]
Action.c(13): WY	[MsgId: MMSG-17999]
Action.c(13): AK	[MsgId: MMSG-17999]
Action.c(13): AS	[MsgId: MMSG-17999]
Action.c(13): AS	[MsgId: MMSG-17999]
Action.c(13): AK	[MsgId: MMSG-17999]
Action.c(13): AL	[MsgId: MMSG-17999]
Action.c(13): AS	[MsgId: MMSG-17999]
Action.c(13): AZ	[MsgId: MMSG-17999]
Action.c(13): AZ	[MsgId: MMSG-17999]
Action.c(13): AS	[MsgId: MMSG-17999]
Action.c(13): AK	[MsgId: MMSG-17999]
Action.c(13): AZ	[MsgId: MMSG-17999]
Action.c(13): AR	[MsgId: MMSG-17999]
Action.c(13): AR	[MsgId: MMSG-17999]
Action.c(13): AZ	[MsgId: MMSG-17999]
Action.c(13): AS	[MsgId: MMSG-17999]
Action.c(13): AR	[MsgId: MMSG-17999]
Action.c(13): CA	[MsgId: MMSG-17999]
Action.c(13): CA	[MsgId: MMSG-17999]
Action.c(13): AR	[MsgId: MMSG-17999]
Action.c(13): AZ	[MsgId: MMSG-17999]
Action.c(13): CA	[MsgId: MMSG-17999]
Action.c(13): CO	[MsgId: MMSG-17999]
Action.c(13): CO	[MsgId: MMSG-17999]
Action.c(13): CA	[MsgId: MMSG-17999]
Action.c(13): AR	[MsgId: MMSG-17999]
Action.c(13): CO	[MsgId: MMSG-17999]
Action.c(13): CT	[MsgId: MMSG-17999]
Action.c(13): CT	[MsgId: MMSG-17999]
Action.c(13): CO	[MsgId: MMSG-17999]
Action.c(13): CA	[MsgId: MMSG-17999]
Action.c(13): CT	[MsgId: MMSG-17999]
Action.c(13): DE	[MsgId: MMSG-17999]
Action.c(13): DE	[MsgId: MMSG-17999]
Action.c(13): CT	[MsgId: MMSG-17999]
Action.c(13): CO	[MsgId: MMSG-17999]
Action.c(13): DE	[MsgId: MMSG-17999]
Action.c(13): DC	[MsgId: MMSG-17999]
Action.c(13): DC	[MsgId: MMSG-17999]
Action.c(13): DE	[MsgId: MMSG-17999]
Action.c(13): CT	[MsgId: MMSG-17999]
Action.c(13): DC	[MsgId: MMSG-17999]
Action.c(13): FL	[MsgId: MMSG-17999]
Action.c(13): FL	[MsgId: MMSG-17999]
Action.c(13): DC	[MsgId: MMSG-17999]
Action.c(13): DE	[MsgId: MMSG-17999]
Action.c(13): FL	[MsgId: MMSG-17999]
Action.c(13): GA	[MsgId: MMSG-17999]
Action.c(13): GA	[MsgId: MMSG-17999]
Action.c(13): FL	[MsgId: MMSG-17999]
Action.c(13): DC	[MsgId: MMSG-17999]
Action.c(13): GA	[MsgId: MMSG-17999]
Action.c(13): GU	[MsgId: MMSG-17999]
Action.c(13): GU	[MsgId: MMSG-17999]
Action.c(13): GA	[MsgId: MMSG-17999]
Action.c(13): FL	[MsgId: MMSG-17999]
Action.c(13): GU	[MsgId: MMSG-17999]
Action.c(13): HI	[MsgId: MMSG-17999]
Action.c(13): HI	[MsgId: MMSG-17999]
Action.c(13): GU	[MsgId: MMSG-17999]
Action.c(13): GA	[MsgId: MMSG-17999]
Action.c(13): HI	[MsgId: MMSG-17999]
Action.c(13): ID	[MsgId: MMSG-17999]
Action.c(13): ID	[MsgId: MMSG-17999]
Action.c(13): HI	[MsgId: MMSG-17999]
Action.c(13): GU	[MsgId: MMSG-17999]
Action.c(13): ID	[MsgId: MMSG-17999]
Action.c(13): IL	[MsgId: MMSG-17999]
Action.c(13): IL	[MsgId: MMSG-17999]
Action.c(13): ID	[MsgId: MMSG-17999]
Action.c(13): HI	[MsgId: MMSG-17999]
Action.c(13): IL	[MsgId: MMSG-17999]
Action.c(13): IN	[MsgId: MMSG-17999]
Action.c(13): IN	[MsgId: MMSG-17999]
Action.c(13): IL	[MsgId: MMSG-17999]
Action.c(13): ID	[MsgId: MMSG-17999]
Action.c(13): IN	[MsgId: MMSG-17999]
Action.c(13): IA	[MsgId: MMSG-17999]
Action.c(13): IA	[MsgId: MMSG-17999]
Action.c(13): IN	[MsgId: MMSG-17999]
Action.c(13): IL	[MsgId: MMSG-17999]
Action.c(13): IA	[MsgId: MMSG-17999]
Action.c(13): KS	[MsgId: MMSG-17999]
Action.c(13): KS	[MsgId: MMSG-17999]
Action.c(13): IA	[MsgId: MMSG-17999]
Action.c(13): IN	[MsgId: MMSG-17999]
Action.c(13): KS	[MsgId: MMSG-17999]
Action.c(13): KY	[MsgId: MMSG-17999]
Action.c(13): KY	[MsgId: MMSG-17999]
Action.c(13): KS	[MsgId: MMSG-17999]
Action.c(13): IA	[MsgId: MMSG-17999]
Action.c(13): KY	[MsgId: MMSG-17999]
Action.c(13): LA	[MsgId: MMSG-17999]
Action.c(13): LA	[MsgId: MMSG-17999]
Action.c(13): KY	[MsgId: MMSG-17999]
Action.c(13): KS	[MsgId: MMSG-17999]
Action.c(13): LA	[MsgId: MMSG-17999]
Action.c(13): ME	[MsgId: MMSG-17999]
Action.c(13): ME	[MsgId: MMSG-17999]
Action.c(13): LA	[MsgId: MMSG-17999]
Action.c(13): KY	[MsgId: MMSG-17999]
Action.c(13): ME	[MsgId: MMSG-17999]
Action.c(13): MD	[MsgId: MMSG-17999]
Action.c(13): MD	[MsgId: MMSG-17999]
Action.c(13): ME	[MsgId: MMSG-17999]
Action.c(13): LA	[MsgId: MMSG-17999]
Action.c(13): MD	[MsgId: MMSG-17999]
Action.c(13): MH	[MsgId: MMSG-17999]
Action.c(13): MH	[MsgId: MMSG-17999]
Action.c(13): MD	[MsgId: MMSG-17999]
Action.c(13): ME	[MsgId: MMSG-17999]
Action.c(13): MH	[MsgId: MMSG-17999]
Action.c(13): MA	[MsgId: MMSG-17999]
Action.c(13): MA	[MsgId: MMSG-17999]
Action.c(13): MH	[MsgId: MMSG-17999]
Action.c(13): MD	[MsgId: MMSG-17999]
Action.c(13): MA	[MsgId: MMSG-17999]
Action.c(13): MI	[MsgId: MMSG-17999]
Action.c(13): MI	[MsgId: MMSG-17999]
Action.c(13): MA	[MsgId: MMSG-17999]
Action.c(13): MH	[MsgId: MMSG-17999]
Action.c(13): MI	[MsgId: MMSG-17999]
Action.c(6): Notify: Transaction "http://localhost:8080/static/e0747a62/scripts/yui/button/assets/skins/sam/button.css" will be skipped - could not calculate the transaction time (duration=0.0021, think_time=0.0000, wasted_time=0.0023).	[MsgId: MMSG-16889]
Action.c(13): FM	[MsgId: MMSG-17999]
Action.c(13): FM	[MsgId: MMSG-17999]
Action.c(13): MI	[MsgId: MMSG-17999]
Action.c(13): MA	[MsgId: MMSG-17999]
Action.c(13): FM	[MsgId: MMSG-17999]
Action.c(13): MN	[MsgId: MMSG-17999]
Action.c(6): Notify: Transaction "http://localhost:8080/static/e0747a62/scripts/yui/button/assets/skins/sam/button.css" will be skipped - could not calculate the transaction time (duration=0.0041, think_time=0.0000, wasted_time=0.0060).	[MsgId: MMSG-16889]
Action.c(13): FM	[MsgId: MMSG-17999]
Action.c(13): MN	[MsgId: MMSG-17999]
Action.c(13): MI	[MsgId: MMSG-17999]
Action.c(13): MN	[MsgId: MMSG-17999]
Action.c(13): MS	[MsgId: MMSG-17999]
Action.c(13): MS	[MsgId: MMSG-17999]
Action.c(13): MN	[MsgId: MMSG-17999]
Action.c(13): FM	[MsgId: MMSG-17999]
Action.c(13): MS	[MsgId: MMSG-17999]
Action.c(13): MO	[MsgId: MMSG-17999]
Action.c(13): MO	[MsgId: MMSG-17999]
Action.c(13): MS	[MsgId: MMSG-17999]
Action.c(13): MN	[MsgId: MMSG-17999]
Action.c(13): MO	[MsgId: MMSG-17999]
Action.c(13): MT	[MsgId: MMSG-17999]
Action.c(13): MO	[MsgId: MMSG-17999]
Action.c(13): MT	[MsgId: MMSG-17999]
Action.c(13): MS	[MsgId: MMSG-17999]
Action.c(13): MT	[MsgId: MMSG-17999]
Action.c(13): NE	[MsgId: MMSG-17999]
Action.c(13): NE	[MsgId: MMSG-17999]
Action.c(13): MT	[MsgId: MMSG-17999]
Action.c(13): MO	[MsgId: MMSG-17999]
Action.c(13): NE	[MsgId: MMSG-17999]
Action.c(13): NV	[MsgId: MMSG-17999]
Action.c(13): NV	[MsgId: MMSG-17999]
Action.c(13): NE	[MsgId: MMSG-17999]
Action.c(13): MT	[MsgId: MMSG-17999]
Action.c(13): NV	[MsgId: MMSG-17999]
Action.c(13): NH	[MsgId: MMSG-17999]
Action.c(13): NH	[MsgId: MMSG-17999]
Action.c(13): NV	[MsgId: MMSG-17999]
Action.c(13): NE	[MsgId: MMSG-17999]
Action.c(13): NH	[MsgId: MMSG-17999]
Action.c(13): NJ	[MsgId: MMSG-17999]
Action.c(13): NJ	[MsgId: MMSG-17999]
Action.c(13): NH	[MsgId: MMSG-17999]
Action.c(13): NV	[MsgId: MMSG-17999]
Action.c(13): NJ	[MsgId: MMSG-17999]
Action.c(13): NM	[MsgId: MMSG-17999]
Action.c(13): NM	[MsgId: MMSG-17999]
Action.c(13): NJ	[MsgId: MMSG-17999]
Action.c(13): NH	[MsgId: MMSG-17999]
Action.c(13): NM	[MsgId: MMSG-17999]
Action.c(13): NY	[MsgId: MMSG-17999]
Action.c(13): NY	[MsgId: MMSG-17999]
Action.c(13): NM	[MsgId: MMSG-17999]
Action.c(13): NJ	[MsgId: MMSG-17999]
Action.c(13): NY	[MsgId: MMSG-17999]
Action.c(13): NC	[MsgId: MMSG-17999]
Action.c(13): NC	[MsgId: MMSG-17999]
Action.c(13): NY	[MsgId: MMSG-17999]
Action.c(13): NM	[MsgId: MMSG-17999]
Action.c(13): NC	[MsgId: MMSG-17999]
Action.c(13): ND	[MsgId: MMSG-17999]
Action.c(13): ND	[MsgId: MMSG-17999]
Action.c(13): NC	[MsgId: MMSG-17999]
Action.c(13): NY	[MsgId: MMSG-17999]
Action.c(13): ND	[MsgId: MMSG-17999]
Action.c(13): MP	[MsgId: MMSG-17999]
Action.c(13): MP	[MsgId: MMSG-17999]
Action.c(13): ND	[MsgId: MMSG-17999]
Action.c(13): NC	[MsgId: MMSG-17999]
Action.c(13): MP	[MsgId: MMSG-17999]
Action.c(13): OH	[MsgId: MMSG-17999]
Action.c(13): OH	[MsgId: MMSG-17999]
Action.c(13): MP	[MsgId: MMSG-17999]
Action.c(13): ND	[MsgId: MMSG-17999]
Action.c(13): OH	[MsgId: MMSG-17999]
Action.c(13): OK	[MsgId: MMSG-17999]
Action.c(13): OK	[MsgId: MMSG-17999]
Action.c(13): OH	[MsgId: MMSG-17999]
Action.c(13): MP	[MsgId: MMSG-17999]
Action.c(13): OK	[MsgId: MMSG-17999]
Action.c(13): OR	[MsgId: MMSG-17999]
Action.c(13): OR	[MsgId: MMSG-17999]
Action.c(13): OK	[MsgId: MMSG-17999]
Action.c(13): OH	[MsgId: MMSG-17999]
Action.c(13): OR	[MsgId: MMSG-17999]
Action.c(13): PW	[MsgId: MMSG-17999]
Action.c(13): PW	[MsgId: MMSG-17999]
Action.c(13): OR	[MsgId: MMSG-17999]
Action.c(13): OK	[MsgId: MMSG-17999]
Action.c(13): PW	[MsgId: MMSG-17999]
Action.c(13): PA	[MsgId: MMSG-17999]
Action.c(13): PA	[MsgId: MMSG-17999]
Action.c(13): PW	[MsgId: MMSG-17999]
Action.c(13): OR	[MsgId: MMSG-17999]
Action.c(13): PA	[MsgId: MMSG-17999]
Action.c(13): PR	[MsgId: MMSG-17999]
Action.c(13): PA	[MsgId: MMSG-17999]
Action.c(13): PR	[MsgId: MMSG-17999]
Action.c(13): PW	[MsgId: MMSG-17999]
Action.c(13): PR	[MsgId: MMSG-17999]
Action.c(13): RI	[MsgId: MMSG-17999]
Action.c(13): RI	[MsgId: MMSG-17999]
Action.c(13): PR	[MsgId: MMSG-17999]
Action.c(13): PA	[MsgId: MMSG-17999]
Action.c(13): RI	[MsgId: MMSG-17999]
Action.c(13): SC	[MsgId: MMSG-17999]
Action.c(13): RI	[MsgId: MMSG-17999]
Action.c(13): SC	[MsgId: MMSG-17999]
Action.c(13): PR	[MsgId: MMSG-17999]
Action.c(13): SC	[MsgId: MMSG-17999]
Action.c(13): SD	[MsgId: MMSG-17999]
Action.c(13): SD	[MsgId: MMSG-17999]
Action.c(13): SC	[MsgId: MMSG-17999]
Action.c(13): RI	[MsgId: MMSG-17999]
Action.c(13): SD	[MsgId: MMSG-17999]
Action.c(13): TN	[MsgId: MMSG-17999]
Action.c(13): TN	[MsgId: MMSG-17999]
Action.c(13): SD	[MsgId: MMSG-17999]
Action.c(13): SC	[MsgId: MMSG-17999]
Action.c(13): TN	[MsgId: MMSG-17999]
Action.c(13): TX	[MsgId: MMSG-17999]
Action.c(13): TX	[MsgId: MMSG-17999]
Action.c(13): TN	[MsgId: MMSG-17999]
Action.c(13): SD	[MsgId: MMSG-17999]
Action.c(13): TX	[MsgId: MMSG-17999]
Action.c(13): UT	[MsgId: MMSG-17999]
Action.c(13): UT	[MsgId: MMSG-17999]
Action.c(13): TX	[MsgId: MMSG-17999]
Action.c(13): TN	[MsgId: MMSG-17999]
Action.c(13): UT	[MsgId: MMSG-17999]
Action.c(13): VT	[MsgId: MMSG-17999]
Action.c(13): VT	[MsgId: MMSG-17999]
Action.c(13): UT	[MsgId: MMSG-17999]
Action.c(13): TX	[MsgId: MMSG-17999]
Action.c(13): VT	[MsgId: MMSG-17999]
Action.c(13): VA	[MsgId: MMSG-17999]
Action.c(13): VA	[MsgId: MMSG-17999]
Action.c(13): VT	[MsgId: MMSG-17999]
Action.c(13): UT	[MsgId: MMSG-17999]
Action.c(13): VA	[MsgId: MMSG-17999]
Action.c(13): VI	[MsgId: MMSG-17999]
Action.c(13): VI	[MsgId: MMSG-17999]
Action.c(13): VA	[MsgId: MMSG-17999]
Action.c(13): VT	[MsgId: MMSG-17999]
Action.c(13): VI	[MsgId: MMSG-17999]
Action.c(13): WA	[MsgId: MMSG-17999]
Action.c(13): WA	[MsgId: MMSG-17999]
Action.c(13): VI	[MsgId: MMSG-17999]
Action.c(13): VA	[MsgId: MMSG-17999]
Action.c(13): WA	[MsgId: MMSG-17999]
Action.c(13): WV	[MsgId: MMSG-17999]
Action.c(13): WV	[MsgId: MMSG-17999]
Action.c(13): WA	[MsgId: MMSG-17999]
Action.c(13): VI	[MsgId: MMSG-17999]
Action.c(13): WV	[MsgId: MMSG-17999]
Action.c(13): WI	[MsgId: MMSG-17999]
Action.c(13): WI	[MsgId: MMSG-17999]
Action.c(13): WV	[MsgId: MMSG-17999]
Action.c(13): WA	[MsgId: MMSG-17999]
Action.c(13): WI	[MsgId: MMSG-17999]
Action.c(13): WY	[MsgId: MMSG-17999]
Action.c(13): WY	[MsgId: MMSG-17999]
Action.c(13): WI	[MsgId: MMSG-17999]
Action.c(13): WV	[MsgId: MMSG-17999]
Action.c(13): WY	[MsgId: MMSG-17999]
Action.c(13): AL	[MsgId: MMSG-17999]
Action.c(13): WY	[MsgId: MMSG-17999]
Action.c(13): WI	[MsgId: MMSG-17999]
Action.c(13): AL	[MsgId: MMSG-17999]
Action.c(13): AL	[MsgId: MMSG-17999]
Action.c(13): AK	[MsgId: MMSG-17999]
Action.c(13): AK	[MsgId: MMSG-17999]
Action.c(13): AL	[MsgId: MMSG-17999]
Action.c(13): WY	[MsgId: MMSG-17999]
Action.c(13): AK	[MsgId: MMSG-17999]
Action.c(13): AS	[MsgId: MMSG-17999]
Action.c(13): AK	[MsgId: MMSG-17999]
Action.c(13): AS	[MsgId: MMSG-17999]
Action.c(13): AL	[MsgId: MMSG-17999]
Action.c(13): AS	[MsgId: MMSG-17999]
Action.c(13): AZ	[MsgId: MMSG-17999]
Action.c(13): AZ	[MsgId: MMSG-17999]
Action.c(13): AS	[MsgId: MMSG-17999]
Action.c(13): AK	[MsgId: MMSG-17999]
Action.c(13): AZ	[MsgId: MMSG-17999]
Action.c(13): AR	[MsgId: MMSG-17999]
Action.c(13): AR	[MsgId: MMSG-17999]
Action.c(13): AZ	[MsgId: MMSG-17999]
Action.c(13): AS	[MsgId: MMSG-17999]
Action.c(13): AR	[MsgId: MMSG-17999]
Action.c(13): CA	[MsgId: MMSG-17999]
Action.c(13): AR	[MsgId: MMSG-17999]
Action.c(13): CA	[MsgId: MMSG-17999]
Action.c(13): AZ	[MsgId: MMSG-17999]
Action.c(13): CA	[MsgId: MMSG-17999]
Action.c(13): CO	[MsgId: MMSG-17999]
Action.c(13): CA	[MsgId: MMSG-17999]
Action.c(13): CO	[MsgId: MMSG-17999]
Action.c(13): AR	[MsgId: MMSG-17999]
Action.c(13): CO	[MsgId: MMSG-17999]
Action.c(13): CT	[MsgId: MMSG-17999]
Action.c(13): CO	[MsgId: MMSG-17999]
Action.c(13): CT	[MsgId: MMSG-17999]
Action.c(13): CA	[MsgId: MMSG-17999]
Action.c(13): CT	[MsgId: MMSG-17999]
Action.c(13): DE	[MsgId: MMSG-17999]
Action.c(13): DE	[MsgId: MMSG-17999]
Action.c(13): CT	[MsgId: MMSG-17999]
Action.c(13): CO	[MsgId: MMSG-17999]
Action.c(13): DE	[MsgId: MMSG-17999]
Action.c(13): DC	[MsgId: MMSG-17999]
Action.c(13): DE	[MsgId: MMSG-17999]
Action.c(13): DC	[MsgId: MMSG-17999]
Action.c(13): CT	[MsgId: MMSG-17999]
Action.c(13): DC	[MsgId: MMSG-17999]
Action.c(13): FL	[MsgId: MMSG-17999]
Action.c(13): FL	[MsgId: MMSG-17999]
Action.c(13): DC	[MsgId: MMSG-17999]
Action.c(13): DE	[MsgId: MMSG-17999]
Action.c(13): FL	[MsgId: MMSG-17999]
Action.c(13): GA	[MsgId: MMSG-17999]
Action.c(13): GA	[MsgId: MMSG-17999]
Action.c(13): FL	[MsgId: MMSG-17999]
Action.c(13): DC	[MsgId: MMSG-17999]
Action.c(13): GA	[MsgId: MMSG-17999]
Action.c(13): GU	[MsgId: MMSG-17999]
Action.c(13): GU	[MsgId: MMSG-17999]
Action.c(13): GA	[MsgId: MMSG-17999]
Action.c(13): FL	[MsgId: MMSG-17999]
Action.c(13): GU	[MsgId: MMSG-17999]
Action.c(13): HI	[MsgId: MMSG-17999]
Action.c(13): HI	[MsgId: MMSG-17999]
Action.c(13): GU	[MsgId: MMSG-17999]
Action.c(13): GA	[MsgId: MMSG-17999]
Action.c(13): HI	[MsgId: MMSG-17999]
Action.c(13): ID	[MsgId: MMSG-17999]
Action.c(13): ID	[MsgId: MMSG-17999]
Action.c(13): HI	[MsgId: MMSG-17999]
Action.c(13): GU	[MsgId: MMSG-17999]
Action.c(13): ID	[MsgId: MMSG-17999]
Action.c(13): IL	[MsgId: MMSG-17999]
Action.c(13): IL	[MsgId: MMSG-17999]
Action.c(13): ID	[MsgId: MMSG-17999]
Action.c(13): HI	[MsgId: MMSG-17999]
Action.c(13): IL	[MsgId: MMSG-17999]
Action.c(13): IN	[MsgId: MMSG-17999]
Action.c(13): IN	[MsgId: MMSG-17999]
Action.c(13): IL	[MsgId: MMSG-17999]
Action.c(13): ID	[MsgId: MMSG-17999]
Action.c(13): IN	[MsgId: MMSG-17999]
Action.c(13): IA	[MsgId: MMSG-17999]
Action.c(13): IA	[MsgId: MMSG-17999]
Action.c(13): IN	[MsgId: MMSG-17999]
Action.c(13): IL	[MsgId: MMSG-17999]
Action.c(13): IA	[MsgId: MMSG-17999]
Action.c(13): KS	[MsgId: MMSG-17999]
Action.c(13): KS	[MsgId: MMSG-17999]
Action.c(13): IA	[MsgId: MMSG-17999]
Action.c(13): IN	[MsgId: MMSG-17999]
Action.c(13): KS	[MsgId: MMSG-17999]
Action.c(13): KY	[MsgId: MMSG-17999]
Action.c(13): KS	[MsgId: MMSG-17999]
Action.c(13): IA	[MsgId: MMSG-17999]
Action.c(13): KY	[MsgId: MMSG-17999]
Action.c(13): KY	[MsgId: MMSG-17999]
Action.c(13): LA	[MsgId: MMSG-17999]
Action.c(13): LA	[MsgId: MMSG-17999]
Action.c(13): KY	[MsgId: MMSG-17999]
Action.c(13): KS	[MsgId: MMSG-17999]
Action.c(13): LA	[MsgId: MMSG-17999]
Action.c(13): ME	[MsgId: MMSG-17999]
Action.c(13): ME	[MsgId: MMSG-17999]
Action.c(13): LA	[MsgId: MMSG-17999]
Action.c(13): KY	[MsgId: MMSG-17999]
Action.c(13): ME	[MsgId: MMSG-17999]
Action.c(13): MD	[MsgId: MMSG-17999]
Action.c(13): MD	[MsgId: MMSG-17999]
Action.c(13): ME	[MsgId: MMSG-17999]
Action.c(13): LA	[MsgId: MMSG-17999]
Action.c(13): MD	[MsgId: MMSG-17999]
Action.c(13): MH	[MsgId: MMSG-17999]
Action.c(13): MD	[MsgId: MMSG-17999]
Action.c(13): MH	[MsgId: MMSG-17999]
Action.c(13): ME	[MsgId: MMSG-17999]
Action.c(13): MH	[MsgId: MMSG-17999]
Action.c(13): MA	[MsgId: MMSG-17999]
Action.c(13): MH	[MsgId: MMSG-17999]
Action.c(13): MD	[MsgId: MMSG-17999]
Action.c(13): MA	[MsgId: MMSG-17999]
Action.c(13): MA	[MsgId: MMSG-17999]
Action.c(13): MI	[MsgId: MMSG-17999]
Action.c(13): MA	[MsgId: MMSG-17999]
Action.c(13): MI	[MsgId: MMSG-17999]
Action.c(13): MH	[MsgId: MMSG-17999]
Action.c(13): MI	[MsgId: MMSG-17999]
Action.c(13): FM	[MsgId: MMSG-17999]
Action.c(13): FM	[MsgId: MMSG-17999]
Action.c(13): MI	[MsgId: MMSG-17999]
Action.c(13): MA	[MsgId: MMSG-17999]
Action.c(13): FM	[MsgId: MMSG-17999]
Action.c(6): Notify: Transaction "http://localhost:8080/static/e0747a62/scripts/yui/autocomplete/autocomplete-min.js" will be skipped - could not calculate the transaction time (duration=0.0039, think_time=0.0000, wasted_time=0.0060).	[MsgId: MMSG-16889]
Action.c(13): MN	[MsgId: MMSG-17999]
Action.c(13): MN	[MsgId: MMSG-17999]
Action.c(13): FM	[MsgId: MMSG-17999]
Action.c(13): MI	[MsgId: MMSG-17999]
Action.c(13): MN	[MsgId: MMSG-17999]
Action.c(13): MS	[MsgId: MMSG-17999]
Action.c(13): MS	[MsgId: MMSG-17999]
Action.c(13): MN	[MsgId: MMSG-17999]
Action.c(13): FM	[MsgId: MMSG-17999]
Action.c(13): MS	[MsgId: MMSG-17999]
Action.c(13): MO	[MsgId: MMSG-17999]
Action.c(13): MO	[MsgId: MMSG-17999]
Action.c(13): MS	[MsgId: MMSG-17999]
Action.c(13): MN	[MsgId: MMSG-17999]
Action.c(13): MO	[MsgId: MMSG-17999]
Action.c(13): MT	[MsgId: MMSG-17999]
Action.c(13): MO	[MsgId: MMSG-17999]
Action.c(13): MT	[MsgId: MMSG-17999]
Action.c(13): MS	[MsgId: MMSG-17999]
Action.c(13): MT	[MsgId: MMSG-17999]
Action.c(13): NE	[MsgId: MMSG-17999]
Action.c(13): MT	[MsgId: MMSG-17999]
Action.c(13): MO	[MsgId: MMSG-17999]
Action.c(13): NE	[MsgId: MMSG-17999]
Action.c(13): NE	[MsgId: MMSG-17999]
Action.c(13): NV	[MsgId: MMSG-17999]
Action.c(13): NV	[MsgId: MMSG-17999]
Action.c(13): NE	[MsgId: MMSG-17999]
Action.c(13): MT	[MsgId: MMSG-17999]
Action.c(13): NV	[MsgId: MMSG-17999]
Action.c(13): NH	[MsgId: MMSG-17999]
Action.c(13): NH	[MsgId: MMSG-17999]
Action.c(13): NV	[MsgId: MMSG-17999]
Action.c(13): NE	[MsgId: MMSG-17999]
Action.c(13): NH	[MsgId: MMSG-17999]
Action.c(13): NJ	[MsgId: MMSG-17999]
Action.c(13): NJ	[MsgId: MMSG-17999]
Action.c(13): NH	[MsgId: MMSG-17999]
Action.c(13): NV	[MsgId: MMSG-17999]
Action.c(13): NJ	[MsgId: MMSG-17999]
Action.c(13): NM	[MsgId: MMSG-17999]
Action.c(13): NM	[MsgId: MMSG-17999]
Action.c(13): NJ	[MsgId: MMSG-17999]
Action.c(13): NH	[MsgId: MMSG-17999]
Action.c(13): NM	[MsgId: MMSG-17999]
Action.c(13): NY	[MsgId: MMSG-17999]
Action.c(13): NY	[MsgId: MMSG-17999]
Action.c(13): NM	[MsgId: MMSG-17999]
Action.c(13): NJ	[MsgId: MMSG-17999]
Action.c(13): NY	[MsgId: MMSG-17999]
Action.c(13): NC	[MsgId: MMSG-17999]
Action.c(13): NC	[MsgId: MMSG-17999]
Action.c(13): NY	[MsgId: MMSG-17999]
Action.c(13): NM	[MsgId: MMSG-17999]
Action.c(13): NC	[MsgId: MMSG-17999]
Action.c(13): ND	[MsgId: MMSG-17999]
Action.c(13): ND	[MsgId: MMSG-17999]
Action.c(13): NC	[MsgId: MMSG-17999]
Action.c(13): NY	[MsgId: MMSG-17999]
Action.c(13): ND	[MsgId: MMSG-17999]
Action.c(13): MP	[MsgId: MMSG-17999]
Action.c(13): MP	[MsgId: MMSG-17999]
Action.c(13): ND	[MsgId: MMSG-17999]
Action.c(13): NC	[MsgId: MMSG-17999]
Action.c(13): MP	[MsgId: MMSG-17999]
Action.c(13): OH	[MsgId: MMSG-17999]
Action.c(13): OH	[MsgId: MMSG-17999]
Action.c(13): MP	[MsgId: MMSG-17999]
Action.c(13): ND	[MsgId: MMSG-17999]
Action.c(13): OH	[MsgId: MMSG-17999]
Action.c(13): OK	[MsgId: MMSG-17999]
Action.c(13): OK	[MsgId: MMSG-17999]
Action.c(13): OH	[MsgId: MMSG-17999]
Action.c(13): MP	[MsgId: MMSG-17999]
Action.c(13): OK	[MsgId: MMSG-17999]
Action.c(13): OR	[MsgId: MMSG-17999]
Action.c(13): OR	[MsgId: MMSG-17999]
Action.c(13): OK	[MsgId: MMSG-17999]
Action.c(13): OH	[MsgId: MMSG-17999]
Action.c(13): OR	[MsgId: MMSG-17999]
Action.c(13): PW	[MsgId: MMSG-17999]
Action.c(13): PW	[MsgId: MMSG-17999]
Action.c(13): OR	[MsgId: MMSG-17999]
Action.c(13): OK	[MsgId: MMSG-17999]
Action.c(13): PW	[MsgId: MMSG-17999]
Action.c(13): PA	[MsgId: MMSG-17999]
Action.c(13): PA	[MsgId: MMSG-17999]
Action.c(13): PW	[MsgId: MMSG-17999]
Action.c(13): OR	[MsgId: MMSG-17999]
Action.c(13): PA	[MsgId: MMSG-17999]
Action.c(13): PR	[MsgId: MMSG-17999]
Action.c(13): PR	[MsgId: MMSG-17999]
Action.c(13): PA	[MsgId: MMSG-17999]
Action.c(13): PW	[MsgId: MMSG-17999]
Action.c(13): PR	[MsgId: MMSG-17999]
Action.c(6): Notify: Transaction "http://localhost:8080/adjuncts/e0747a62/lib/layout/breadcrumbs.css" will be skipped - could not calculate the transaction time (duration=0.0024, think_time=0.0000, wasted_time=0.0041).	[MsgId: MMSG-16889]
Action.c(6): Notify: Transaction "http://localhost:8080/adjuncts/e0747a62/lib/layout/breadcrumbs.js" will be skipped - could not calculate the transaction time (duration=0.0021, think_time=0.0000, wasted_time=0.0038).	[MsgId: MMSG-16889]
Action.c(13): RI	[MsgId: MMSG-17999]
Action.c(13): PA	[MsgId: MMSG-17999]
Action.c(13): PR	[MsgId: MMSG-17999]
Action.c(13): RI	[MsgId: MMSG-17999]
Action.c(13): RI	[MsgId: MMSG-17999]
Action.c(13): SC	[MsgId: MMSG-17999]
Action.c(13): PR	[MsgId: MMSG-17999]
Action.c(13): SC	[MsgId: MMSG-17999]
Action.c(13): RI	[MsgId: MMSG-17999]
Action.c(13): SC	[MsgId: MMSG-17999]
Action.c(13): SD	[MsgId: MMSG-17999]
Action.c(13): SD	[MsgId: MMSG-17999]
Action.c(13): RI	[MsgId: MMSG-17999]
Action.c(13): SD	[MsgId: MMSG-17999]
Action.c(13): SC	[MsgId: MMSG-17999]
Action.c(13): TN	[MsgId: MMSG-17999]
Action.c(13): TN	[MsgId: MMSG-17999]
Action.c(13): SD	[MsgId: MMSG-17999]
Action.c(13): SC	[MsgId: MMSG-17999]
Action.c(13): TN	[MsgId: MMSG-17999]
Action.c(13): TX	[MsgId: MMSG-17999]
Action.c(13): TX	[MsgId: MMSG-17999]
Action.c(13): SD	[MsgId: MMSG-17999]
Action.c(13): TN	[MsgId: MMSG-17999]
Action.c(13): TX	[MsgId: MMSG-17999]
Action.c(13): UT	[MsgId: MMSG-17999]
Action.c(13): TN	[MsgId: MMSG-17999]
Action.c(13): UT	[MsgId: MMSG-17999]
Action.c(13): TX	[MsgId: MMSG-17999]
Action.c(13): UT	[MsgId: MMSG-17999]
Warning: Iteration pacing cannot be reached (pace time = 1.00, actual time = 1.04).	[MsgId: MWAR-15995]
Action.c(13): VT	[MsgId: MMSG-17999]
Action.c(13): VT	[MsgId: MMSG-17999]
Action.c(13): TX	[MsgId: MMSG-17999]
Action.c(13): UT	[MsgId: MMSG-17999]
Action.c(13): VT	[MsgId: MMSG-17999]
Action.c(13): VA	[MsgId: MMSG-17999]
Action.c(13): VT	[MsgId: MMSG-17999]
Action.c(13): UT	[MsgId: MMSG-17999]
Action.c(13): VA	[MsgId: MMSG-17999]
Action.c(13): VA	[MsgId: MMSG-17999]
Warning: Iteration pacing cannot be reached (pace time = 1.00, actual time = 1.07).	[MsgId: MWAR-15995]
Action.c(13): VI	[MsgId: MMSG-17999]
Action.c(13): VI	[MsgId: MMSG-17999]
Action.c(13): VA	[MsgId: MMSG-17999]
Action.c(13): VT	[MsgId: MMSG-17999]
Action.c(13): VI	[MsgId: MMSG-17999]
Action.c(13): WA	[MsgId: MMSG-17999]
Action.c(13): WA	[MsgId: MMSG-17999]
Action.c(13): VI	[MsgId: MMSG-17999]
Action.c(13): VA	[MsgId: MMSG-17999]
Action.c(13): WA	[MsgId: MMSG-17999]
Action.c(13): WV	[MsgId: MMSG-17999]
Action.c(13): VI	[MsgId: MMSG-17999]
Action.c(13): WA	[MsgId: MMSG-17999]
Action.c(13): WV	[MsgId: MMSG-17999]
Action.c(13): WV	[MsgId: MMSG-17999]
Warning: Iteration pacing cannot be reached (pace time = 1.00, actual time = 1.01).	[MsgId: MWAR-15995]
Action.c(13): WI	[MsgId: MMSG-17999]
Action.c(13): WI	[MsgId: MMSG-17999]
Action.c(13): WV	[MsgId: MMSG-17999]
Action.c(13): WA	[MsgId: MMSG-17999]
Action.c(13): WI	[MsgId: MMSG-17999]
Action.c(13): WY	[MsgId: MMSG-17999]
Action.c(13): WY	[MsgId: MMSG-17999]
Action.c(13): WI	[MsgId: MMSG-17999]
Action.c(13): WV	[MsgId: MMSG-17999]
Action.c(13): WY	[MsgId: MMSG-17999]
Action.c(13): AL	[MsgId: MMSG-17999]
Action.c(13): WY	[MsgId: MMSG-17999]
Action.c(13): WI	[MsgId: MMSG-17999]
Action.c(13): AL	[MsgId: MMSG-17999]
Action.c(13): AL	[MsgId: MMSG-17999]
Action.c(13): AK	[MsgId: MMSG-17999]
Action.c(13): AL	[MsgId: MMSG-17999]
Action.c(13): WY	[MsgId: MMSG-17999]
Action.c(13): AK	[MsgId: MMSG-17999]
Action.c(13): AK	[MsgId: MMSG-17999]
Action.c(13): AS	[MsgId: MMSG-17999]
Action.c(13): AS	[MsgId: MMSG-17999]
Action.c(13): AK	[MsgId: MMSG-17999]
Action.c(13): AL	[MsgId: MMSG-17999]
Action.c(13): AS	[MsgId: MMSG-17999]
Action.c(13): AZ	[MsgId: MMSG-17999]
Action.c(13): AS	[MsgId: MMSG-17999]
Action.c(13): AK	[MsgId: MMSG-17999]
Action.c(13): AZ	[MsgId: MMSG-17999]
Action.c(13): AZ	[MsgId: MMSG-17999]
Action.c(13): AR	[MsgId: MMSG-17999]
Action.c(13): AR	[MsgId: MMSG-17999]
Action.c(13): AZ	[MsgId: MMSG-17999]
Action.c(13): AS	[MsgId: MMSG-17999]
Action.c(13): AR	[MsgId: MMSG-17999]
Action.c(13): CA	[MsgId: MMSG-17999]
Action.c(13): AR	[MsgId: MMSG-17999]
Action.c(13): AZ	[MsgId: MMSG-17999]
Action.c(13): CA	[MsgId: MMSG-17999]
Action.c(13): CA	[MsgId: MMSG-17999]
Action.c(13): CO	[MsgId: MMSG-17999]
Action.c(13): CO	[MsgId: MMSG-17999]
Action.c(13): CA	[MsgId: MMSG-17999]
Action.c(13): AR	[MsgId: MMSG-17999]
Action.c(13): CO	[MsgId: MMSG-17999]
Action.c(13): CT	[MsgId: MMSG-17999]
Action.c(13): CO	[MsgId: MMSG-17999]
Action.c(13): CT	[MsgId: MMSG-17999]
Action.c(13): CA	[MsgId: MMSG-17999]
Action.c(13): CT	[MsgId: MMSG-17999]
Action.c(13): DE	[MsgId: MMSG-17999]
Action.c(13): CT	[MsgId: MMSG-17999]
Action.c(13): DE	[MsgId: MMSG-17999]
Action.c(13): CO	[MsgId: MMSG-17999]
Action.c(13): DE	[MsgId: MMSG-17999]
Action.c(13): DC	[MsgId: MMSG-17999]
Action.c(13): CT	[MsgId: MMSG-17999]
Action.c(13): DE	[MsgId: MMSG-17999]
Action.c(13): DC	[MsgId: MMSG-17999]
Action.c(13): DC	[MsgId: MMSG-17999]
Warning: Iteration pacing cannot be reached (pace time = 1.00, actual time = 1.05).	[MsgId: MWAR-15995]
Action.c(13): FL	[MsgId: MMSG-17999]
Action.c(13): DC	[MsgId: MMSG-17999]
Action.c(13): DE	[MsgId: MMSG-17999]
Action.c(13): FL	[MsgId: MMSG-17999]
Action.c(13): FL	[MsgId: MMSG-17999]
Action.c(13): GA	[MsgId: MMSG-17999]
Action.c(13): GA	[MsgId: MMSG-17999]
Action.c(13): FL	[MsgId: MMSG-17999]
Action.c(13): DC	[MsgId: MMSG-17999]
Action.c(13): GA	[MsgId: MMSG-17999]
Action.c(13): GA	[MsgId: MMSG-17999]
Action.c(13): GU	[MsgId: MMSG-17999]
Action.c(13): GU	[MsgId: MMSG-17999]
Action.c(13): FL	[MsgId: MMSG-17999]
Action.c(13): GU	[MsgId: MMSG-17999]
Action.c(13): HI	[MsgId: MMSG-17999]
Action.c(13): GU	[MsgId: MMSG-17999]
Action.c(13): HI	[MsgId: MMSG-17999]
Action.c(13): GA	[MsgId: MMSG-17999]
Action.c(13): HI	[MsgId: MMSG-17999]
Action.c(13): HI	[MsgId: MMSG-17999]
Action.c(13): ID	[MsgId: MMSG-17999]
Action.c(13): ID	[MsgId: MMSG-17999]
Action.c(13): GU	[MsgId: MMSG-17999]
Action.c(13): ID	[MsgId: MMSG-17999]
Action.c(13): ID	[MsgId: MMSG-17999]
Action.c(13): IL	[MsgId: MMSG-17999]
Action.c(13): IL	[MsgId: MMSG-17999]
Action.c(13): HI	[MsgId: MMSG-17999]
Action.c(13): IL	[MsgId: MMSG-17999]
Action.c(13): IN	[MsgId: MMSG-17999]
Action.c(13): IL	[MsgId: MMSG-17999]
Action.c(13): IN	[MsgId: MMSG-17999]
Action.c(13): ID	[MsgId: MMSG-17999]
Action.c(13): IN	[MsgId: MMSG-17999]
Action.c(13): IA	[MsgId: MMSG-17999]
Action.c(13): IN	[MsgId: MMSG-17999]
Action.c(13): IA	[MsgId: MMSG-17999]
Action.c(13): IL	[MsgId: MMSG-17999]
Action.c(13): IA	[MsgId: MMSG-17999]
Action.c(13): IA	[MsgId: MMSG-17999]
Action.c(13): KS	[MsgId: MMSG-17999]
Action.c(13): IN	[MsgId: MMSG-17999]
Action.c(13): KS	[MsgId: MMSG-17999]
Action.c(13): KS	[MsgId: MMSG-17999]
Action.c(13): KY	[MsgId: MMSG-17999]
Action.c(13): KS	[MsgId: MMSG-17999]
Action.c(13): KY	[MsgId: MMSG-17999]
Action.c(13): KY	[MsgId: MMSG-17999]
Action.c(13): IA	[MsgId: MMSG-17999]
Action.c(13): KY	[MsgId: MMSG-17999]
Action.c(13): LA	[MsgId: MMSG-17999]
Action.c(13): LA	[MsgId: MMSG-17999]
Action.c(13): KS	[MsgId: MMSG-17999]
Action.c(13): LA	[MsgId: MMSG-17999]
Warning: Iteration pacing cannot be reached (pace time = 1.00, actual time = 1.10).	[MsgId: MWAR-15995]
Action.c(13): LA	[MsgId: MMSG-17999]
Action.c(13): ME	[MsgId: MMSG-17999]
Action.c(13): KY	[MsgId: MMSG-17999]
Action.c(13): ME	[MsgId: MMSG-17999]
Action.c(13): ME	[MsgId: MMSG-17999]
Warning: Iteration pacing cannot be reached (pace time = 1.00, actual time = 1.16).	[MsgId: MWAR-15995]
Action.c(13): MD	[MsgId: MMSG-17999]
Action.c(13): ME	[MsgId: MMSG-17999]
Action.c(13): LA	[MsgId: MMSG-17999]
Action.c(13): MD	[MsgId: MMSG-17999]
Action.c(13): MD	[MsgId: MMSG-17999]
Warning: Iteration pacing cannot be reached (pace time = 1.00, actual time = 1.23).	[MsgId: MWAR-15995]
Action.c(13): MH	[MsgId: MMSG-17999]
Action.c(13): MD	[MsgId: MMSG-17999]
Action.c(13): ME	[MsgId: MMSG-17999]
Action.c(13): MH	[MsgId: MMSG-17999]
Action.c(13): MH	[MsgId: MMSG-17999]
Warning: Iteration pacing cannot be reached (pace time = 1.00, actual time = 1.11).	[MsgId: MWAR-15995]
Action.c(13): MH	[MsgId: MMSG-17999]
Action.c(13): MA	[MsgId: MMSG-17999]
Action.c(13): MA	[MsgId: MMSG-17999]
Action.c(13): MD	[MsgId: MMSG-17999]
Action.c(13): MA	[MsgId: MMSG-17999]
Warning: Iteration pacing cannot be reached (pace time = 1.00, actual time = 1.18).	[MsgId: MWAR-15995]
Action.c(13): MA	[MsgId: MMSG-17999]
Action.c(13): MI	[MsgId: MMSG-17999]
Action.c(13): MH	[MsgId: MMSG-17999]
Action.c(13): MI	[MsgId: MMSG-17999]
Action.c(13): MI	[MsgId: MMSG-17999]
Action.c(13): MI	[MsgId: MMSG-17999]
Action.c(13): FM	[MsgId: MMSG-17999]
Action.c(13): FM	[MsgId: MMSG-17999]
Action.c(13): FM	[MsgId: MMSG-17999]
Warning: Iteration pacing cannot be reached (pace time = 1.00, actual time = 1.02).	[MsgId: MWAR-15995]
Action.c(13): MA	[MsgId: MMSG-17999]
Action.c(13): FM	[MsgId: MMSG-17999]
Action.c(13): MN	[MsgId: MMSG-17999]
Action.c(13): MN	[MsgId: MMSG-17999]
Action.c(13): MN	[MsgId: MMSG-17999]
Action.c(13): MI	[MsgId: MMSG-17999]
Action.c(13): MN	[MsgId: MMSG-17999]
Action.c(13): MS	[MsgId: MMSG-17999]
Action.c(13): MS	[MsgId: MMSG-17999]
Action.c(13): FM	[MsgId: MMSG-17999]
Action.c(13): MS	[MsgId: MMSG-17999]
Action.c(13): MS	[MsgId: MMSG-17999]
