Action.c(14): ID	[MsgId: MMSG-17999]
Action.c(14): OR	[MsgId: MMSG-17999]
Action.c(14): ID	[MsgId: MMSG-17999]
Action.c(14): OR	[MsgId: MMSG-17999]
Action.c(14): GA	[MsgId: MMSG-17999]
Action.c(14): ID	[MsgId: MMSG-17999]
Action.c(14): OR	[MsgId: MMSG-17999]
Action.c(14): GA	[MsgId: MMSG-17999]
Action.c(14): CT	[MsgId: MMSG-17999]
Action.c(14): ID	[MsgId: MMSG-17999]
Action.c(14): OR	[MsgId: MMSG-17999]
Action.c(14): GA	[MsgId: MMSG-17999]
Action.c(14): CT	[MsgId: MMSG-17999]
Action.c(14): SD	[MsgId: MMSG-17999]
Action.c(14): ID	[MsgId: MMSG-17999]
Action.c(14): OR	[MsgId: MMSG-17999]
Action.c(14): GA	[MsgId: MMSG-17999]
Action.c(14): CT	[MsgId: MMSG-17999]
Action.c(14): SD	[MsgId: MMSG-17999]
Action.c(14): ID	[MsgId: MMSG-17999]
Action.c(14): OR	[MsgId: MMSG-17999]
Action.c(14): GA	[MsgId: MMSG-17999]
Action.c(14): CT	[MsgId: MMSG-17999]
Action.c(14): SD	[MsgId: MMSG-17999]
Action.c(14): ID	[MsgId: MMSG-17999]
Action.c(14): OR	[MsgId: MMSG-17999]
Action.c(14): GA	[MsgId: MMSG-17999]
Action.c(14): CT	[MsgId: MMSG-17999]
Action.c(14): SD	[MsgId: MMSG-17999]
Action.c(14): ID	[MsgId: MMSG-17999]
Action.c(14): OR	[MsgId: MMSG-17999]
Action.c(14): GA	[MsgId: MMSG-17999]
Action.c(14): SD	[MsgId: MMSG-17999]
Action.c(14): CT	[MsgId: MMSG-17999]
Action.c(14): ID	[MsgId: MMSG-17999]
Action.c(14): OR	[MsgId: MMSG-17999]
Action.c(14): GA	[MsgId: MMSG-17999]
Action.c(14): CT	[MsgId: MMSG-17999]
Action.c(14): SD	[MsgId: MMSG-17999]
Action.c(14): ID	[MsgId: MMSG-17999]
Action.c(14): OR	[MsgId: MMSG-17999]
Action.c(14): GA	[MsgId: MMSG-17999]
Action.c(14): CT	[MsgId: MMSG-17999]
Action.c(14): SD	[MsgId: MMSG-17999]
Action.c(14): ID	[MsgId: MMSG-17999]
Action.c(14): OR	[MsgId: MMSG-17999]
Action.c(14): GA	[MsgId: MMSG-17999]
Action.c(14): CT	[MsgId: MMSG-17999]
Action.c(14): SD	[MsgId: MMSG-17999]
Action.c(14): ID	[MsgId: MMSG-17999]
Action.c(14): OR	[MsgId: MMSG-17999]
Action.c(14): GA	[MsgId: MMSG-17999]
Action.c(14): SD	[MsgId: MMSG-17999]
Action.c(14): CT	[MsgId: MMSG-17999]
Action.c(14): ID	[MsgId: MMSG-17999]
Action.c(14): OR	[MsgId: MMSG-17999]
Action.c(14): GA	[MsgId: MMSG-17999]
Action.c(14): SD	[MsgId: MMSG-17999]
Action.c(14): CT	[MsgId: MMSG-17999]
Action.c(14): ID	[MsgId: MMSG-17999]
Action.c(14): OR	[MsgId: MMSG-17999]
Action.c(14): GA	[MsgId: MMSG-17999]
Action.c(14): CT	[MsgId: MMSG-17999]
Action.c(14): SD	[MsgId: MMSG-17999]
Action.c(14): ID	[MsgId: MMSG-17999]
Action.c(14): OR	[MsgId: MMSG-17999]
Action.c(14): GA	[MsgId: MMSG-17999]
Action.c(14): CT	[MsgId: MMSG-17999]
Action.c(14): SD	[MsgId: MMSG-17999]
Action.c(14): ID	[MsgId: MMSG-17999]
Action.c(14): OR	[MsgId: MMSG-17999]
Action.c(14): GA	[MsgId: MMSG-17999]
Action.c(14): SD	[MsgId: MMSG-17999]
Action.c(14): CT	[MsgId: MMSG-17999]
Action.c(14): ID	[MsgId: MMSG-17999]
Action.c(14): OR	[MsgId: MMSG-17999]
Action.c(14): GA	[MsgId: MMSG-17999]
Action.c(14): CT	[MsgId: MMSG-17999]
Action.c(14): SD	[MsgId: MMSG-17999]
Action.c(14): ID	[MsgId: MMSG-17999]
Action.c(14): OR	[MsgId: MMSG-17999]
Action.c(14): GA	[MsgId: MMSG-17999]
Action.c(14): CT	[MsgId: MMSG-17999]
Action.c(14): SD	[MsgId: MMSG-17999]
Action.c(14): ID	[MsgId: MMSG-17999]
Action.c(14): OR	[MsgId: MMSG-17999]
Action.c(14): GA	[MsgId: MMSG-17999]
Action.c(14): SD	[MsgId: MMSG-17999]
Action.c(14): CT	[MsgId: MMSG-17999]
Action.c(14): ID	[MsgId: MMSG-17999]
Action.c(14): OR	[MsgId: MMSG-17999]
Action.c(14): GA	[MsgId: MMSG-17999]
Action.c(14): CT	[MsgId: MMSG-17999]
Action.c(14): SD	[MsgId: MMSG-17999]
Action.c(14): ID	[MsgId: MMSG-17999]
Action.c(14): OR	[MsgId: MMSG-17999]
Action.c(14): GA	[MsgId: MMSG-17999]
Action.c(14): CT	[MsgId: MMSG-17999]
Action.c(14): SD	[MsgId: MMSG-17999]
Action.c(14): ID	[MsgId: MMSG-17999]
Action.c(14): OR	[MsgId: MMSG-17999]
Action.c(14): GA	[MsgId: MMSG-17999]
Action.c(14): CT	[MsgId: MMSG-17999]
Action.c(14): SD	[MsgId: MMSG-17999]
Action.c(14): ID	[MsgId: MMSG-17999]
Action.c(14): OR	[MsgId: MMSG-17999]
Action.c(14): GA	[MsgId: MMSG-17999]
Action.c(14): SD	[MsgId: MMSG-17999]
Action.c(14): CT	[MsgId: MMSG-17999]
Action.c(14): ID	[MsgId: MMSG-17999]
Action.c(14): OR	[MsgId: MMSG-17999]
Action.c(14): GA	[MsgId: MMSG-17999]
Action.c(14): CT	[MsgId: MMSG-17999]
Action.c(14): SD	[MsgId: MMSG-17999]
Action.c(14): ID	[MsgId: MMSG-17999]
Action.c(14): OR	[MsgId: MMSG-17999]
Action.c(14): GA	[MsgId: MMSG-17999]
Action.c(14): CT	[MsgId: MMSG-17999]
Action.c(14): SD	[MsgId: MMSG-17999]
Action.c(14): ID	[MsgId: MMSG-17999]
Action.c(14): OR	[MsgId: MMSG-17999]
Action.c(14): GA	[MsgId: MMSG-17999]
Action.c(14): CT	[MsgId: MMSG-17999]
Action.c(14): SD	[MsgId: MMSG-17999]
Action.c(14): ID	[MsgId: MMSG-17999]
Action.c(14): OR	[MsgId: MMSG-17999]
Action.c(14): GA	[MsgId: MMSG-17999]
Action.c(14): CT	[MsgId: MMSG-17999]
Action.c(14): SD	[MsgId: MMSG-17999]
Action.c(14): ID	[MsgId: MMSG-17999]
Action.c(14): OR	[MsgId: MMSG-17999]
Action.c(14): GA	[MsgId: MMSG-17999]
Action.c(14): CT	[MsgId: MMSG-17999]
Action.c(14): SD	[MsgId: MMSG-17999]
Action.c(14): ID	[MsgId: MMSG-17999]
Action.c(14): OR	[MsgId: MMSG-17999]
Action.c(14): GA	[MsgId: MMSG-17999]
Action.c(14): SD	[MsgId: MMSG-17999]
Action.c(14): CT	[MsgId: MMSG-17999]
Action.c(14): ID	[MsgId: MMSG-17999]
Action.c(14): OR	[MsgId: MMSG-17999]
Action.c(14): GA	[MsgId: MMSG-17999]
Action.c(14): CT	[MsgId: MMSG-17999]
Action.c(14): SD	[MsgId: MMSG-17999]
Action.c(14): ID	[MsgId: MMSG-17999]
Action.c(14): OR	[MsgId: MMSG-17999]
Action.c(14): GA	[MsgId: MMSG-17999]
Action.c(14): SD	[MsgId: MMSG-17999]
Action.c(14): CT	[MsgId: MMSG-17999]
Action.c(14): ID	[MsgId: MMSG-17999]
Action.c(14): OR	[MsgId: MMSG-17999]
Action.c(14): GA	[MsgId: MMSG-17999]
Action.c(14): CT	[MsgId: MMSG-17999]
Action.c(14): SD	[MsgId: MMSG-17999]
Action.c(14): ID	[MsgId: MMSG-17999]
Action.c(14): OR	[MsgId: MMSG-17999]
Action.c(14): GA	[MsgId: MMSG-17999]
Action.c(14): CT	[MsgId: MMSG-17999]
Action.c(14): SD	[MsgId: MMSG-17999]
Action.c(14): ID	[MsgId: MMSG-17999]
Action.c(14): OR	[MsgId: MMSG-17999]
Action.c(14): GA	[MsgId: MMSG-17999]
Action.c(14): CT	[MsgId: MMSG-17999]
Action.c(14): SD	[MsgId: MMSG-17999]
Action.c(14): ID	[MsgId: MMSG-17999]
Action.c(14): OR	[MsgId: MMSG-17999]
Action.c(14): GA	[MsgId: MMSG-17999]
Action.c(14): CT	[MsgId: MMSG-17999]
Action.c(14): SD	[MsgId: MMSG-17999]
Action.c(14): ID	[MsgId: MMSG-17999]
Action.c(14): OR	[MsgId: MMSG-17999]
Action.c(14): GA	[MsgId: MMSG-17999]
Action.c(14): CT	[MsgId: MMSG-17999]
Action.c(14): SD	[MsgId: MMSG-17999]
Action.c(14): ID	[MsgId: MMSG-17999]
Action.c(14): OR	[MsgId: MMSG-17999]
Action.c(14): GA	[MsgId: MMSG-17999]
Action.c(14): CT	[MsgId: MMSG-17999]
Action.c(14): SD	[MsgId: MMSG-17999]
Action.c(14): ID	[MsgId: MMSG-17999]
Action.c(14): OR	[MsgId: MMSG-17999]
Action.c(14): GA	[MsgId: MMSG-17999]
Action.c(14): CT	[MsgId: MMSG-17999]
Action.c(14): SD	[MsgId: MMSG-17999]
Action.c(14): ID	[MsgId: MMSG-17999]
Action.c(14): OR	[MsgId: MMSG-17999]
Action.c(14): GA	[MsgId: MMSG-17999]
Action.c(14): CT	[MsgId: MMSG-17999]
Action.c(14): SD	[MsgId: MMSG-17999]
Action.c(14): ID	[MsgId: MMSG-17999]
Action.c(14): OR	[MsgId: MMSG-17999]
Action.c(14): GA	[MsgId: MMSG-17999]
Action.c(14): CT	[MsgId: MMSG-17999]
Action.c(14): SD	[MsgId: MMSG-17999]
Action.c(14): ID	[MsgId: MMSG-17999]
Action.c(14): OR	[MsgId: MMSG-17999]
Action.c(14): GA	[MsgId: MMSG-17999]
Action.c(14): CT	[MsgId: MMSG-17999]
Action.c(14): SD	[MsgId: MMSG-17999]
Action.c(14): ID	[MsgId: MMSG-17999]
Action.c(14): OR	[MsgId: MMSG-17999]
Action.c(14): GA	[MsgId: MMSG-17999]
Action.c(14): SD	[MsgId: MMSG-17999]
Action.c(14): CT	[MsgId: MMSG-17999]
Action.c(14): ID	[MsgId: MMSG-17999]
Action.c(14): OR	[MsgId: MMSG-17999]
Action.c(14): GA	[MsgId: MMSG-17999]
Action.c(14): CT	[MsgId: MMSG-17999]
Action.c(14): SD	[MsgId: MMSG-17999]
Action.c(14): ID	[MsgId: MMSG-17999]
Action.c(14): OR	[MsgId: MMSG-17999]
Action.c(14): GA	[MsgId: MMSG-17999]
Action.c(14): CT	[MsgId: MMSG-17999]
Action.c(14): SD	[MsgId: MMSG-17999]
Action.c(14): ID	[MsgId: MMSG-17999]
Action.c(14): OR	[MsgId: MMSG-17999]
Action.c(14): GA	[MsgId: MMSG-17999]
Action.c(14): SD	[MsgId: MMSG-17999]
Action.c(14): CT	[MsgId: MMSG-17999]
Action.c(14): ID	[MsgId: MMSG-17999]
Action.c(14): OR	[MsgId: MMSG-17999]
Action.c(14): GA	[MsgId: MMSG-17999]
Action.c(14): CT	[MsgId: MMSG-17999]
Action.c(14): SD	[MsgId: MMSG-17999]
Action.c(14): ID	[MsgId: MMSG-17999]
Action.c(14): OR	[MsgId: MMSG-17999]
Action.c(14): GA	[MsgId: MMSG-17999]
Action.c(14): SD	[MsgId: MMSG-17999]
Action.c(14): CT	[MsgId: MMSG-17999]
Action.c(14): ID	[MsgId: MMSG-17999]
Action.c(14): OR	[MsgId: MMSG-17999]
Action.c(14): GA	[MsgId: MMSG-17999]
Action.c(14): CT	[MsgId: MMSG-17999]
Action.c(14): SD	[MsgId: MMSG-17999]
Action.c(14): ID	[MsgId: MMSG-17999]
Action.c(14): OR	[MsgId: MMSG-17999]
Action.c(14): GA	[MsgId: MMSG-17999]
Action.c(14): SD	[MsgId: MMSG-17999]
Action.c(14): CT	[MsgId: MMSG-17999]
Action.c(14): ID	[MsgId: MMSG-17999]
Action.c(14): OR	[MsgId: MMSG-17999]
Action.c(14): GA	[MsgId: MMSG-17999]
Action.c(14): CT	[MsgId: MMSG-17999]
Action.c(14): SD	[MsgId: MMSG-17999]
Action.c(14): ID	[MsgId: MMSG-17999]
Action.c(14): OR	[MsgId: MMSG-17999]
Action.c(14): GA	[MsgId: MMSG-17999]
Action.c(14): CT	[MsgId: MMSG-17999]
Action.c(14): SD	[MsgId: MMSG-17999]
Action.c(14): ID	[MsgId: MMSG-17999]
Action.c(14): OR	[MsgId: MMSG-17999]
Action.c(14): GA	[MsgId: MMSG-17999]
Action.c(14): CT	[MsgId: MMSG-17999]
Action.c(14): SD	[MsgId: MMSG-17999]
Action.c(14): ID	[MsgId: MMSG-17999]
Action.c(14): OR	[MsgId: MMSG-17999]
Action.c(14): GA	[MsgId: MMSG-17999]
Action.c(14): CT	[MsgId: MMSG-17999]
Action.c(14): SD	[MsgId: MMSG-17999]
Action.c(14): ID	[MsgId: MMSG-17999]
Action.c(14): OR	[MsgId: MMSG-17999]
Action.c(14): SD	[MsgId: MMSG-17999]
Warning: Iteration pacing cannot be reached (pace time = 1.00, actual time = 1.01).	[MsgId: MWAR-15995]
Action.c(14): GA	[MsgId: MMSG-17999]
Warning: Iteration pacing cannot be reached (pace time = 1.00, actual time = 1.17).	[MsgId: MWAR-15995]
Action.c(14): CT	[MsgId: MMSG-17999]
Warning: Iteration pacing cannot be reached (pace time = 1.00, actual time = 1.13).	[MsgId: MWAR-15995]
Action.c(14): SD	[MsgId: MMSG-17999]
Action.c(14): GA	[MsgId: MMSG-17999]
Action.c(14): CT	[MsgId: MMSG-17999]
Action.c(14): SD	[MsgId: MMSG-17999]
Action.c(14): CT	[MsgId: MMSG-17999]
Action.c(14): GA	[MsgId: MMSG-17999]
Action.c(14): SD	[MsgId: MMSG-17999]
Action.c(14): CT	[MsgId: MMSG-17999]
Action.c(14): OR	[MsgId: MMSG-17999]
Warning: Iteration pacing cannot be reached (pace time = 1.00, actual time = 1.98).	[MsgId: MWAR-15995]
Action.c(14): GA	[MsgId: MMSG-17999]
Action.c(14): OR	[MsgId: MMSG-17999]
Action.c(14): ID	[MsgId: MMSG-17999]
Warning: Iteration pacing cannot be reached (pace time = 1.00, actual time = 3.02).	[MsgId: MWAR-15995]
Action.c(14): ID	[MsgId: MMSG-17999]
Action.c(14): SD	[MsgId: MMSG-17999]
Action.c(14): GA	[MsgId: MMSG-17999]
Action.c(14): CT	[MsgId: MMSG-17999]
Action.c(14): OR	[MsgId: MMSG-17999]
Action.c(14): OR	[MsgId: MMSG-17999]
Action.c(14): CT	[MsgId: MMSG-17999]
Warning: Iteration pacing cannot be reached (pace time = 1.00, actual time = 1.46).	[MsgId: MWAR-15995]
Action.c(14): SD	[MsgId: MMSG-17999]
Warning: Iteration pacing cannot be reached (pace time = 1.00, actual time = 2.57).	[MsgId: MWAR-15995]
Action.c(14): OR	[MsgId: MMSG-17999]
Action.c(14): GA	[MsgId: MMSG-17999]
Warning: Iteration pacing cannot be reached (pace time = 1.00, actual time = 2.71).	[MsgId: MWAR-15995]
Action.c(14): SD	[MsgId: MMSG-17999]
Action.c(14): GA	[MsgId: MMSG-17999]
Action.c(14): CT	[MsgId: MMSG-17999]
Warning: Iteration pacing cannot be reached (pace time = 1.00, actual time = 1.26).	[MsgId: MWAR-15995]
Action.c(14): CT	[MsgId: MMSG-17999]
Action.c(14): ID	[MsgId: MMSG-17999]
Warning: Iteration pacing cannot be reached (pace time = 1.00, actual time = 3.35).	[MsgId: MWAR-15995]
Action.c(14): ID	[MsgId: MMSG-17999]
Action.c(14): OR	[MsgId: MMSG-17999]
Action.c(14): SD	[MsgId: MMSG-17999]
Action.c(14): GA	[MsgId: MMSG-17999]
Action.c(14): CT	[MsgId: MMSG-17999]
Action.c(14): OR	[MsgId: MMSG-17999]
Action.c(14): ID	[MsgId: MMSG-17999]
Action.c(14): SD	[MsgId: MMSG-17999]
Action.c(14): GA	[MsgId: MMSG-17999]
Action.c(14): CT	[MsgId: MMSG-17999]
Action.c(14): ID	[MsgId: MMSG-17999]
Action.c(14): OR	[MsgId: MMSG-17999]
Action.c(14): SD	[MsgId: MMSG-17999]
Action.c(14): GA	[MsgId: MMSG-17999]
Action.c(14): CT	[MsgId: MMSG-17999]
Action.c(14): ID	[MsgId: MMSG-17999]
Action.c(14): OR	[MsgId: MMSG-17999]
Action.c(14): SD	[MsgId: MMSG-17999]
Action.c(14): GA	[MsgId: MMSG-17999]
Action.c(14): CT	[MsgId: MMSG-17999]
Action.c(14): ID	[MsgId: MMSG-17999]
Action.c(14): OR	[MsgId: MMSG-17999]
Action.c(14): SD	[MsgId: MMSG-17999]
Action.c(14): GA	[MsgId: MMSG-17999]
Action.c(14): CT	[MsgId: MMSG-17999]
Action.c(14): ID	[MsgId: MMSG-17999]
Action.c(14): OR	[MsgId: MMSG-17999]
Action.c(14): SD	[MsgId: MMSG-17999]
Action.c(14): GA	[MsgId: MMSG-17999]
Action.c(14): CT	[MsgId: MMSG-17999]
Action.c(14): ID	[MsgId: MMSG-17999]
Action.c(14): OR	[MsgId: MMSG-17999]
Action.c(14): SD	[MsgId: MMSG-17999]
Action.c(14): GA	[MsgId: MMSG-17999]
Action.c(14): CT	[MsgId: MMSG-17999]
Action.c(14): ID	[MsgId: MMSG-17999]
Action.c(14): OR	[MsgId: MMSG-17999]
Action.c(14): SD	[MsgId: MMSG-17999]
Action.c(14): GA	[MsgId: MMSG-17999]
Action.c(14): CT	[MsgId: MMSG-17999]
Action.c(14): ID	[MsgId: MMSG-17999]
Action.c(14): OR	[MsgId: MMSG-17999]
Action.c(14): SD	[MsgId: MMSG-17999]
Action.c(14): GA	[MsgId: MMSG-17999]
Action.c(14): CT	[MsgId: MMSG-17999]
Action.c(14): ID	[MsgId: MMSG-17999]
Action.c(14): OR	[MsgId: MMSG-17999]
Action.c(14): SD	[MsgId: MMSG-17999]
Action.c(14): GA	[MsgId: MMSG-17999]
Action.c(14): CT	[MsgId: MMSG-17999]
Action.c(14): ID	[MsgId: MMSG-17999]
Action.c(14): OR	[MsgId: MMSG-17999]
Action.c(14): SD	[MsgId: MMSG-17999]
Action.c(14): GA	[MsgId: MMSG-17999]
Action.c(14): CT	[MsgId: MMSG-17999]
Action.c(14): ID	[MsgId: MMSG-17999]
Action.c(14): OR	[MsgId: MMSG-17999]
Action.c(14): SD	[MsgId: MMSG-17999]
Action.c(14): GA	[MsgId: MMSG-17999]
Action.c(14): CT	[MsgId: MMSG-17999]
Action.c(14): OR	[MsgId: MMSG-17999]
Action.c(14): ID	[MsgId: MMSG-17999]
Action.c(14): SD	[MsgId: MMSG-17999]
Action.c(14): GA	[MsgId: MMSG-17999]
Action.c(14): CT	[MsgId: MMSG-17999]
Action.c(14): ID	[MsgId: MMSG-17999]
Action.c(14): OR	[MsgId: MMSG-17999]
Action.c(14): SD	[MsgId: MMSG-17999]
Action.c(14): GA	[MsgId: MMSG-17999]
Action.c(14): CT	[MsgId: MMSG-17999]
Action.c(14): ID	[MsgId: MMSG-17999]
Action.c(14): OR	[MsgId: MMSG-17999]
Action.c(14): SD	[MsgId: MMSG-17999]
Action.c(14): GA	[MsgId: MMSG-17999]
Action.c(14): CT	[MsgId: MMSG-17999]
Action.c(14): ID	[MsgId: MMSG-17999]
Action.c(14): OR	[MsgId: MMSG-17999]
Action.c(14): SD	[MsgId: MMSG-17999]
Action.c(14): GA	[MsgId: MMSG-17999]
Action.c(14): CT	[MsgId: MMSG-17999]
Action.c(14): ID	[MsgId: MMSG-17999]
Action.c(14): OR	[MsgId: MMSG-17999]
Action.c(14): SD	[MsgId: MMSG-17999]
Action.c(14): GA	[MsgId: MMSG-17999]
Action.c(14): CT	[MsgId: MMSG-17999]
Action.c(14): ID	[MsgId: MMSG-17999]
Action.c(14): OR	[MsgId: MMSG-17999]
Action.c(14): SD	[MsgId: MMSG-17999]
Action.c(14): GA	[MsgId: MMSG-17999]
Action.c(14): CT	[MsgId: MMSG-17999]
Action.c(14): ID	[MsgId: MMSG-17999]
Action.c(14): OR	[MsgId: MMSG-17999]
Action.c(14): SD	[MsgId: MMSG-17999]
Action.c(14): GA	[MsgId: MMSG-17999]
Action.c(14): CT	[MsgId: MMSG-17999]
Action.c(14): ID	[MsgId: MMSG-17999]
Action.c(14): OR	[MsgId: MMSG-17999]
Action.c(14): SD	[MsgId: MMSG-17999]
Action.c(14): GA	[MsgId: MMSG-17999]
Action.c(14): CT	[MsgId: MMSG-17999]
Action.c(14): ID	[MsgId: MMSG-17999]
Action.c(14): OR	[MsgId: MMSG-17999]
Action.c(14): SD	[MsgId: MMSG-17999]
Action.c(14): GA	[MsgId: MMSG-17999]
Action.c(14): CT	[MsgId: MMSG-17999]
Action.c(14): ID	[MsgId: MMSG-17999]
Action.c(14): OR	[MsgId: MMSG-17999]
Action.c(14): SD	[MsgId: MMSG-17999]
Action.c(14): GA	[MsgId: MMSG-17999]
Action.c(14): CT	[MsgId: MMSG-17999]
Action.c(14): OR	[MsgId: MMSG-17999]
Action.c(14): ID	[MsgId: MMSG-17999]
Action.c(14): SD	[MsgId: MMSG-17999]
Action.c(14): GA	[MsgId: MMSG-17999]
Action.c(14): CT	[MsgId: MMSG-17999]
Action.c(14): ID	[MsgId: MMSG-17999]
Action.c(14): OR	[MsgId: MMSG-17999]
Action.c(14): SD	[MsgId: MMSG-17999]
Action.c(14): CT	[MsgId: MMSG-17999]
Action.c(14): GA	[MsgId: MMSG-17999]
Action.c(14): ID	[MsgId: MMSG-17999]
Action.c(14): OR	[MsgId: MMSG-17999]
Action.c(14): SD	[MsgId: MMSG-17999]
Action.c(14): GA	[MsgId: MMSG-17999]
Action.c(14): CT	[MsgId: MMSG-17999]
Action.c(14): ID	[MsgId: MMSG-17999]
Action.c(14): OR	[MsgId: MMSG-17999]
Action.c(14): SD	[MsgId: MMSG-17999]
Action.c(14): GA	[MsgId: MMSG-17999]
Action.c(14): CT	[MsgId: MMSG-17999]
Action.c(14): ID	[MsgId: MMSG-17999]
Action.c(14): OR	[MsgId: MMSG-17999]
Action.c(14): SD	[MsgId: MMSG-17999]
Action.c(14): GA	[MsgId: MMSG-17999]
Action.c(14): CT	[MsgId: MMSG-17999]
Action.c(14): ID	[MsgId: MMSG-17999]
Action.c(14): OR	[MsgId: MMSG-17999]
Action.c(14): SD	[MsgId: MMSG-17999]
Action.c(14): GA	[MsgId: MMSG-17999]
Action.c(14): CT	[MsgId: MMSG-17999]
Action.c(14): ID	[MsgId: MMSG-17999]
Action.c(14): OR	[MsgId: MMSG-17999]
Action.c(14): SD	[MsgId: MMSG-17999]
Action.c(14): GA	[MsgId: MMSG-17999]
Action.c(14): CT	[MsgId: MMSG-17999]
Action.c(14): ID	[MsgId: MMSG-17999]
Action.c(14): OR	[MsgId: MMSG-17999]
Action.c(14): SD	[MsgId: MMSG-17999]
Action.c(14): GA	[MsgId: MMSG-17999]
Action.c(14): CT	[MsgId: MMSG-17999]
Action.c(14): ID	[MsgId: MMSG-17999]
Action.c(14): OR	[MsgId: MMSG-17999]
Action.c(14): SD	[MsgId: MMSG-17999]
Action.c(14): GA	[MsgId: MMSG-17999]
Action.c(14): CT	[MsgId: MMSG-17999]
Action.c(14): ID	[MsgId: MMSG-17999]
Action.c(14): OR	[MsgId: MMSG-17999]
Action.c(14): SD	[MsgId: MMSG-17999]
Action.c(14): GA	[MsgId: MMSG-17999]
Action.c(14): CT	[MsgId: MMSG-17999]
Action.c(14): ID	[MsgId: MMSG-17999]
Action.c(14): OR	[MsgId: MMSG-17999]
Action.c(14): SD	[MsgId: MMSG-17999]
Action.c(14): GA	[MsgId: MMSG-17999]
Action.c(14): CT	[MsgId: MMSG-17999]
Action.c(14): ID	[MsgId: MMSG-17999]
Action.c(14): OR	[MsgId: MMSG-17999]
Action.c(14): SD	[MsgId: MMSG-17999]
Action.c(14): GA	[MsgId: MMSG-17999]
Action.c(14): CT	[MsgId: MMSG-17999]
Action.c(14): ID	[MsgId: MMSG-17999]
Action.c(14): OR	[MsgId: MMSG-17999]
Action.c(14): SD	[MsgId: MMSG-17999]
Action.c(14): GA	[MsgId: MMSG-17999]
Action.c(14): CT	[MsgId: MMSG-17999]
Action.c(14): ID	[MsgId: MMSG-17999]
Action.c(14): OR	[MsgId: MMSG-17999]
Action.c(14): SD	[MsgId: MMSG-17999]
Action.c(14): GA	[MsgId: MMSG-17999]
Action.c(14): CT	[MsgId: MMSG-17999]
Action.c(14): ID	[MsgId: MMSG-17999]
Action.c(14): OR	[MsgId: MMSG-17999]
Action.c(14): SD	[MsgId: MMSG-17999]
Action.c(14): GA	[MsgId: MMSG-17999]
Action.c(14): CT	[MsgId: MMSG-17999]
Action.c(14): OR	[MsgId: MMSG-17999]
Action.c(14): SD	[MsgId: MMSG-17999]
Action.c(14): ID	[MsgId: MMSG-17999]
Action.c(14): GA	[MsgId: MMSG-17999]
Action.c(14): CT	[MsgId: MMSG-17999]
Action.c(14): ID	[MsgId: MMSG-17999]
Action.c(14): OR	[MsgId: MMSG-17999]
Action.c(14): SD	[MsgId: MMSG-17999]
Action.c(14): GA	[MsgId: MMSG-17999]
Action.c(14): CT	[MsgId: MMSG-17999]
Action.c(14): ID	[MsgId: MMSG-17999]
Action.c(14): OR	[MsgId: MMSG-17999]
Action.c(14): SD	[MsgId: MMSG-17999]
Action.c(14): GA	[MsgId: MMSG-17999]
Action.c(14): CT	[MsgId: MMSG-17999]
Action.c(14): OR	[MsgId: MMSG-17999]
Action.c(14): ID	[MsgId: MMSG-17999]
Action.c(14): SD	[MsgId: MMSG-17999]
Action.c(14): GA	[MsgId: MMSG-17999]
Action.c(14): CT	[MsgId: MMSG-17999]
Action.c(14): OR	[MsgId: MMSG-17999]
Action.c(14): ID	[MsgId: MMSG-17999]
Action.c(14): SD	[MsgId: MMSG-17999]
Action.c(14): GA	[MsgId: MMSG-17999]
Action.c(14): CT	[MsgId: MMSG-17999]
Action.c(14): OR	[MsgId: MMSG-17999]
Action.c(14): ID	[MsgId: MMSG-17999]
Action.c(14): SD	[MsgId: MMSG-17999]
Action.c(14): GA	[MsgId: MMSG-17999]
Action.c(14): CT	[MsgId: MMSG-17999]
Action.c(14): OR	[MsgId: MMSG-17999]
Action.c(14): ID	[MsgId: MMSG-17999]
Action.c(14): SD	[MsgId: MMSG-17999]
Action.c(14): GA	[MsgId: MMSG-17999]
Action.c(14): CT	[MsgId: MMSG-17999]
Action.c(14): OR	[MsgId: MMSG-17999]
Action.c(14): ID	[MsgId: MMSG-17999]
Action.c(14): SD	[MsgId: MMSG-17999]
Action.c(14): GA	[MsgId: MMSG-17999]
Action.c(14): CT	[MsgId: MMSG-17999]
Action.c(14): OR	[MsgId: MMSG-17999]
Action.c(14): ID	[MsgId: MMSG-17999]
Action.c(14): SD	[MsgId: MMSG-17999]
Action.c(14): GA	[MsgId: MMSG-17999]
Action.c(14): CT	[MsgId: MMSG-17999]
Action.c(14): OR	[MsgId: MMSG-17999]
Action.c(14): ID	[MsgId: MMSG-17999]
Action.c(14): SD	[MsgId: MMSG-17999]
Action.c(14): GA	[MsgId: MMSG-17999]
Action.c(14): CT	[MsgId: MMSG-17999]
Action.c(14): OR	[MsgId: MMSG-17999]
Action.c(14): ID	[MsgId: MMSG-17999]
Action.c(14): SD	[MsgId: MMSG-17999]
Action.c(14): GA	[MsgId: MMSG-17999]
Action.c(14): CT	[MsgId: MMSG-17999]
Action.c(14): OR	[MsgId: MMSG-17999]
Action.c(14): ID	[MsgId: MMSG-17999]
Action.c(14): SD	[MsgId: MMSG-17999]
Action.c(14): GA	[MsgId: MMSG-17999]
Action.c(14): CT	[MsgId: MMSG-17999]
Action.c(14): OR	[MsgId: MMSG-17999]
Action.c(14): ID	[MsgId: MMSG-17999]
Action.c(14): SD	[MsgId: MMSG-17999]
Action.c(14): GA	[MsgId: MMSG-17999]
Action.c(14): CT	[MsgId: MMSG-17999]
Action.c(14): OR	[MsgId: MMSG-17999]
Action.c(14): ID	[MsgId: MMSG-17999]
Action.c(14): SD	[MsgId: MMSG-17999]
Action.c(14): GA	[MsgId: MMSG-17999]
Action.c(14): CT	[MsgId: MMSG-17999]
Action.c(14): OR	[MsgId: MMSG-17999]
Action.c(14): ID	[MsgId: MMSG-17999]
Action.c(14): SD	[MsgId: MMSG-17999]
Action.c(14): CT	[MsgId: MMSG-17999]
Action.c(14): OR	[MsgId: MMSG-17999]
Action.c(14): GA	[MsgId: MMSG-17999]
Warning: Iteration pacing cannot be reached (pace time = 1.00, actual time = 1.03).	[MsgId: MWAR-15995]
Action.c(14): GA	[MsgId: MMSG-17999]
Action.c(14): CT	[MsgId: MMSG-17999]
Action.c(14): SD	[MsgId: MMSG-17999]
Action.c(14): OR	[MsgId: MMSG-17999]
Action.c(14): ID	[MsgId: MMSG-17999]
Warning: Iteration pacing cannot be reached (pace time = 1.00, actual time = 1.25).	[MsgId: MWAR-15995]
Action.c(14): ID	[MsgId: MMSG-17999]
Action.c(14): SD	[MsgId: MMSG-17999]
Action.c(14): GA	[MsgId: MMSG-17999]
Action.c(14): CT	[MsgId: MMSG-17999]
Action.c(14): OR	[MsgId: MMSG-17999]
Action.c(14): ID	[MsgId: MMSG-17999]
Action.c(14): SD	[MsgId: MMSG-17999]
Action.c(14): GA	[MsgId: MMSG-17999]
Action.c(14): CT	[MsgId: MMSG-17999]
Action.c(14): OR	[MsgId: MMSG-17999]
Action.c(14): ID	[MsgId: MMSG-17999]
Action.c(14): SD	[MsgId: MMSG-17999]
Action.c(14): GA	[MsgId: MMSG-17999]
Action.c(14): CT	[MsgId: MMSG-17999]
Action.c(14): OR	[MsgId: MMSG-17999]
Action.c(14): ID	[MsgId: MMSG-17999]
Action.c(14): SD	[MsgId: MMSG-17999]
Action.c(14): GA	[MsgId: MMSG-17999]
Action.c(14): CT	[MsgId: MMSG-17999]
Action.c(14): OR	[MsgId: MMSG-17999]
Action.c(14): ID	[MsgId: MMSG-17999]
Action.c(14): SD	[MsgId: MMSG-17999]
Action.c(14): GA	[MsgId: MMSG-17999]
Action.c(14): CT	[MsgId: MMSG-17999]
Action.c(14): OR	[MsgId: MMSG-17999]
Action.c(14): ID	[MsgId: MMSG-17999]
Action.c(14): SD	[MsgId: MMSG-17999]
Action.c(14): GA	[MsgId: MMSG-17999]
Action.c(14): CT	[MsgId: MMSG-17999]
Action.c(14): OR	[MsgId: MMSG-17999]
Action.c(14): ID	[MsgId: MMSG-17999]
Action.c(14): SD	[MsgId: MMSG-17999]
Action.c(14): GA	[MsgId: MMSG-17999]
Action.c(14): CT	[MsgId: MMSG-17999]
Action.c(14): OR	[MsgId: MMSG-17999]
Action.c(14): ID	[MsgId: MMSG-17999]
Action.c(14): SD	[MsgId: MMSG-17999]
Action.c(14): GA	[MsgId: MMSG-17999]
Action.c(14): CT	[MsgId: MMSG-17999]
Action.c(14): OR	[MsgId: MMSG-17999]
Action.c(14): ID	[MsgId: MMSG-17999]
Action.c(14): SD	[MsgId: MMSG-17999]
Action.c(14): GA	[MsgId: MMSG-17999]
Action.c(14): CT	[MsgId: MMSG-17999]
Action.c(14): OR	[MsgId: MMSG-17999]
Action.c(14): SD	[MsgId: MMSG-17999]
Action.c(14): GA	[MsgId: MMSG-17999]
Action.c(14): CT	[MsgId: MMSG-17999]
Action.c(14): OR	[MsgId: MMSG-17999]
Action.c(14): SD	[MsgId: MMSG-17999]
Action.c(14): GA	[MsgId: MMSG-17999]
Action.c(14): CT	[MsgId: MMSG-17999]
Action.c(14): SD	[MsgId: MMSG-17999]
Action.c(14): CT	[MsgId: MMSG-17999]
Action.c(14): SD	[MsgId: MMSG-17999]
