Action.c(13): AK	[MsgId: MMSG-17999]
Action.c(15): Error: Failed to end Transaction "AS" (by name). Please check that you made a call to start transaction operation.	[MsgId: MERR-16985]
Action.c(13): AK	[MsgId: MMSG-17999]
Action.c(15): Error: Failed to end Transaction "AS" (by name). Please check that you made a call to start transaction operation.	[MsgId: MERR-16985]
Action.c(13): AR	[MsgId: MMSG-17999]
Action.c(15): Error: Failed to end Transaction "CA" (by name). Please check that you made a call to start transaction operation.	[MsgId: MERR-16985]
Action.c(13): AR	[MsgId: MMSG-17999]
Action.c(15): Error: Failed to end Transaction "CA" (by name). Please check that you made a call to start transaction operation.	[MsgId: MERR-16985]
Action.c(13): AK	[MsgId: MMSG-17999]
Action.c(15): Error: Failed to end Transaction "AS" (by name). Please check that you made a call to start transaction operation.	[MsgId: MERR-16985]
Action.c(13): CT	[MsgId: MMSG-17999]
Action.c(15): Error: Failed to end Transaction "DE" (by name). Please check that you made a call to start transaction operation.	[MsgId: MERR-16985]
Action.c(13): CT	[MsgId: MMSG-17999]
Action.c(15): Error: Failed to end Transaction "DE" (by name). Please check that you made a call to start transaction operation.	[MsgId: MERR-16985]
Action.c(13): AR	[MsgId: MMSG-17999]
Action.c(15): Error: Failed to end Transaction "CA" (by name). Please check that you made a call to start transaction operation.	[MsgId: MERR-16985]
Action.c(13): FL	[MsgId: MMSG-17999]
Action.c(15): Error: Failed to end Transaction "GA" (by name). Please check that you made a call to start transaction operation.	[MsgId: MERR-16985]
Action.c(13): AK	[MsgId: MMSG-17999]
Action.c(15): Error: Failed to end Transaction "AS" (by name). Please check that you made a call to start transaction operation.	[MsgId: MERR-16985]
Action.c(13): FL	[MsgId: MMSG-17999]
Action.c(15): Error: Failed to end Transaction "GA" (by name). Please check that you made a call to start transaction operation.	[MsgId: MERR-16985]
Action.c(13): CT	[MsgId: MMSG-17999]
Action.c(15): Error: Failed to end Transaction "DE" (by name). Please check that you made a call to start transaction operation.	[MsgId: MERR-16985]
Action.c(13): HI	[MsgId: MMSG-17999]
Action.c(15): Error: Failed to end Transaction "ID" (by name). Please check that you made a call to start transaction operation.	[MsgId: MERR-16985]
Action.c(13): AR	[MsgId: MMSG-17999]
Action.c(15): Error: Failed to end Transaction "CA" (by name). Please check that you made a call to start transaction operation.	[MsgId: MERR-16985]
Action.c(13): AK	[MsgId: MMSG-17999]
Action.c(15): Error: Failed to end Transaction "AS" (by name). Please check that you made a call to start transaction operation.	[MsgId: MERR-16985]
Action.c(13): HI	[MsgId: MMSG-17999]
Action.c(15): Error: Failed to end Transaction "ID" (by name). Please check that you made a call to start transaction operation.	[MsgId: MERR-16985]
Action.c(13): FL	[MsgId: MMSG-17999]
Action.c(15): Error: Failed to end Transaction "GA" (by name). Please check that you made a call to start transaction operation.	[MsgId: MERR-16985]
Action.c(13): IN	[MsgId: MMSG-17999]
Action.c(15): Error: Failed to end Transaction "IA" (by name). Please check that you made a call to start transaction operation.	[MsgId: MERR-16985]
Action.c(13): AR	[MsgId: MMSG-17999]
Action.c(15): Error: Failed to end Transaction "CA" (by name). Please check that you made a call to start transaction operation.	[MsgId: MERR-16985]
Action.c(13): CT	[MsgId: MMSG-17999]
Action.c(15): Error: Failed to end Transaction "DE" (by name). Please check that you made a call to start transaction operation.	[MsgId: MERR-16985]
Action.c(13): IN	[MsgId: MMSG-17999]
Action.c(15): Error: Failed to end Transaction "IA" (by name). Please check that you made a call to start transaction operation.	[MsgId: MERR-16985]
Action.c(13): HI	[MsgId: MMSG-17999]
Action.c(15): Error: Failed to end Transaction "ID" (by name). Please check that you made a call to start transaction operation.	[MsgId: MERR-16985]
Action.c(13): KY	[MsgId: MMSG-17999]
Action.c(15): Error: Failed to end Transaction "LA" (by name). Please check that you made a call to start transaction operation.	[MsgId: MERR-16985]
Action.c(13): FL	[MsgId: MMSG-17999]
Action.c(15): Error: Failed to end Transaction "GA" (by name). Please check that you made a call to start transaction operation.	[MsgId: MERR-16985]
Action.c(13): CT	[MsgId: MMSG-17999]
Action.c(15): Error: Failed to end Transaction "DE" (by name). Please check that you made a call to start transaction operation.	[MsgId: MERR-16985]
Action.c(13): KY	[MsgId: MMSG-17999]
Action.c(15): Error: Failed to end Transaction "LA" (by name). Please check that you made a call to start transaction operation.	[MsgId: MERR-16985]
Action.c(13): IN	[MsgId: MMSG-17999]
Action.c(15): Error: Failed to end Transaction "IA" (by name). Please check that you made a call to start transaction operation.	[MsgId: MERR-16985]
Action.c(13): MD	[MsgId: MMSG-17999]
Action.c(15): Error: Failed to end Transaction "MH" (by name). Please check that you made a call to start transaction operation.	[MsgId: MERR-16985]
Action.c(13): HI	[MsgId: MMSG-17999]
Action.c(15): Error: Failed to end Transaction "ID" (by name). Please check that you made a call to start transaction operation.	[MsgId: MERR-16985]
Action.c(13): FL	[MsgId: MMSG-17999]
Action.c(15): Error: Failed to end Transaction "GA" (by name). Please check that you made a call to start transaction operation.	[MsgId: MERR-16985]
Action.c(13): MD	[MsgId: MMSG-17999]
Action.c(15): Error: Failed to end Transaction "MH" (by name). Please check that you made a call to start transaction operation.	[MsgId: MERR-16985]
Action.c(13): KY	[MsgId: MMSG-17999]
Action.c(15): Error: Failed to end Transaction "LA" (by name). Please check that you made a call to start transaction operation.	[MsgId: MERR-16985]
Action.c(13): MI	[MsgId: MMSG-17999]
Action.c(15): Error: Failed to end Transaction "FM" (by name). Please check that you made a call to start transaction operation.	[MsgId: MERR-16985]
Action.c(13): IN	[MsgId: MMSG-17999]
Action.c(15): Error: Failed to end Transaction "IA" (by name). Please check that you made a call to start transaction operation.	[MsgId: MERR-16985]
Action.c(13): HI	[MsgId: MMSG-17999]
Action.c(15): Error: Failed to end Transaction "ID" (by name). Please check that you made a call to start transaction operation.	[MsgId: MERR-16985]
Action.c(13): MI	[MsgId: MMSG-17999]
Action.c(15): Error: Failed to end Transaction "FM" (by name). Please check that you made a call to start transaction operation.	[MsgId: MERR-16985]
Action.c(13): MD	[MsgId: MMSG-17999]
Action.c(15): Error: Failed to end Transaction "MH" (by name). Please check that you made a call to start transaction operation.	[MsgId: MERR-16985]
Action.c(13): MS	[MsgId: MMSG-17999]
Action.c(15): Error: Failed to end Transaction "MO" (by name). Please check that you made a call to start transaction operation.	[MsgId: MERR-16985]
Action.c(13): IN	[MsgId: MMSG-17999]
Action.c(15): Error: Failed to end Transaction "IA" (by name). Please check that you made a call to start transaction operation.	[MsgId: MERR-16985]
Action.c(13): KY	[MsgId: MMSG-17999]
Action.c(15): Error: Failed to end Transaction "LA" (by name). Please check that you made a call to start transaction operation.	[MsgId: MERR-16985]
Action.c(13): MS	[MsgId: MMSG-17999]
Action.c(15): Error: Failed to end Transaction "MO" (by name). Please check that you made a call to start transaction operation.	[MsgId: MERR-16985]
Action.c(13): MI	[MsgId: MMSG-17999]
Action.c(15): Error: Failed to end Transaction "FM" (by name). Please check that you made a call to start transaction operation.	[MsgId: MERR-16985]
Action.c(13): NE	[MsgId: MMSG-17999]
Action.c(15): Error: Failed to end Transaction "NV" (by name). Please check that you made a call to start transaction operation.	[MsgId: MERR-16985]
Action.c(13): MD	[MsgId: MMSG-17999]
Action.c(15): Error: Failed to end Transaction "MH" (by name). Please check that you made a call to start transaction operation.	[MsgId: MERR-16985]
Action.c(13): KY	[MsgId: MMSG-17999]
Action.c(15): Error: Failed to end Transaction "LA" (by name). Please check that you made a call to start transaction operation.	[MsgId: MERR-16985]
Action.c(13): NE	[MsgId: MMSG-17999]
Action.c(15): Error: Failed to end Transaction "NV" (by name). Please check that you made a call to start transaction operation.	[MsgId: MERR-16985]
Action.c(13): MS	[MsgId: MMSG-17999]
Action.c(15): Error: Failed to end Transaction "MO" (by name). Please check that you made a call to start transaction operation.	[MsgId: MERR-16985]
Action.c(13): NJ	[MsgId: MMSG-17999]
Action.c(15): Error: Failed to end Transaction "NM" (by name). Please check that you made a call to start transaction operation.	[MsgId: MERR-16985]
Action.c(13): MI	[MsgId: MMSG-17999]
Action.c(15): Error: Failed to end Transaction "FM" (by name). Please check that you made a call to start transaction operation.	[MsgId: MERR-16985]
Action.c(13): MD	[MsgId: MMSG-17999]
Action.c(15): Error: Failed to end Transaction "MH" (by name). Please check that you made a call to start transaction operation.	[MsgId: MERR-16985]
Action.c(13): NJ	[MsgId: MMSG-17999]
Action.c(15): Error: Failed to end Transaction "NM" (by name). Please check that you made a call to start transaction operation.	[MsgId: MERR-16985]
Action.c(13): NE	[MsgId: MMSG-17999]
Action.c(15): Error: Failed to end Transaction "NV" (by name). Please check that you made a call to start transaction operation.	[MsgId: MERR-16985]
Action.c(13): NC	[MsgId: MMSG-17999]
Action.c(15): Error: Failed to end Transaction "ND" (by name). Please check that you made a call to start transaction operation.	[MsgId: MERR-16985]
Action.c(13): MI	[MsgId: MMSG-17999]
Action.c(15): Error: Failed to end Transaction "FM" (by name). Please check that you made a call to start transaction operation.	[MsgId: MERR-16985]
Action.c(13): MS	[MsgId: MMSG-17999]
Action.c(15): Error: Failed to end Transaction "MO" (by name). Please check that you made a call to start transaction operation.	[MsgId: MERR-16985]
Action.c(13): NC	[MsgId: MMSG-17999]
Action.c(15): Error: Failed to end Transaction "ND" (by name). Please check that you made a call to start transaction operation.	[MsgId: MERR-16985]
Action.c(13): NJ	[MsgId: MMSG-17999]
Action.c(15): Error: Failed to end Transaction "NM" (by name). Please check that you made a call to start transaction operation.	[MsgId: MERR-16985]
Action.c(13): OH	[MsgId: MMSG-17999]
Action.c(15): Error: Failed to end Transaction "OK" (by name). Please check that you made a call to start transaction operation.	[MsgId: MERR-16985]
Action.c(13): MS	[MsgId: MMSG-17999]
Action.c(15): Error: Failed to end Transaction "MO" (by name). Please check that you made a call to start transaction operation.	[MsgId: MERR-16985]
Action.c(13): NE	[MsgId: MMSG-17999]
Action.c(15): Error: Failed to end Transaction "NV" (by name). Please check that you made a call to start transaction operation.	[MsgId: MERR-16985]
Action.c(13): OH	[MsgId: MMSG-17999]
Action.c(15): Error: Failed to end Transaction "OK" (by name). Please check that you made a call to start transaction operation.	[MsgId: MERR-16985]
Action.c(13): NC	[MsgId: MMSG-17999]
Action.c(15): Error: Failed to end Transaction "ND" (by name). Please check that you made a call to start transaction operation.	[MsgId: MERR-16985]
Action.c(13): PW	[MsgId: MMSG-17999]
Action.c(15): Error: Failed to end Transaction "PA" (by name). Please check that you made a call to start transaction operation.	[MsgId: MERR-16985]
Action.c(13): NJ	[MsgId: MMSG-17999]
Action.c(15): Error: Failed to end Transaction "NM" (by name). Please check that you made a call to start transaction operation.	[MsgId: MERR-16985]
Action.c(13): NE	[MsgId: MMSG-17999]
Action.c(15): Error: Failed to end Transaction "NV" (by name). Please check that you made a call to start transaction operation.	[MsgId: MERR-16985]
Action.c(13): PW	[MsgId: MMSG-17999]
Action.c(15): Error: Failed to end Transaction "PA" (by name). Please check that you made a call to start transaction operation.	[MsgId: MERR-16985]
Action.c(13): OH	[MsgId: MMSG-17999]
Action.c(15): Error: Failed to end Transaction "OK" (by name). Please check that you made a call to start transaction operation.	[MsgId: MERR-16985]
Action.c(13): RI	[MsgId: MMSG-17999]
Action.c(15): Error: Failed to end Transaction "SC" (by name). Please check that you made a call to start transaction operation.	[MsgId: MERR-16985]
Action.c(13): NC	[MsgId: MMSG-17999]
Action.c(15): Error: Failed to end Transaction "ND" (by name). Please check that you made a call to start transaction operation.	[MsgId: MERR-16985]
Action.c(13): NJ	[MsgId: MMSG-17999]
Action.c(15): Error: Failed to end Transaction "NM" (by name). Please check that you made a call to start transaction operation.	[MsgId: MERR-16985]
Action.c(13): RI	[MsgId: MMSG-17999]
Action.c(15): Error: Failed to end Transaction "SC" (by name). Please check that you made a call to start transaction operation.	[MsgId: MERR-16985]
Action.c(13): PW	[MsgId: MMSG-17999]
Action.c(15): Error: Failed to end Transaction "PA" (by name). Please check that you made a call to start transaction operation.	[MsgId: MERR-16985]
Action.c(13): TN	[MsgId: MMSG-17999]
Action.c(15): Error: Failed to end Transaction "TX" (by name). Please check that you made a call to start transaction operation.	[MsgId: MERR-16985]
Action.c(13): NC	[MsgId: MMSG-17999]
Action.c(15): Error: Failed to end Transaction "ND" (by name). Please check that you made a call to start transaction operation.	[MsgId: MERR-16985]
Action.c(13): OH	[MsgId: MMSG-17999]
Action.c(15): Error: Failed to end Transaction "OK" (by name). Please check that you made a call to start transaction operation.	[MsgId: MERR-16985]
Action.c(13): TN	[MsgId: MMSG-17999]
Action.c(15): Error: Failed to end Transaction "TX" (by name). Please check that you made a call to start transaction operation.	[MsgId: MERR-16985]
Action.c(13): RI	[MsgId: MMSG-17999]
Action.c(15): Error: Failed to end Transaction "SC" (by name). Please check that you made a call to start transaction operation.	[MsgId: MERR-16985]
Action.c(13): VT	[MsgId: MMSG-17999]
Action.c(15): Error: Failed to end Transaction "VA" (by name). Please check that you made a call to start transaction operation.	[MsgId: MERR-16985]
Action.c(13): PW	[MsgId: MMSG-17999]
Action.c(15): Error: Failed to end Transaction "PA" (by name). Please check that you made a call to start transaction operation.	[MsgId: MERR-16985]
Action.c(13): OH	[MsgId: MMSG-17999]
Action.c(15): Error: Failed to end Transaction "OK" (by name). Please check that you made a call to start transaction operation.	[MsgId: MERR-16985]
Action.c(13): VT	[MsgId: MMSG-17999]
Action.c(15): Error: Failed to end Transaction "VA" (by name). Please check that you made a call to start transaction operation.	[MsgId: MERR-16985]
Action.c(13): TN	[MsgId: MMSG-17999]
Action.c(15): Error: Failed to end Transaction "TX" (by name). Please check that you made a call to start transaction operation.	[MsgId: MERR-16985]
Action.c(13): WA	[MsgId: MMSG-17999]
Action.c(15): Error: Failed to end Transaction "WV" (by name). Please check that you made a call to start transaction operation.	[MsgId: MERR-16985]
Action.c(13): PW	[MsgId: MMSG-17999]
Action.c(15): Error: Failed to end Transaction "PA" (by name). Please check that you made a call to start transaction operation.	[MsgId: MERR-16985]
Action.c(13): RI	[MsgId: MMSG-17999]
Action.c(15): Error: Failed to end Transaction "SC" (by name). Please check that you made a call to start transaction operation.	[MsgId: MERR-16985]
Action.c(13): WA	[MsgId: MMSG-17999]
Action.c(15): Error: Failed to end Transaction "WV" (by name). Please check that you made a call to start transaction operation.	[MsgId: MERR-16985]
Action.c(13): VT	[MsgId: MMSG-17999]
Action.c(15): Error: Failed to end Transaction "VA" (by name). Please check that you made a call to start transaction operation.	[MsgId: MERR-16985]
Action.c(13): WY	[MsgId: MMSG-17999]
Action.c(13): RI	[MsgId: MMSG-17999]
Action.c(15): Error: Failed to end Transaction "SC" (by name). Please check that you made a call to start transaction operation.	[MsgId: MERR-16985]
Action.c(13): TN	[MsgId: MMSG-17999]
Action.c(15): Error: Failed to end Transaction "TX" (by name). Please check that you made a call to start transaction operation.	[MsgId: MERR-16985]
Action.c(13): WY	[MsgId: MMSG-17999]
Action.c(13): WA	[MsgId: MMSG-17999]
Action.c(15): Error: Failed to end Transaction "WV" (by name). Please check that you made a call to start transaction operation.	[MsgId: MERR-16985]
Action.c(13): AS	[MsgId: MMSG-17999]
Action.c(13): TN	[MsgId: MMSG-17999]
Action.c(15): Error: Failed to end Transaction "TX" (by name). Please check that you made a call to start transaction operation.	[MsgId: MERR-16985]
Action.c(13): VT	[MsgId: MMSG-17999]
Action.c(15): Error: Failed to end Transaction "VA" (by name). Please check that you made a call to start transaction operation.	[MsgId: MERR-16985]
Action.c(13): AS	[MsgId: MMSG-17999]
Action.c(13): WY	[MsgId: MMSG-17999]
Action.c(13): CA	[MsgId: MMSG-17999]
Action.c(13): WA	[MsgId: MMSG-17999]
Action.c(15): Error: Failed to end Transaction "WV" (by name). Please check that you made a call to start transaction operation.	[MsgId: MERR-16985]
Action.c(13): VT	[MsgId: MMSG-17999]
Action.c(15): Error: Failed to end Transaction "VA" (by name). Please check that you made a call to start transaction operation.	[MsgId: MERR-16985]
Action.c(13): CA	[MsgId: MMSG-17999]
Action.c(13): AS	[MsgId: MMSG-17999]
Action.c(13): DE	[MsgId: MMSG-17999]
Action.c(13): WY	[MsgId: MMSG-17999]
Action.c(13): WA	[MsgId: MMSG-17999]
Action.c(15): Error: Failed to end Transaction "WV" (by name). Please check that you made a call to start transaction operation.	[MsgId: MERR-16985]
Action.c(13): DE	[MsgId: MMSG-17999]
Action.c(13): CA	[MsgId: MMSG-17999]
Action.c(13): GA	[MsgId: MMSG-17999]
Action.c(13): WY	[MsgId: MMSG-17999]
Action.c(13): AS	[MsgId: MMSG-17999]
Action.c(13): GA	[MsgId: MMSG-17999]
Action.c(13): DE	[MsgId: MMSG-17999]
Action.c(13): ID	[MsgId: MMSG-17999]
Action.c(13): CA	[MsgId: MMSG-17999]
Action.c(13): AS	[MsgId: MMSG-17999]
Action.c(13): ID	[MsgId: MMSG-17999]
Action.c(13): GA	[MsgId: MMSG-17999]
Action.c(13): IA	[MsgId: MMSG-17999]
Action.c(13): DE	[MsgId: MMSG-17999]
Action.c(13): CA	[MsgId: MMSG-17999]
Action.c(13): IA	[MsgId: MMSG-17999]
Action.c(13): ID	[MsgId: MMSG-17999]
Action.c(13): LA	[MsgId: MMSG-17999]
Action.c(13): GA	[MsgId: MMSG-17999]
Action.c(13): DE	[MsgId: MMSG-17999]
Action.c(13): LA	[MsgId: MMSG-17999]
Action.c(13): IA	[MsgId: MMSG-17999]
Action.c(13): MH	[MsgId: MMSG-17999]
Action.c(13): GA	[MsgId: MMSG-17999]
Action.c(13): ID	[MsgId: MMSG-17999]
Action.c(13): MH	[MsgId: MMSG-17999]
Action.c(13): LA	[MsgId: MMSG-17999]
Action.c(13): FM	[MsgId: MMSG-17999]
Action.c(13): IA	[MsgId: MMSG-17999]
Action.c(13): ID	[MsgId: MMSG-17999]
Action.c(13): FM	[MsgId: MMSG-17999]
Action.c(13): MH	[MsgId: MMSG-17999]
Action.c(13): MO	[MsgId: MMSG-17999]
Action.c(13): LA	[MsgId: MMSG-17999]
Action.c(13): IA	[MsgId: MMSG-17999]
Action.c(13): MO	[MsgId: MMSG-17999]
Action.c(13): FM	[MsgId: MMSG-17999]
Action.c(13): NV	[MsgId: MMSG-17999]
Action.c(13): MH	[MsgId: MMSG-17999]
Action.c(13): LA	[MsgId: MMSG-17999]
Action.c(13): NV	[MsgId: MMSG-17999]
Action.c(13): MO	[MsgId: MMSG-17999]
Action.c(13): NM	[MsgId: MMSG-17999]
Action.c(13): FM	[MsgId: MMSG-17999]
Action.c(13): MH	[MsgId: MMSG-17999]
Action.c(13): NM	[MsgId: MMSG-17999]
Action.c(13): NV	[MsgId: MMSG-17999]
Action.c(13): ND	[MsgId: MMSG-17999]
Action.c(13): FM	[MsgId: MMSG-17999]
Action.c(13): MO	[MsgId: MMSG-17999]
