Action.c(14): MS	[MsgId: MMSG-17999]
Action.c(14): SD	[MsgId: MMSG-17999]
Action.c(14): MS	[MsgId: MMSG-17999]
Action.c(14): SD	[MsgId: MMSG-17999]
Action.c(14): SC	[MsgId: MMSG-17999]
Action.c(14): MS	[MsgId: MMSG-17999]
Action.c(14): SD	[MsgId: MMSG-17999]
Action.c(14): SC	[MsgId: MMSG-17999]
Action.c(14): MT	[MsgId: MMSG-17999]
Action.c(14): MS	[MsgId: MMSG-17999]
Action.c(14): SD	[MsgId: MMSG-17999]
Action.c(14): SC	[MsgId: MMSG-17999]
Action.c(14): MT	[MsgId: MMSG-17999]
Action.c(14): OR	[MsgId: MMSG-17999]
Action.c(14): MS	[MsgId: MMSG-17999]
Action.c(14): SD	[MsgId: MMSG-17999]
Action.c(14): SC	[MsgId: MMSG-17999]
Action.c(14): MT	[MsgId: MMSG-17999]
Action.c(14): MS	[MsgId: MMSG-17999]
Action.c(14): OR	[MsgId: MMSG-17999]
Action.c(14): SD	[MsgId: MMSG-17999]
Action.c(14): SC	[MsgId: MMSG-17999]
Action.c(14): MT	[MsgId: MMSG-17999]
Action.c(14): OR	[MsgId: MMSG-17999]
Action.c(14): MS	[MsgId: MMSG-17999]
Action.c(14): SD	[MsgId: MMSG-17999]
Action.c(14): SC	[MsgId: MMSG-17999]
Action.c(14): MT	[MsgId: MMSG-17999]
Action.c(14): OR	[MsgId: MMSG-17999]
Action.c(14): MS	[MsgId: MMSG-17999]
Action.c(14): SD	[MsgId: MMSG-17999]
Action.c(14): SC	[MsgId: MMSG-17999]
Action.c(14): MT	[MsgId: MMSG-17999]
Action.c(14): OR	[MsgId: MMSG-17999]
Action.c(14): MS	[MsgId: MMSG-17999]
Action.c(14): SD	[MsgId: MMSG-17999]
Action.c(14): SC	[MsgId: MMSG-17999]
Action.c(14): MT	[MsgId: MMSG-17999]
Action.c(14): OR	[MsgId: MMSG-17999]
Action.c(14): MS	[MsgId: MMSG-17999]
Action.c(14): SD	[MsgId: MMSG-17999]
Action.c(14): SC	[MsgId: MMSG-17999]
Action.c(14): MT	[MsgId: MMSG-17999]
Action.c(14): OR	[MsgId: MMSG-17999]
Action.c(14): MS	[MsgId: MMSG-17999]
Action.c(14): SD	[MsgId: MMSG-17999]
Action.c(14): SC	[MsgId: MMSG-17999]
Action.c(14): MT	[MsgId: MMSG-17999]
Action.c(14): OR	[MsgId: MMSG-17999]
Action.c(14): MS	[MsgId: MMSG-17999]
Action.c(14): SD	[MsgId: MMSG-17999]
Action.c(14): SC	[MsgId: MMSG-17999]
Action.c(14): MT	[MsgId: MMSG-17999]
Action.c(14): OR	[MsgId: MMSG-17999]
Action.c(14): MS	[MsgId: MMSG-17999]
Action.c(14): SD	[MsgId: MMSG-17999]
Action.c(14): SC	[MsgId: MMSG-17999]
Action.c(14): MT	[MsgId: MMSG-17999]
Action.c(14): OR	[MsgId: MMSG-17999]
Action.c(14): MS	[MsgId: MMSG-17999]
Action.c(14): SD	[MsgId: MMSG-17999]
Action.c(14): SC	[MsgId: MMSG-17999]
Action.c(14): MT	[MsgId: MMSG-17999]
Action.c(14): OR	[MsgId: MMSG-17999]
Action.c(14): MS	[MsgId: MMSG-17999]
Action.c(14): SD	[MsgId: MMSG-17999]
Action.c(14): SC	[MsgId: MMSG-17999]
Action.c(14): MT	[MsgId: MMSG-17999]
Action.c(14): OR	[MsgId: MMSG-17999]
Action.c(14): MS	[MsgId: MMSG-17999]
Action.c(14): SD	[MsgId: MMSG-17999]
Action.c(14): SC	[MsgId: MMSG-17999]
Action.c(14): MT	[MsgId: MMSG-17999]
Action.c(14): OR	[MsgId: MMSG-17999]
Action.c(14): MS	[MsgId: MMSG-17999]
Action.c(14): SD	[MsgId: MMSG-17999]
Action.c(14): SC	[MsgId: MMSG-17999]
Action.c(14): MT	[MsgId: MMSG-17999]
Action.c(14): OR	[MsgId: MMSG-17999]
Action.c(14): MS	[MsgId: MMSG-17999]
Action.c(14): SD	[MsgId: MMSG-17999]
Action.c(14): SC	[MsgId: MMSG-17999]
Action.c(14): MT	[MsgId: MMSG-17999]
Action.c(14): OR	[MsgId: MMSG-17999]
Action.c(14): MS	[MsgId: MMSG-17999]
Action.c(14): SD	[MsgId: MMSG-17999]
Action.c(14): SC	[MsgId: MMSG-17999]
Action.c(14): MT	[MsgId: MMSG-17999]
Action.c(14): OR	[MsgId: MMSG-17999]
Action.c(14): MS	[MsgId: MMSG-17999]
Action.c(14): SD	[MsgId: MMSG-17999]
Action.c(14): SC	[MsgId: MMSG-17999]
Action.c(14): MT	[MsgId: MMSG-17999]
Action.c(14): OR	[MsgId: MMSG-17999]
Action.c(14): MS	[MsgId: MMSG-17999]
Action.c(14): SD	[MsgId: MMSG-17999]
Action.c(14): SC	[MsgId: MMSG-17999]
Action.c(14): MT	[MsgId: MMSG-17999]
Action.c(14): OR	[MsgId: MMSG-17999]
Action.c(14): MS	[MsgId: MMSG-17999]
Action.c(14): SD	[MsgId: MMSG-17999]
Action.c(14): SC	[MsgId: MMSG-17999]
Action.c(14): MT	[MsgId: MMSG-17999]
Action.c(14): OR	[MsgId: MMSG-17999]
Action.c(14): MS	[MsgId: MMSG-17999]
Action.c(14): SD	[MsgId: MMSG-17999]
Action.c(14): SC	[MsgId: MMSG-17999]
Action.c(14): MT	[MsgId: MMSG-17999]
Action.c(14): OR	[MsgId: MMSG-17999]
Action.c(14): MS	[MsgId: MMSG-17999]
Action.c(14): SD	[MsgId: MMSG-17999]
Action.c(14): SC	[MsgId: MMSG-17999]
Action.c(14): MT	[MsgId: MMSG-17999]
Action.c(14): OR	[MsgId: MMSG-17999]
Action.c(14): MS	[MsgId: MMSG-17999]
Action.c(14): SD	[MsgId: MMSG-17999]
Action.c(14): SC	[MsgId: MMSG-17999]
Action.c(14): MT	[MsgId: MMSG-17999]
Action.c(14): OR	[MsgId: MMSG-17999]
Action.c(14): MS	[MsgId: MMSG-17999]
Action.c(14): SD	[MsgId: MMSG-17999]
Action.c(14): SC	[MsgId: MMSG-17999]
Action.c(14): MT	[MsgId: MMSG-17999]
Action.c(14): OR	[MsgId: MMSG-17999]
Action.c(14): MS	[MsgId: MMSG-17999]
Action.c(14): SD	[MsgId: MMSG-17999]
Action.c(14): SC	[MsgId: MMSG-17999]
Action.c(14): MT	[MsgId: MMSG-17999]
Action.c(14): OR	[MsgId: MMSG-17999]
Action.c(14): MS	[MsgId: MMSG-17999]
Action.c(14): SD	[MsgId: MMSG-17999]
Action.c(14): SC	[MsgId: MMSG-17999]
Action.c(14): MT	[MsgId: MMSG-17999]
Action.c(14): OR	[MsgId: MMSG-17999]
Action.c(14): MS	[MsgId: MMSG-17999]
Action.c(14): SD	[MsgId: MMSG-17999]
Action.c(14): SC	[MsgId: MMSG-17999]
Action.c(14): MT	[MsgId: MMSG-17999]
Action.c(14): OR	[MsgId: MMSG-17999]
Action.c(14): MS	[MsgId: MMSG-17999]
Action.c(14): SD	[MsgId: MMSG-17999]
Action.c(14): SC	[MsgId: MMSG-17999]
Action.c(14): MT	[MsgId: MMSG-17999]
Action.c(14): OR	[MsgId: MMSG-17999]
Action.c(14): MS	[MsgId: MMSG-17999]
Action.c(14): SD	[MsgId: MMSG-17999]
Action.c(14): SC	[MsgId: MMSG-17999]
Action.c(14): MT	[MsgId: MMSG-17999]
Action.c(14): OR	[MsgId: MMSG-17999]
Action.c(14): MS	[MsgId: MMSG-17999]
Action.c(14): SD	[MsgId: MMSG-17999]
Action.c(14): SC	[MsgId: MMSG-17999]
Action.c(14): MT	[MsgId: MMSG-17999]
Action.c(14): OR	[MsgId: MMSG-17999]
Action.c(14): MS	[MsgId: MMSG-17999]
Action.c(14): SD	[MsgId: MMSG-17999]
Action.c(14): SC	[MsgId: MMSG-17999]
Action.c(14): MT	[MsgId: MMSG-17999]
Action.c(14): OR	[MsgId: MMSG-17999]
Action.c(14): MS	[MsgId: MMSG-17999]
Action.c(14): SD	[MsgId: MMSG-17999]
Action.c(14): SC	[MsgId: MMSG-17999]
Action.c(14): MT	[MsgId: MMSG-17999]
Action.c(14): OR	[MsgId: MMSG-17999]
Action.c(14): MS	[MsgId: MMSG-17999]
Action.c(14): SD	[MsgId: MMSG-17999]
Action.c(14): SC	[MsgId: MMSG-17999]
Action.c(14): MT	[MsgId: MMSG-17999]
Action.c(14): OR	[MsgId: MMSG-17999]
Action.c(14): MS	[MsgId: MMSG-17999]
Action.c(14): SD	[MsgId: MMSG-17999]
Action.c(14): SC	[MsgId: MMSG-17999]
Action.c(14): MT	[MsgId: MMSG-17999]
Action.c(14): OR	[MsgId: MMSG-17999]
Action.c(14): MS	[MsgId: MMSG-17999]
Action.c(14): SD	[MsgId: MMSG-17999]
Action.c(14): SC	[MsgId: MMSG-17999]
Action.c(14): MT	[MsgId: MMSG-17999]
Action.c(14): OR	[MsgId: MMSG-17999]
Action.c(14): MS	[MsgId: MMSG-17999]
Action.c(14): SD	[MsgId: MMSG-17999]
Action.c(14): SC	[MsgId: MMSG-17999]
Action.c(14): MT	[MsgId: MMSG-17999]
Action.c(14): OR	[MsgId: MMSG-17999]
Action.c(14): MS	[MsgId: MMSG-17999]
Action.c(14): SD	[MsgId: MMSG-17999]
Action.c(14): SC	[MsgId: MMSG-17999]
Action.c(14): MT	[MsgId: MMSG-17999]
Action.c(14): OR	[MsgId: MMSG-17999]
Action.c(14): MS	[MsgId: MMSG-17999]
Action.c(14): SD	[MsgId: MMSG-17999]
Action.c(14): SC	[MsgId: MMSG-17999]
Action.c(14): MT	[MsgId: MMSG-17999]
Action.c(14): OR	[MsgId: MMSG-17999]
Action.c(14): MS	[MsgId: MMSG-17999]
Action.c(14): SD	[MsgId: MMSG-17999]
Action.c(14): SC	[MsgId: MMSG-17999]
Action.c(14): MT	[MsgId: MMSG-17999]
Action.c(14): OR	[MsgId: MMSG-17999]
Action.c(14): MS	[MsgId: MMSG-17999]
Action.c(14): SD	[MsgId: MMSG-17999]
Action.c(14): SC	[MsgId: MMSG-17999]
Action.c(14): MT	[MsgId: MMSG-17999]
Action.c(14): OR	[MsgId: MMSG-17999]
Action.c(14): MS	[MsgId: MMSG-17999]
Action.c(14): SD	[MsgId: MMSG-17999]
Action.c(14): SC	[MsgId: MMSG-17999]
Action.c(14): MT	[MsgId: MMSG-17999]
Action.c(14): OR	[MsgId: MMSG-17999]
Action.c(14): MS	[MsgId: MMSG-17999]
Action.c(14): SD	[MsgId: MMSG-17999]
Action.c(14): SC	[MsgId: MMSG-17999]
Action.c(14): MT	[MsgId: MMSG-17999]
Action.c(14): OR	[MsgId: MMSG-17999]
Action.c(14): MS	[MsgId: MMSG-17999]
Action.c(14): SD	[MsgId: MMSG-17999]
Action.c(14): SC	[MsgId: MMSG-17999]
Action.c(14): MT	[MsgId: MMSG-17999]
Action.c(14): OR	[MsgId: MMSG-17999]
Action.c(14): MS	[MsgId: MMSG-17999]
Action.c(14): SD	[MsgId: MMSG-17999]
Action.c(14): SC	[MsgId: MMSG-17999]
Action.c(14): MT	[MsgId: MMSG-17999]
Action.c(14): OR	[MsgId: MMSG-17999]
Action.c(14): MS	[MsgId: MMSG-17999]
Action.c(14): SD	[MsgId: MMSG-17999]
Action.c(14): SC	[MsgId: MMSG-17999]
Action.c(14): MT	[MsgId: MMSG-17999]
Action.c(14): OR	[MsgId: MMSG-17999]
Action.c(14): MS	[MsgId: MMSG-17999]
Action.c(14): SD	[MsgId: MMSG-17999]
Action.c(14): SC	[MsgId: MMSG-17999]
Action.c(14): MT	[MsgId: MMSG-17999]
Action.c(14): OR	[MsgId: MMSG-17999]
Action.c(14): MS	[MsgId: MMSG-17999]
Action.c(14): SD	[MsgId: MMSG-17999]
Action.c(14): SC	[MsgId: MMSG-17999]
Action.c(14): MT	[MsgId: MMSG-17999]
Action.c(14): OR	[MsgId: MMSG-17999]
Action.c(14): MS	[MsgId: MMSG-17999]
Action.c(14): SD	[MsgId: MMSG-17999]
Action.c(14): SC	[MsgId: MMSG-17999]
Action.c(14): MT	[MsgId: MMSG-17999]
Action.c(14): OR	[MsgId: MMSG-17999]
Action.c(14): MS	[MsgId: MMSG-17999]
Action.c(14): SD	[MsgId: MMSG-17999]
Action.c(14): SC	[MsgId: MMSG-17999]
Action.c(14): MT	[MsgId: MMSG-17999]
Action.c(14): OR	[MsgId: MMSG-17999]
Action.c(14): MS	[MsgId: MMSG-17999]
Action.c(14): SD	[MsgId: MMSG-17999]
Action.c(14): SC	[MsgId: MMSG-17999]
Action.c(14): MT	[MsgId: MMSG-17999]
Action.c(14): OR	[MsgId: MMSG-17999]
Action.c(14): MS	[MsgId: MMSG-17999]
Action.c(14): SD	[MsgId: MMSG-17999]
Action.c(14): SC	[MsgId: MMSG-17999]
Action.c(14): MT	[MsgId: MMSG-17999]
Action.c(14): OR	[MsgId: MMSG-17999]
Action.c(14): MS	[MsgId: MMSG-17999]
Action.c(14): SD	[MsgId: MMSG-17999]
Action.c(14): SC	[MsgId: MMSG-17999]
Action.c(14): MT	[MsgId: MMSG-17999]
Action.c(14): OR	[MsgId: MMSG-17999]
Action.c(14): MS	[MsgId: MMSG-17999]
Action.c(14): SD	[MsgId: MMSG-17999]
Action.c(14): SC	[MsgId: MMSG-17999]
Action.c(14): MT	[MsgId: MMSG-17999]
Action.c(14): OR	[MsgId: MMSG-17999]
Action.c(14): MS	[MsgId: MMSG-17999]
Action.c(14): SD	[MsgId: MMSG-17999]
Action.c(14): SC	[MsgId: MMSG-17999]
Action.c(14): MT	[MsgId: MMSG-17999]
Action.c(14): OR	[MsgId: MMSG-17999]
Action.c(14): MS	[MsgId: MMSG-17999]
Action.c(14): SD	[MsgId: MMSG-17999]
Action.c(14): SC	[MsgId: MMSG-17999]
Action.c(14): MT	[MsgId: MMSG-17999]
Action.c(14): OR	[MsgId: MMSG-17999]
Action.c(14): MS	[MsgId: MMSG-17999]
Action.c(14): SD	[MsgId: MMSG-17999]
Action.c(14): SC	[MsgId: MMSG-17999]
Action.c(14): MT	[MsgId: MMSG-17999]
Action.c(14): OR	[MsgId: MMSG-17999]
Action.c(14): MS	[MsgId: MMSG-17999]
Action.c(14): SD	[MsgId: MMSG-17999]
Action.c(14): SC	[MsgId: MMSG-17999]
Action.c(14): MT	[MsgId: MMSG-17999]
Action.c(14): OR	[MsgId: MMSG-17999]
Action.c(14): MS	[MsgId: MMSG-17999]
Action.c(14): SD	[MsgId: MMSG-17999]
Action.c(14): SC	[MsgId: MMSG-17999]
Action.c(14): MT	[MsgId: MMSG-17999]
Action.c(14): OR	[MsgId: MMSG-17999]
Action.c(14): MS	[MsgId: MMSG-17999]
Action.c(14): SD	[MsgId: MMSG-17999]
Action.c(14): SC	[MsgId: MMSG-17999]
Action.c(14): MT	[MsgId: MMSG-17999]
Action.c(14): OR	[MsgId: MMSG-17999]
Action.c(14): MS	[MsgId: MMSG-17999]
Action.c(14): SD	[MsgId: MMSG-17999]
Action.c(14): SC	[MsgId: MMSG-17999]
Action.c(14): MT	[MsgId: MMSG-17999]
Action.c(14): OR	[MsgId: MMSG-17999]
Action.c(14): MS	[MsgId: MMSG-17999]
Action.c(14): SD	[MsgId: MMSG-17999]
Action.c(14): SC	[MsgId: MMSG-17999]
Action.c(14): MT	[MsgId: MMSG-17999]
Action.c(14): OR	[MsgId: MMSG-17999]
Action.c(14): MS	[MsgId: MMSG-17999]
Action.c(14): SD	[MsgId: MMSG-17999]
Action.c(14): SC	[MsgId: MMSG-17999]
Action.c(14): MT	[MsgId: MMSG-17999]
Action.c(14): OR	[MsgId: MMSG-17999]
Action.c(14): MS	[MsgId: MMSG-17999]
Action.c(14): SD	[MsgId: MMSG-17999]
Action.c(14): SC	[MsgId: MMSG-17999]
Action.c(14): MT	[MsgId: MMSG-17999]
Action.c(14): OR	[MsgId: MMSG-17999]
Action.c(14): MS	[MsgId: MMSG-17999]
Action.c(14): SD	[MsgId: MMSG-17999]
Action.c(14): SC	[MsgId: MMSG-17999]
Action.c(14): MT	[MsgId: MMSG-17999]
Action.c(14): OR	[MsgId: MMSG-17999]
Action.c(14): MS	[MsgId: MMSG-17999]
Action.c(14): SD	[MsgId: MMSG-17999]
Action.c(14): SC	[MsgId: MMSG-17999]
Action.c(14): MT	[MsgId: MMSG-17999]
Action.c(14): OR	[MsgId: MMSG-17999]
Action.c(14): MS	[MsgId: MMSG-17999]
Action.c(14): SD	[MsgId: MMSG-17999]
Action.c(14): SC	[MsgId: MMSG-17999]
Action.c(14): MT	[MsgId: MMSG-17999]
Action.c(14): OR	[MsgId: MMSG-17999]
Action.c(14): MS	[MsgId: MMSG-17999]
Action.c(14): SD	[MsgId: MMSG-17999]
Action.c(14): SC	[MsgId: MMSG-17999]
Action.c(14): MT	[MsgId: MMSG-17999]
Action.c(14): OR	[MsgId: MMSG-17999]
Action.c(14): MS	[MsgId: MMSG-17999]
Action.c(14): SD	[MsgId: MMSG-17999]
Action.c(14): SC	[MsgId: MMSG-17999]
Action.c(14): MT	[MsgId: MMSG-17999]
Action.c(14): OR	[MsgId: MMSG-17999]
Action.c(14): MS	[MsgId: MMSG-17999]
Action.c(14): SD	[MsgId: MMSG-17999]
Action.c(14): SC	[MsgId: MMSG-17999]
Action.c(14): MT	[MsgId: MMSG-17999]
Action.c(14): OR	[MsgId: MMSG-17999]
Action.c(14): MS	[MsgId: MMSG-17999]
Action.c(14): SD	[MsgId: MMSG-17999]
Action.c(14): SC	[MsgId: MMSG-17999]
Action.c(14): MT	[MsgId: MMSG-17999]
Action.c(14): OR	[MsgId: MMSG-17999]
Action.c(14): MS	[MsgId: MMSG-17999]
Action.c(14): SD	[MsgId: MMSG-17999]
Action.c(14): SC	[MsgId: MMSG-17999]
Action.c(14): MT	[MsgId: MMSG-17999]
Action.c(14): OR	[MsgId: MMSG-17999]
Action.c(14): MS	[MsgId: MMSG-17999]
Action.c(14): SD	[MsgId: MMSG-17999]
Action.c(14): SC	[MsgId: MMSG-17999]
Action.c(14): MT	[MsgId: MMSG-17999]
Action.c(14): OR	[MsgId: MMSG-17999]
Action.c(14): MS	[MsgId: MMSG-17999]
Action.c(14): SD	[MsgId: MMSG-17999]
Action.c(14): SC	[MsgId: MMSG-17999]
Action.c(14): MT	[MsgId: MMSG-17999]
Action.c(14): OR	[MsgId: MMSG-17999]
Action.c(14): MS	[MsgId: MMSG-17999]
Action.c(14): SD	[MsgId: MMSG-17999]
Action.c(14): SC	[MsgId: MMSG-17999]
Action.c(14): MT	[MsgId: MMSG-17999]
Action.c(14): OR	[MsgId: MMSG-17999]
Action.c(14): MS	[MsgId: MMSG-17999]
Action.c(14): SD	[MsgId: MMSG-17999]
Action.c(14): SC	[MsgId: MMSG-17999]
Action.c(14): MT	[MsgId: MMSG-17999]
Action.c(14): OR	[MsgId: MMSG-17999]
Action.c(14): MS	[MsgId: MMSG-17999]
Action.c(14): SD	[MsgId: MMSG-17999]
Action.c(14): SC	[MsgId: MMSG-17999]
Action.c(14): MT	[MsgId: MMSG-17999]
Action.c(14): OR	[MsgId: MMSG-17999]
Action.c(14): MS	[MsgId: MMSG-17999]
Action.c(14): SD	[MsgId: MMSG-17999]
Action.c(14): SC	[MsgId: MMSG-17999]
Action.c(14): MT	[MsgId: MMSG-17999]
Action.c(14): OR	[MsgId: MMSG-17999]
Action.c(14): MS	[MsgId: MMSG-17999]
Action.c(14): SD	[MsgId: MMSG-17999]
Action.c(14): SC	[MsgId: MMSG-17999]
Action.c(14): MT	[MsgId: MMSG-17999]
Action.c(14): OR	[MsgId: MMSG-17999]
Action.c(14): MS	[MsgId: MMSG-17999]
Action.c(14): SD	[MsgId: MMSG-17999]
Action.c(14): SC	[MsgId: MMSG-17999]
Action.c(14): MT	[MsgId: MMSG-17999]
Action.c(14): OR	[MsgId: MMSG-17999]
Action.c(14): MS	[MsgId: MMSG-17999]
Action.c(14): SD	[MsgId: MMSG-17999]
Action.c(14): SC	[MsgId: MMSG-17999]
Action.c(14): MT	[MsgId: MMSG-17999]
Action.c(14): OR	[MsgId: MMSG-17999]
Action.c(14): MS	[MsgId: MMSG-17999]
Action.c(14): SD	[MsgId: MMSG-17999]
Action.c(14): SC	[MsgId: MMSG-17999]
Action.c(14): MT	[MsgId: MMSG-17999]
Action.c(14): OR	[MsgId: MMSG-17999]
Action.c(14): MS	[MsgId: MMSG-17999]
Action.c(14): SD	[MsgId: MMSG-17999]
Action.c(14): SC	[MsgId: MMSG-17999]
Action.c(14): MT	[MsgId: MMSG-17999]
Action.c(14): OR	[MsgId: MMSG-17999]
Action.c(14): MS	[MsgId: MMSG-17999]
Action.c(14): SD	[MsgId: MMSG-17999]
Action.c(14): SC	[MsgId: MMSG-17999]
Action.c(14): MT	[MsgId: MMSG-17999]
Action.c(14): OR	[MsgId: MMSG-17999]
Action.c(14): MS	[MsgId: MMSG-17999]
Action.c(14): SD	[MsgId: MMSG-17999]
Action.c(14): SC	[MsgId: MMSG-17999]
Action.c(14): MT	[MsgId: MMSG-17999]
Action.c(14): OR	[MsgId: MMSG-17999]
Action.c(14): MS	[MsgId: MMSG-17999]
Action.c(14): SD	[MsgId: MMSG-17999]
Action.c(14): SC	[MsgId: MMSG-17999]
Action.c(14): MT	[MsgId: MMSG-17999]
Action.c(14): OR	[MsgId: MMSG-17999]
Action.c(14): MS	[MsgId: MMSG-17999]
Action.c(14): SD	[MsgId: MMSG-17999]
Action.c(14): SC	[MsgId: MMSG-17999]
Action.c(14): MT	[MsgId: MMSG-17999]
Action.c(14): OR	[MsgId: MMSG-17999]
Action.c(14): MS	[MsgId: MMSG-17999]
Action.c(14): SD	[MsgId: MMSG-17999]
Action.c(14): SC	[MsgId: MMSG-17999]
Action.c(14): MT	[MsgId: MMSG-17999]
Action.c(14): OR	[MsgId: MMSG-17999]
Action.c(14): MS	[MsgId: MMSG-17999]
Action.c(14): SD	[MsgId: MMSG-17999]
Action.c(14): SC	[MsgId: MMSG-17999]
Action.c(14): MT	[MsgId: MMSG-17999]
Action.c(14): OR	[MsgId: MMSG-17999]
Action.c(14): MS	[MsgId: MMSG-17999]
Action.c(14): SD	[MsgId: MMSG-17999]
Action.c(14): SC	[MsgId: MMSG-17999]
Action.c(14): MT	[MsgId: MMSG-17999]
Action.c(14): OR	[MsgId: MMSG-17999]
Action.c(14): MS	[MsgId: MMSG-17999]
Action.c(14): SD	[MsgId: MMSG-17999]
Action.c(14): SC	[MsgId: MMSG-17999]
Action.c(14): MT	[MsgId: MMSG-17999]
Action.c(14): OR	[MsgId: MMSG-17999]
Action.c(14): MS	[MsgId: MMSG-17999]
Action.c(14): SD	[MsgId: MMSG-17999]
Action.c(14): SC	[MsgId: MMSG-17999]
Action.c(14): MT	[MsgId: MMSG-17999]
Action.c(14): OR	[MsgId: MMSG-17999]
Action.c(14): MS	[MsgId: MMSG-17999]
Action.c(14): SD	[MsgId: MMSG-17999]
Action.c(14): SC	[MsgId: MMSG-17999]
Action.c(14): MT	[MsgId: MMSG-17999]
Action.c(14): OR	[MsgId: MMSG-17999]
Action.c(14): MS	[MsgId: MMSG-17999]
Action.c(14): SD	[MsgId: MMSG-17999]
Action.c(14): SC	[MsgId: MMSG-17999]
Action.c(14): MT	[MsgId: MMSG-17999]
Action.c(14): OR	[MsgId: MMSG-17999]
Action.c(14): MS	[MsgId: MMSG-17999]
Action.c(14): SD	[MsgId: MMSG-17999]
Action.c(14): SC	[MsgId: MMSG-17999]
Action.c(14): MT	[MsgId: MMSG-17999]
Action.c(14): OR	[MsgId: MMSG-17999]
Action.c(14): MS	[MsgId: MMSG-17999]
Action.c(14): SD	[MsgId: MMSG-17999]
Action.c(14): SC	[MsgId: MMSG-17999]
Action.c(14): MT	[MsgId: MMSG-17999]
Action.c(14): OR	[MsgId: MMSG-17999]
Action.c(14): MS	[MsgId: MMSG-17999]
Action.c(14): SD	[MsgId: MMSG-17999]
Action.c(14): SC	[MsgId: MMSG-17999]
Action.c(14): MT	[MsgId: MMSG-17999]
Action.c(14): OR	[MsgId: MMSG-17999]
Action.c(14): MS	[MsgId: MMSG-17999]
Action.c(14): SD	[MsgId: MMSG-17999]
Action.c(14): SC	[MsgId: MMSG-17999]
Action.c(14): MT	[MsgId: MMSG-17999]
Action.c(14): OR	[MsgId: MMSG-17999]
Action.c(14): MS	[MsgId: MMSG-17999]
Action.c(14): SD	[MsgId: MMSG-17999]
Action.c(14): SC	[MsgId: MMSG-17999]
Action.c(14): MT	[MsgId: MMSG-17999]
Action.c(14): OR	[MsgId: MMSG-17999]
Action.c(14): MS	[MsgId: MMSG-17999]
Action.c(14): SD	[MsgId: MMSG-17999]
Action.c(14): SC	[MsgId: MMSG-17999]
Action.c(14): MT	[MsgId: MMSG-17999]
Action.c(14): OR	[MsgId: MMSG-17999]
Action.c(14): MS	[MsgId: MMSG-17999]
Action.c(14): SD	[MsgId: MMSG-17999]
Action.c(14): SC	[MsgId: MMSG-17999]
Action.c(14): MT	[MsgId: MMSG-17999]
Action.c(14): OR	[MsgId: MMSG-17999]
Action.c(14): MS	[MsgId: MMSG-17999]
Action.c(14): SD	[MsgId: MMSG-17999]
Action.c(14): SC	[MsgId: MMSG-17999]
Action.c(14): MT	[MsgId: MMSG-17999]
Action.c(14): OR	[MsgId: MMSG-17999]
Action.c(14): MS	[MsgId: MMSG-17999]
Action.c(14): SD	[MsgId: MMSG-17999]
Action.c(14): SC	[MsgId: MMSG-17999]
Action.c(14): MT	[MsgId: MMSG-17999]
Action.c(14): OR	[MsgId: MMSG-17999]
Action.c(14): MS	[MsgId: MMSG-17999]
Action.c(14): SD	[MsgId: MMSG-17999]
Action.c(14): SC	[MsgId: MMSG-17999]
Action.c(14): MT	[MsgId: MMSG-17999]
Action.c(14): OR	[MsgId: MMSG-17999]
Action.c(14): MS	[MsgId: MMSG-17999]
Action.c(14): SD	[MsgId: MMSG-17999]
Action.c(14): SC	[MsgId: MMSG-17999]
Action.c(14): MT	[MsgId: MMSG-17999]
Action.c(14): OR	[MsgId: MMSG-17999]
Action.c(14): MS	[MsgId: MMSG-17999]
Action.c(14): SD	[MsgId: MMSG-17999]
Action.c(14): MT	[MsgId: MMSG-17999]
Action.c(14): SC	[MsgId: MMSG-17999]
Action.c(14): OR	[MsgId: MMSG-17999]
Action.c(14): MS	[MsgId: MMSG-17999]
Action.c(14): SD	[MsgId: MMSG-17999]
Action.c(14): SC	[MsgId: MMSG-17999]
Action.c(14): OR	[MsgId: MMSG-17999]
Action.c(14): SD	[MsgId: MMSG-17999]
Action.c(14): MT	[MsgId: MMSG-17999]
Action.c(14): SC	[MsgId: MMSG-17999]
Action.c(14): MT	[MsgId: MMSG-17999]
Action.c(14): OR	[MsgId: MMSG-17999]
Action.c(14): MS	[MsgId: MMSG-17999]
Action.c(14): SD	[MsgId: MMSG-17999]
Action.c(14): SC	[MsgId: MMSG-17999]
Action.c(14): MT	[MsgId: MMSG-17999]
Action.c(14): SD	[MsgId: MMSG-17999]
Action.c(14): OR	[MsgId: MMSG-17999]
Action.c(14): SC	[MsgId: MMSG-17999]
Action.c(14): OR	[MsgId: MMSG-17999]
Action.c(14): MT	[MsgId: MMSG-17999]
Action.c(14): MS	[MsgId: MMSG-17999]
Warning: Iteration pacing cannot be reached (pace time = 1.00, actual time = 1.92).	[MsgId: MWAR-15995]
Action.c(14): MS	[MsgId: MMSG-17999]
Action.c(14): SD	[MsgId: MMSG-17999]
Action.c(14): SC	[MsgId: MMSG-17999]
Action.c(14): MT	[MsgId: MMSG-17999]
Action.c(14): OR	[MsgId: MMSG-17999]
Action.c(14): SD	[MsgId: MMSG-17999]
Action.c(14): SC	[MsgId: MMSG-17999]
Warning: Iteration pacing cannot be reached (pace time = 1.00, actual time = 2.37).	[MsgId: MWAR-15995]
Action.c(14): MT	[MsgId: MMSG-17999]
Warning: Iteration pacing cannot be reached (pace time = 1.00, actual time = 2.33).	[MsgId: MWAR-15995]
Action.c(14): OR	[MsgId: MMSG-17999]
Action.c(14): SD	[MsgId: MMSG-17999]
Action.c(14): MT	[MsgId: MMSG-17999]
Action.c(14): SC	[MsgId: MMSG-17999]
Warning: Iteration pacing cannot be reached (pace time = 1.00, actual time = 1.01).	[MsgId: MWAR-15995]
Action.c(14): OR	[MsgId: MMSG-17999]
Action.c(14): SC	[MsgId: MMSG-17999]
Action.c(14): SD	[MsgId: MMSG-17999]
Action.c(14): MT	[MsgId: MMSG-17999]
Action.c(14): MS	[MsgId: MMSG-17999]
Warning: Iteration pacing cannot be reached (pace time = 1.00, actual time = 4.62).	[MsgId: MWAR-15995]
Action.c(14): MS	[MsgId: MMSG-17999]
Action.c(14): OR	[MsgId: MMSG-17999]
Action.c(14): MT	[MsgId: MMSG-17999]
Action.c(14): OR	[MsgId: MMSG-17999]
Action.c(14): SD	[MsgId: MMSG-17999]
Warning: Iteration pacing cannot be reached (pace time = 1.00, actual time = 1.12).	[MsgId: MWAR-15995]
Action.c(14): MT	[MsgId: MMSG-17999]
Action.c(14): OR	[MsgId: MMSG-17999]
Action.c(14): SD	[MsgId: MMSG-17999]
Action.c(14): SC	[MsgId: MMSG-17999]
Warning: Iteration pacing cannot be reached (pace time = 1.00, actual time = 2.49).	[MsgId: MWAR-15995]
Action.c(14): SC	[MsgId: MMSG-17999]
Action.c(14): MT	[MsgId: MMSG-17999]
Action.c(14): SD	[MsgId: MMSG-17999]
Action.c(14): OR	[MsgId: MMSG-17999]
Action.c(14): MS	[MsgId: MMSG-17999]
Warning: Iteration pacing cannot be reached (pace time = 1.00, actual time = 1.10).	[MsgId: MWAR-15995]
Action.c(14): SC	[MsgId: MMSG-17999]
Action.c(14): MT	[MsgId: MMSG-17999]
Action.c(14): SD	[MsgId: MMSG-17999]
Action.c(14): MS	[MsgId: MMSG-17999]
Action.c(14): OR	[MsgId: MMSG-17999]
Action.c(14): SC	[MsgId: MMSG-17999]
Action.c(14): MT	[MsgId: MMSG-17999]
Action.c(14): OR	[MsgId: MMSG-17999]
Action.c(14): SD	[MsgId: MMSG-17999]
Action.c(14): MS	[MsgId: MMSG-17999]
Action.c(14): SC	[MsgId: MMSG-17999]
Action.c(14): OR	[MsgId: MMSG-17999]
Action.c(14): SC	[MsgId: MMSG-17999]
Action.c(14): SD	[MsgId: MMSG-17999]
Action.c(14): MT	[MsgId: MMSG-17999]
Warning: Iteration pacing cannot be reached (pace time = 1.00, actual time = 1.98).	[MsgId: MWAR-15995]
Action.c(14): MT	[MsgId: MMSG-17999]
Action.c(14): MS	[MsgId: MMSG-17999]
Action.c(14): OR	[MsgId: MMSG-17999]
Action.c(14): SC	[MsgId: MMSG-17999]
Action.c(14): MT	[MsgId: MMSG-17999]
Action.c(14): OR	[MsgId: MMSG-17999]
Action.c(14): MT	[MsgId: MMSG-17999]
Action.c(14): OR	[MsgId: MMSG-17999]
